[0.026s] Invoking command in '/ros2_ws/build/husarion_ugv_gazebo': AMENT_PREFIX_PATH=/ros2_ws/install/husarion_ugv_manager:/ros2_ws/install/husarion_ugv_controller:/ros2_ws/install/husarion_ugv_localization:/ros2_ws/install/husarion_ugv_lights:/ros2_ws/install/husarion_ugv_description:/ros2_ws/install/behaviortree_ros2:/ros2_ws/install/ros_components_description:/ros2_ws/install/mecanum_drive_controller:/ros2_ws/install/imu_sensor_broadcaster:/ros2_ws/install/husarion_ugv_utils:/ros2_ws/install/husarion_ugv_msgs:/ros2_ws/install/husarion_gz_worlds:/ros2_ws/install/btcpp_ros2_interfaces:${AMENT_PREFIX_PATH} CMAKE_PREFIX_PATH=/ros2_ws/install/husarion_ugv_manager:/ros2_ws/install/husarion_ugv_controller:/ros2_ws/install/husarion_ugv_localization:/ros2_ws/install/husarion_ugv_lights:/ros2_ws/install/husarion_ugv_description:/ros2_ws/install/behaviortree_ros2:/ros2_ws/install/ros_components_description:/ros2_ws/install/mecanum_drive_controller:/ros2_ws/install/imu_sensor_broadcaster:/ros2_ws/install/husarion_ugv_utils:/ros2_ws/install/husarion_ugv_msgs:/ros2_ws/install/husarion_gz_worlds:/ros2_ws/install/btcpp_ros2_interfaces:/opt/ros/humble GAZEBO_MODEL_PATH=/ros2_ws/install/husarion_ugv_description/share:/ros2_ws/install/ros_components_description/share:/ros2_ws/install/husarion_gz_worlds/share/husarion_gz_worlds/models GZ_SIM_RESOURCE_PATH=/ros2_ws/install/husarion_ugv_description/share:/ros2_ws/install/ros_components_description/share:/ros2_ws/install/husarion_gz_worlds/share/husarion_gz_worlds/models IGN_GAZEBO_RESOURCE_PATH=/ros2_ws/install/husarion_ugv_description/share:/ros2_ws/install/ros_components_description/share:/ros2_ws/install/husarion_gz_worlds/share/husarion_gz_worlds/models LD_LIBRARY_PATH=/ros2_ws/install/husarion_ugv_manager/lib:/ros2_ws/install/husarion_ugv_lights/lib:/ros2_ws/install/behaviortree_ros2/lib:/ros2_ws/install/mecanum_drive_controller/lib:/ros2_ws/install/imu_sensor_broadcaster/lib:/ros2_ws/install/husarion_ugv_msgs/lib:/ros2_ws/install/btcpp_ros2_interfaces/lib:${LD_LIBRARY_PATH} PYTHONPATH=/ros2_ws/install/husarion_ugv_utils/local/lib/python3.10/dist-packages:/ros2_ws/install/husarion_ugv_msgs/local/lib/python3.10/dist-packages:/ros2_ws/install/btcpp_ros2_interfaces/local/lib/python3.10/dist-packages:${PYTHONPATH} /usr/bin/cmake /ros2_ws/src/husarion_ugv/husarion_ugv_gazebo -DCMAKE_BUILD_TYPE=Release -DBUILD_TESTING=OFF -DAMENT_CMAKE_SYMLINK_INSTALL=1 -DCMAKE_INSTALL_PREFIX=/ros2_ws/install/husarion_ugv_gazebo
[0.084s] -- The C compiler identification is GNU 11.4.0
[0.137s] -- The CXX compiler identification is GNU 11.4.0
[0.144s] -- Detecting C compiler ABI info
[0.217s] -- Detecting C compiler ABI info - done
[0.224s] -- Check for working C compiler: /usr/bin/cc - skipped
[0.224s] -- Detecting C compile features
[0.224s] -- Detecting C compile features - done
[0.228s] -- Detecting CXX compiler ABI info
[0.309s] -- Detecting CXX compiler ABI info - done
[0.316s] -- Check for working CXX compiler: /usr/bin/c++ - skipped
[0.316s] -- Detecting CXX compile features
[0.317s] -- Detecting CXX compile features - done
[0.322s] -- Found ament_cmake: 1.3.9 (/opt/ros/humble/share/ament_cmake/cmake)
[0.453s] -- Found Python3: /usr/bin/python3 (found version "3.10.12") found components: Interpreter 
[0.511s] -- Override CMake install command with custom implementation using symlinks instead of copying resources
[0.571s] -- Found hardware_interface: 2.47.0 (/opt/ros/humble/share/hardware_interface/cmake)
[0.640s] -- Found rosidl_generator_c: 3.1.5 (/opt/ros/humble/share/rosidl_generator_c/cmake)
[0.650s] -- Found rosidl_adapter: 3.1.5 (/opt/ros/humble/share/rosidl_adapter/cmake)
[0.664s] -- Found rosidl_generator_cpp: 3.1.5 (/opt/ros/humble/share/rosidl_generator_cpp/cmake)
[0.683s] -- Using all available rosidl_typesupport_c: rosidl_typesupport_fastrtps_c;rosidl_typesupport_introspection_c
[0.710s] -- Using all available rosidl_typesupport_cpp: rosidl_typesupport_fastrtps_cpp;rosidl_typesupport_introspection_cpp
[1.411s] -- Found rmw_implementation_cmake: 6.1.2 (/opt/ros/humble/share/rmw_implementation_cmake/cmake)
[1.417s] -- Found rmw_fastrtps_cpp: 6.2.6 (/opt/ros/humble/share/rmw_fastrtps_cpp/cmake)
[1.466s] -- Found TinyXML2 via Config file: TinyXML2_DIR-NOTFOUND
[1.529s] -- Found OpenSSL: /usr/lib/x86_64-linux-gnu/libcrypto.so (found version "3.0.2")  
[1.532s] -- Found TinyXML2 via Config file: TinyXML2_DIR-NOTFOUND
[1.546s] -- Found FastRTPS: /opt/ros/humble/include  
[1.555s] -- Found TinyXML2 via Config file: TinyXML2_DIR-NOTFOUND
[1.564s] -- Found TinyXML2 via Config file: TinyXML2_DIR-NOTFOUND
[1.573s] -- Using RMW implementation 'rmw_fastrtps_cpp' as default
[1.591s] -- Looking for pthread.h
[1.669s] -- Looking for pthread.h - found
[1.669s] -- Performing Test CMAKE_HAVE_LIBC_PTHREAD
[1.747s] -- Performing Test CMAKE_HAVE_LIBC_PTHREAD - Success
[1.748s] -- Found Threads: TRUE  
[1.911s] -- Looking for ignition-gazebo6 -- found version 6.16.0
[1.921s] -- Searching for dependencies of ignition-gazebo6
[1.926s] -- Looking for sdformat12 -- found version 12.7.2
[1.926s] -- Searching for dependencies of sdformat12
[1.932s] -- Checking for module 'tinyxml2'
[1.948s] --   Found tinyxml2, version 9.0.0
[1.992s] -- Looking for ignition-math6 -- found version 6.15.1
[1.992s] -- Searching for dependencies of ignition-math6
[1.998s] -- Looking for ignition-utils1 -- found version 1.5.1
[1.998s] -- Searching for dependencies of ignition-utils1
[2.005s] -- Looking for ignition-plugin1 -- found version 1.4.0
[2.005s] -- Searching for dependencies of ignition-plugin1
[2.006s] -- Searching for <ignition-plugin1> component [loader]
[2.011s] -- Looking for ignition-plugin1-loader -- found version 1.4.0
[2.011s] -- Searching for dependencies of ignition-plugin1-loader
[2.012s] -- Searching for <ignition-plugin1> component [register]
[2.017s] -- Looking for ignition-plugin1-register -- found version 1.4.0
[2.018s] -- Searching for dependencies of ignition-plugin1-register
[2.023s] -- Looking for ignition-transport11 -- found version 11.4.1
[2.024s] -- Searching for dependencies of ignition-transport11
[2.055s] -- Found Protobuf: /usr/lib/x86_64-linux-gnu/libprotobuf.so (found version "3.12.4") 
[2.073s] -- Config-file not installed for ZeroMQ -- checking for pkg-config
[2.078s] -- Checking for module 'libzmq >= 4'
[2.096s] --   Found libzmq , version 4.3.4
[2.140s] -- Found ZeroMQ: TRUE (Required is at least version "4") 
[2.146s] -- Checking for module 'uuid'
[2.162s] --   Found uuid, version 2.37.2
[2.203s] -- Found UUID: TRUE  
[2.203s] -- Looking for ignition-utils1 -- found version 1.5.1
[2.204s] -- Searching for dependencies of ignition-utils1
[2.204s] -- Searching for <ignition-utils1> component [cli]
[2.209s] -- Looking for ignition-utils1-cli -- found version 1.5.1
[2.210s] -- Searching for dependencies of ignition-utils1-cli
[2.215s] -- Looking for ignition-msgs8 -- found version 8.7.0
[2.216s] -- Searching for dependencies of ignition-msgs8
[2.241s] -- Found Protobuf: /usr/lib/x86_64-linux-gnu/libprotobuf.so (found suitable version "3.12.4", minimum required is "3") 
[2.242s] -- Looking for ignition-math6 -- found version 6.15.1
[2.250s] -- Searching for <ignition-transport11> component [log]
[2.256s] -- Looking for ignition-transport11-log -- found version 11.4.1
[2.256s] -- Searching for dependencies of ignition-transport11-log
[2.257s] -- Searching for <ignition-transport11> component [parameters]
[2.262s] -- Looking for ignition-transport11-parameters -- found version 11.4.1
[2.262s] -- Searching for dependencies of ignition-transport11-parameters
[2.263s] -- Looking for ignition-msgs8 -- found version 8.7.0
[2.269s] -- Looking for ignition-common4 -- found version 4.7.0
[2.269s] -- Searching for dependencies of ignition-common4
[2.270s] -- Looking for dlfcn.h - found
[2.270s] -- Looking for libdl - found
[2.272s] -- Found DL: TRUE  
[2.279s] -- Searching for <ignition-common4> component [profiler]
[2.284s] -- Looking for ignition-common4-profiler -- found version 4.7.0
[2.285s] -- Searching for dependencies of ignition-common4-profiler
[2.285s] -- Searching for <ignition-common4> component [events]
[2.291s] -- Looking for ignition-common4-events -- found version 4.7.0
[2.291s] -- Searching for dependencies of ignition-common4-events
[2.292s] -- Looking for ignition-math6 -- found version 6.15.1
[2.292s] -- Searching for <ignition-common4> component [av]
[2.297s] -- Looking for ignition-common4-av -- found version 4.7.0
[2.298s] -- Searching for dependencies of ignition-common4-av
[2.303s] -- Checking for module 'libswscale'
[2.319s] --   Found libswscale, version 5.9.100
[2.359s] -- Found SWSCALE: TRUE  
[2.364s] -- Checking for module 'libavdevice >= 56.4.100'
[2.381s] --   Found libavdevice , version 58.13.100
[2.426s] -- Found AVDEVICE: TRUE (Required is at least version "56.4.100") 
[2.431s] -- Checking for module 'libavformat'
[2.447s] --   Found libavformat, version 58.76.100
[2.490s] -- Found AVFORMAT: TRUE  
[2.495s] -- Checking for module 'libavcodec'
[2.511s] --   Found libavcodec, version 58.134.100
[2.552s] -- Found AVCODEC: TRUE  
[2.558s] -- Checking for module 'libavutil'
[2.574s] --   Found libavutil, version 56.70.100
[2.614s] -- Found AVUTIL: TRUE  
[2.620s] -- Looking for ignition-fuel_tools7 -- found version 7.3.0
[2.620s] -- Searching for dependencies of ignition-fuel_tools7
[2.715s] -- Found CURL: /usr/lib/x86_64-linux-gnu/libcurl.so (found version "7.81.0")  
[2.727s] -- Checking for module 'jsoncpp'
[2.743s] --   Found jsoncpp, version 1.9.5
[2.783s] -- Found JSONCPP: TRUE  
[2.788s] -- Checking for module 'libzip'
[2.804s] --   Found libzip, version 1.7.3
[2.844s] -- Found ZIP: TRUE  
[2.844s] -- Looking for ignition-common4 -- found version 4.7.0
[2.845s] -- Looking for ignition-math6 -- found version 6.15.1
[2.845s] -- Looking for ignition-msgs8 -- found version 8.7.0
[2.851s] -- Looking for ignition-gui6 -- found version 6.8.0
[2.852s] -- Searching for dependencies of ignition-gui6
[2.885s] -- Looking for ignition-math6 -- found version 6.15.1
[2.885s] -- Looking for ignition-common4 -- found version 4.7.0
[2.885s] -- Looking for ignition-plugin1 -- found version 1.4.0
[2.886s] -- Looking for ignition-transport11 -- found version 11.4.1
[2.891s] -- Looking for ignition-rendering6 -- found version 6.6.3
[2.891s] -- Searching for dependencies of ignition-rendering6
[2.892s] -- Looking for ignition-math6 -- found version 6.15.1
[2.892s] -- Searching for dependencies of ignition-math6
[2.893s] -- Searching for <ignition-math6> component [eigen3]
[2.898s] -- Looking for ignition-math6-eigen3 -- found version 6.15.1
[2.898s] -- Searching for dependencies of ignition-math6-eigen3
[2.910s] -- Looking for ignition-common4 -- found version 4.7.0
[2.910s] -- Searching for dependencies of ignition-common4
[2.911s] -- Looking for dlfcn.h - found
[2.911s] -- Looking for libdl - found
[2.919s] -- Searching for <ignition-common4> component [graphics]
[2.924s] -- Looking for ignition-common4-graphics -- found version 4.7.0
[2.925s] -- Searching for dependencies of ignition-common4-graphics
[2.925s] -- Looking for ignition-math6 -- found version 6.15.1
[2.925s] -- Looking for ignition-utils1 -- found version 1.5.1
[2.926s] -- Searching for <ignition-common4> component [events]
[2.927s] -- Looking for ignition-plugin1 -- found version 1.4.0
[2.927s] -- Searching for dependencies of ignition-plugin1
[2.927s] -- Searching for <ignition-plugin1> component [all]
[2.932s] -- Looking for all libraries of ignition-plugin1 -- found version 1.4.0
[2.933s] -- Looking for ignition-plugin1 -- found version 1.4.0
[2.935s] -- Looking for ignition-msgs8 -- found version 8.7.0
[2.963s] -- Looking for ignition-physics5 -- found version 5.3.2
[2.963s] -- Searching for dependencies of ignition-physics5
[2.964s] -- Looking for ignition-math6 -- found version 6.15.1
[2.964s] -- Looking for ignition-plugin1 -- found version 1.4.0
[2.964s] -- Looking for ignition-utils1 -- found version 1.5.1
[2.966s] -- Searching for <ignition-physics5> component [heightmap]
[2.971s] -- Looking for ignition-physics5-heightmap -- found version 5.3.2
[2.971s] -- Searching for dependencies of ignition-physics5-heightmap
[2.971s] -- Looking for ignition-common4 -- found version 4.7.0
[2.972s] -- Searching for <ignition-physics5> component [mesh]
[2.977s] -- Looking for ignition-physics5-mesh -- found version 5.3.2
[2.977s] -- Searching for dependencies of ignition-physics5-mesh
[2.978s] -- Looking for ignition-common4 -- found version 4.7.0
[2.978s] -- Searching for <ignition-physics5> component [sdf]
[2.983s] -- Looking for ignition-physics5-sdf -- found version 5.3.2
[2.984s] -- Searching for dependencies of ignition-physics5-sdf
[2.984s] -- Looking for sdformat12 -- found version 12.7.2
[2.990s] -- Looking for ignition-sensors6 -- found version 6.8.0
[2.990s] -- Searching for dependencies of ignition-sensors6
[3.015s] -- Found Protobuf: /usr/lib/x86_64-linux-gnu/libprotobuf.so (found version "3.12.4") 
[3.016s] -- Looking for ignition-math6 -- found version 6.15.1
[3.017s] -- Looking for ignition-common4 -- found version 4.7.0
[3.017s] -- Looking for ignition-transport11 -- found version 11.4.1
[3.017s] -- Looking for ignition-rendering6 -- found version 6.6.3
[3.018s] -- Looking for ignition-msgs8 -- found version 8.7.0
[3.018s] -- Looking for sdformat12 -- found version 12.7.2
[3.019s] -- Searching for <ignition-sensors6> component [air_pressure]
[3.024s] -- Looking for ignition-sensors6-air_pressure -- found version 6.8.0
[3.024s] -- Searching for dependencies of ignition-sensors6-air_pressure
[3.025s] -- Searching for <ignition-sensors6> component [altimeter]
[3.030s] -- Looking for ignition-sensors6-altimeter -- found version 6.8.0
[3.030s] -- Searching for dependencies of ignition-sensors6-altimeter
[3.031s] -- Searching for <ignition-sensors6> component [imu]
[3.036s] -- Looking for ignition-sensors6-imu -- found version 6.8.0
[3.036s] -- Searching for dependencies of ignition-sensors6-imu
[3.037s] -- Searching for <ignition-sensors6> component [force_torque]
[3.042s] -- Looking for ignition-sensors6-force_torque -- found version 6.8.0
[3.042s] -- Searching for dependencies of ignition-sensors6-force_torque
[3.043s] -- Searching for <ignition-sensors6> component [logical_camera]
[3.048s] -- Looking for ignition-sensors6-logical_camera -- found version 6.8.0
[3.048s] -- Searching for dependencies of ignition-sensors6-logical_camera
[3.049s] -- Searching for <ignition-sensors6> component [magnetometer]
[3.054s] -- Looking for ignition-sensors6-magnetometer -- found version 6.8.0
[3.054s] -- Searching for dependencies of ignition-sensors6-magnetometer
[3.055s] -- Searching for <ignition-sensors6> component [navsat]
[3.060s] -- Looking for ignition-sensors6-navsat -- found version 6.8.0
[3.060s] -- Searching for dependencies of ignition-sensors6-navsat
[3.061s] -- Searching for <ignition-sensors6> component [rendering]
[3.066s] -- Looking for ignition-sensors6-rendering -- found version 6.8.0
[3.067s] -- Searching for dependencies of ignition-sensors6-rendering
[3.067s] -- Searching for <ignition-sensors6> component [lidar]
[3.072s] -- Looking for ignition-sensors6-lidar -- found version 6.8.0
[3.073s] -- Searching for dependencies of ignition-sensors6-lidar
[3.073s] -- Looking for ignition-sensors6 -- found version 6.8.0
[3.074s] -- Searching for <ignition-sensors6> component [gpu_lidar]
[3.079s] -- Looking for ignition-sensors6-gpu_lidar -- found version 6.8.0
[3.079s] -- Searching for dependencies of ignition-sensors6-gpu_lidar
[3.080s] -- Looking for ignition-sensors6 -- found version 6.8.0
[3.080s] -- Searching for <ignition-sensors6> component [camera]
[3.085s] -- Looking for ignition-sensors6-camera -- found version 6.8.0
[3.086s] -- Searching for dependencies of ignition-sensors6-camera
[3.086s] -- Looking for ignition-sensors6 -- found version 6.8.0
[3.087s] -- Searching for <ignition-sensors6> component [boundingbox_camera]
[3.092s] -- Looking for ignition-sensors6-boundingbox_camera -- found version 6.8.0
[3.092s] -- Searching for dependencies of ignition-sensors6-boundingbox_camera
[3.093s] -- Searching for <ignition-sensors6> component [segmentation_camera]
[3.098s] -- Looking for ignition-sensors6-segmentation_camera -- found version 6.8.0
[3.099s] -- Searching for dependencies of ignition-sensors6-segmentation_camera
[3.099s] -- Searching for <ignition-sensors6> component [depth_camera]
[3.104s] -- Looking for ignition-sensors6-depth_camera -- found version 6.8.0
[3.105s] -- Searching for dependencies of ignition-sensors6-depth_camera
[3.105s] -- Looking for ignition-sensors6 -- found version 6.8.0
[3.106s] -- Searching for <ignition-sensors6> component [rgbd_camera]
[3.111s] -- Looking for ignition-sensors6-rgbd_camera -- found version 6.8.0
[3.111s] -- Searching for dependencies of ignition-sensors6-rgbd_camera
[3.112s] -- Looking for ignition-sensors6 -- found version 6.8.0
[3.112s] -- Searching for <ignition-sensors6> component [thermal_camera]
[3.117s] -- Looking for ignition-sensors6-thermal_camera -- found version 6.8.0
[3.118s] -- Searching for dependencies of ignition-sensors6-thermal_camera
[3.118s] -- Looking for ignition-sensors6 -- found version 6.8.0
[3.119s] -- Looking for ignition-rendering6 -- found version 6.6.3
[3.120s] -- Looking for ignition-math6 -- found version 6.15.1
[3.125s] -- Looking for ignition-utils1 -- found version 1.5.1
[3.152s] -- Looking for ignition-msgs8 -- found version 8.7.0
[3.152s] -- Looking for ignition-plugin1 -- found version 1.4.0
[3.153s] -- Looking for ignition-transport11 -- found version 11.4.1
[3.157s] -- Found ign_ros2_control: 0.7.9 (/opt/ros/humble/share/ign_ros2_control/cmake)
[3.163s] -- Found realtime_tools: 2.10.0 (/opt/ros/humble/share/realtime_tools/cmake)
[3.213s] -- Found std_srvs: 4.2.4 (/opt/ros/humble/share/std_srvs/cmake)
[3.367s] -- Configuring done
[3.440s] -- Generating done
[3.450s] -- Build files have been written to: /ros2_ws/build/husarion_ugv_gazebo
[3.464s] Invoked command in '/ros2_ws/build/husarion_ugv_gazebo' returned '0': AMENT_PREFIX_PATH=/ros2_ws/install/husarion_ugv_manager:/ros2_ws/install/husarion_ugv_controller:/ros2_ws/install/husarion_ugv_localization:/ros2_ws/install/husarion_ugv_lights:/ros2_ws/install/husarion_ugv_description:/ros2_ws/install/behaviortree_ros2:/ros2_ws/install/ros_components_description:/ros2_ws/install/mecanum_drive_controller:/ros2_ws/install/imu_sensor_broadcaster:/ros2_ws/install/husarion_ugv_utils:/ros2_ws/install/husarion_ugv_msgs:/ros2_ws/install/husarion_gz_worlds:/ros2_ws/install/btcpp_ros2_interfaces:${AMENT_PREFIX_PATH} CMAKE_PREFIX_PATH=/ros2_ws/install/husarion_ugv_manager:/ros2_ws/install/husarion_ugv_controller:/ros2_ws/install/husarion_ugv_localization:/ros2_ws/install/husarion_ugv_lights:/ros2_ws/install/husarion_ugv_description:/ros2_ws/install/behaviortree_ros2:/ros2_ws/install/ros_components_description:/ros2_ws/install/mecanum_drive_controller:/ros2_ws/install/imu_sensor_broadcaster:/ros2_ws/install/husarion_ugv_utils:/ros2_ws/install/husarion_ugv_msgs:/ros2_ws/install/husarion_gz_worlds:/ros2_ws/install/btcpp_ros2_interfaces:/opt/ros/humble GAZEBO_MODEL_PATH=/ros2_ws/install/husarion_ugv_description/share:/ros2_ws/install/ros_components_description/share:/ros2_ws/install/husarion_gz_worlds/share/husarion_gz_worlds/models GZ_SIM_RESOURCE_PATH=/ros2_ws/install/husarion_ugv_description/share:/ros2_ws/install/ros_components_description/share:/ros2_ws/install/husarion_gz_worlds/share/husarion_gz_worlds/models IGN_GAZEBO_RESOURCE_PATH=/ros2_ws/install/husarion_ugv_description/share:/ros2_ws/install/ros_components_description/share:/ros2_ws/install/husarion_gz_worlds/share/husarion_gz_worlds/models LD_LIBRARY_PATH=/ros2_ws/install/husarion_ugv_manager/lib:/ros2_ws/install/husarion_ugv_lights/lib:/ros2_ws/install/behaviortree_ros2/lib:/ros2_ws/install/mecanum_drive_controller/lib:/ros2_ws/install/imu_sensor_broadcaster/lib:/ros2_ws/install/husarion_ugv_msgs/lib:/ros2_ws/install/btcpp_ros2_interfaces/lib:${LD_LIBRARY_PATH} PYTHONPATH=/ros2_ws/install/husarion_ugv_utils/local/lib/python3.10/dist-packages:/ros2_ws/install/husarion_ugv_msgs/local/lib/python3.10/dist-packages:/ros2_ws/install/btcpp_ros2_interfaces/local/lib/python3.10/dist-packages:${PYTHONPATH} /usr/bin/cmake /ros2_ws/src/husarion_ugv/husarion_ugv_gazebo -DCMAKE_BUILD_TYPE=Release -DBUILD_TESTING=OFF -DAMENT_CMAKE_SYMLINK_INSTALL=1 -DCMAKE_INSTALL_PREFIX=/ros2_ws/install/husarion_ugv_gazebo
[3.465s] Invoking command in '/ros2_ws/build/husarion_ugv_gazebo': AMENT_PREFIX_PATH=/ros2_ws/install/husarion_ugv_manager:/ros2_ws/install/husarion_ugv_controller:/ros2_ws/install/husarion_ugv_localization:/ros2_ws/install/husarion_ugv_lights:/ros2_ws/install/husarion_ugv_description:/ros2_ws/install/behaviortree_ros2:/ros2_ws/install/ros_components_description:/ros2_ws/install/mecanum_drive_controller:/ros2_ws/install/imu_sensor_broadcaster:/ros2_ws/install/husarion_ugv_utils:/ros2_ws/install/husarion_ugv_msgs:/ros2_ws/install/husarion_gz_worlds:/ros2_ws/install/btcpp_ros2_interfaces:${AMENT_PREFIX_PATH} CMAKE_PREFIX_PATH=/ros2_ws/install/husarion_ugv_manager:/ros2_ws/install/husarion_ugv_controller:/ros2_ws/install/husarion_ugv_localization:/ros2_ws/install/husarion_ugv_lights:/ros2_ws/install/husarion_ugv_description:/ros2_ws/install/behaviortree_ros2:/ros2_ws/install/ros_components_description:/ros2_ws/install/mecanum_drive_controller:/ros2_ws/install/imu_sensor_broadcaster:/ros2_ws/install/husarion_ugv_utils:/ros2_ws/install/husarion_ugv_msgs:/ros2_ws/install/husarion_gz_worlds:/ros2_ws/install/btcpp_ros2_interfaces:/opt/ros/humble GAZEBO_MODEL_PATH=/ros2_ws/install/husarion_ugv_description/share:/ros2_ws/install/ros_components_description/share:/ros2_ws/install/husarion_gz_worlds/share/husarion_gz_worlds/models GZ_SIM_RESOURCE_PATH=/ros2_ws/install/husarion_ugv_description/share:/ros2_ws/install/ros_components_description/share:/ros2_ws/install/husarion_gz_worlds/share/husarion_gz_worlds/models IGN_GAZEBO_RESOURCE_PATH=/ros2_ws/install/husarion_ugv_description/share:/ros2_ws/install/ros_components_description/share:/ros2_ws/install/husarion_gz_worlds/share/husarion_gz_worlds/models LD_LIBRARY_PATH=/ros2_ws/install/husarion_ugv_manager/lib:/ros2_ws/install/husarion_ugv_lights/lib:/ros2_ws/install/behaviortree_ros2/lib:/ros2_ws/install/mecanum_drive_controller/lib:/ros2_ws/install/imu_sensor_broadcaster/lib:/ros2_ws/install/husarion_ugv_msgs/lib:/ros2_ws/install/btcpp_ros2_interfaces/lib:${LD_LIBRARY_PATH} PYTHONPATH=/ros2_ws/install/husarion_ugv_utils/local/lib/python3.10/dist-packages:/ros2_ws/install/husarion_ugv_msgs/local/lib/python3.10/dist-packages:/ros2_ws/install/btcpp_ros2_interfaces/local/lib/python3.10/dist-packages:${PYTHONPATH} /usr/bin/cmake --build /ros2_ws/build/husarion_ugv_gazebo -- -j4 -l4
[3.531s] [  8%] Automatic MOC for target EStop
[3.535s] [ 16%] Building CXX object CMakeFiles/estop_system.dir/src/estop_system.cpp.o
[3.535s] [ 25%] Automatic MOC for target LEDStrip
[3.574s] [ 25%] Built target LEDStrip_autogen
[3.601s] [ 33%] Building CXX object CMakeFiles/LEDStrip.dir/LEDStrip_autogen/mocs_compilation.cpp.o
[3.602s] [ 41%] Building CXX object CMakeFiles/LEDStrip.dir/src/led_strip.cpp.o
[4.061s] [ 41%] Built target EStop_autogen
[4.079s] [ 50%] Generating qrc_EStop.cpp
[4.112s] [ 58%] Building CXX object CMakeFiles/EStop.dir/EStop_autogen/mocs_compilation.cpp.o
[4.112s] [ 66%] Building CXX object CMakeFiles/EStop.dir/src/gui/e_stop.cpp.o
[11.146s] [ 75%] Building CXX object CMakeFiles/EStop.dir/qrc_EStop.cpp.o
[17.925s] [ 83%] Linking CXX shared library libLEDStrip.so
[18.261s] [ 83%] Built target LEDStrip
[18.326s] [ 91%] Linking CXX shared library libestop_system.so
[18.598s] [ 91%] Built target estop_system
[20.688s] [100%] Linking CXX shared library libEStop.so
[20.941s] [100%] Built target EStop
[20.953s] Invoked command in '/ros2_ws/build/husarion_ugv_gazebo' returned '0': AMENT_PREFIX_PATH=/ros2_ws/install/husarion_ugv_manager:/ros2_ws/install/husarion_ugv_controller:/ros2_ws/install/husarion_ugv_localization:/ros2_ws/install/husarion_ugv_lights:/ros2_ws/install/husarion_ugv_description:/ros2_ws/install/behaviortree_ros2:/ros2_ws/install/ros_components_description:/ros2_ws/install/mecanum_drive_controller:/ros2_ws/install/imu_sensor_broadcaster:/ros2_ws/install/husarion_ugv_utils:/ros2_ws/install/husarion_ugv_msgs:/ros2_ws/install/husarion_gz_worlds:/ros2_ws/install/btcpp_ros2_interfaces:${AMENT_PREFIX_PATH} CMAKE_PREFIX_PATH=/ros2_ws/install/husarion_ugv_manager:/ros2_ws/install/husarion_ugv_controller:/ros2_ws/install/husarion_ugv_localization:/ros2_ws/install/husarion_ugv_lights:/ros2_ws/install/husarion_ugv_description:/ros2_ws/install/behaviortree_ros2:/ros2_ws/install/ros_components_description:/ros2_ws/install/mecanum_drive_controller:/ros2_ws/install/imu_sensor_broadcaster:/ros2_ws/install/husarion_ugv_utils:/ros2_ws/install/husarion_ugv_msgs:/ros2_ws/install/husarion_gz_worlds:/ros2_ws/install/btcpp_ros2_interfaces:/opt/ros/humble GAZEBO_MODEL_PATH=/ros2_ws/install/husarion_ugv_description/share:/ros2_ws/install/ros_components_description/share:/ros2_ws/install/husarion_gz_worlds/share/husarion_gz_worlds/models GZ_SIM_RESOURCE_PATH=/ros2_ws/install/husarion_ugv_description/share:/ros2_ws/install/ros_components_description/share:/ros2_ws/install/husarion_gz_worlds/share/husarion_gz_worlds/models IGN_GAZEBO_RESOURCE_PATH=/ros2_ws/install/husarion_ugv_description/share:/ros2_ws/install/ros_components_description/share:/ros2_ws/install/husarion_gz_worlds/share/husarion_gz_worlds/models LD_LIBRARY_PATH=/ros2_ws/install/husarion_ugv_manager/lib:/ros2_ws/install/husarion_ugv_lights/lib:/ros2_ws/install/behaviortree_ros2/lib:/ros2_ws/install/mecanum_drive_controller/lib:/ros2_ws/install/imu_sensor_broadcaster/lib:/ros2_ws/install/husarion_ugv_msgs/lib:/ros2_ws/install/btcpp_ros2_interfaces/lib:${LD_LIBRARY_PATH} PYTHONPATH=/ros2_ws/install/husarion_ugv_utils/local/lib/python3.10/dist-packages:/ros2_ws/install/husarion_ugv_msgs/local/lib/python3.10/dist-packages:/ros2_ws/install/btcpp_ros2_interfaces/local/lib/python3.10/dist-packages:${PYTHONPATH} /usr/bin/cmake --build /ros2_ws/build/husarion_ugv_gazebo -- -j4 -l4
[20.954s] Invoking command in '/ros2_ws/build/husarion_ugv_gazebo': AMENT_PREFIX_PATH=/ros2_ws/install/husarion_ugv_manager:/ros2_ws/install/husarion_ugv_controller:/ros2_ws/install/husarion_ugv_localization:/ros2_ws/install/husarion_ugv_lights:/ros2_ws/install/husarion_ugv_description:/ros2_ws/install/behaviortree_ros2:/ros2_ws/install/ros_components_description:/ros2_ws/install/mecanum_drive_controller:/ros2_ws/install/imu_sensor_broadcaster:/ros2_ws/install/husarion_ugv_utils:/ros2_ws/install/husarion_ugv_msgs:/ros2_ws/install/husarion_gz_worlds:/ros2_ws/install/btcpp_ros2_interfaces:${AMENT_PREFIX_PATH} CMAKE_PREFIX_PATH=/ros2_ws/install/husarion_ugv_manager:/ros2_ws/install/husarion_ugv_controller:/ros2_ws/install/husarion_ugv_localization:/ros2_ws/install/husarion_ugv_lights:/ros2_ws/install/husarion_ugv_description:/ros2_ws/install/behaviortree_ros2:/ros2_ws/install/ros_components_description:/ros2_ws/install/mecanum_drive_controller:/ros2_ws/install/imu_sensor_broadcaster:/ros2_ws/install/husarion_ugv_utils:/ros2_ws/install/husarion_ugv_msgs:/ros2_ws/install/husarion_gz_worlds:/ros2_ws/install/btcpp_ros2_interfaces:/opt/ros/humble GAZEBO_MODEL_PATH=/ros2_ws/install/husarion_ugv_description/share:/ros2_ws/install/ros_components_description/share:/ros2_ws/install/husarion_gz_worlds/share/husarion_gz_worlds/models GZ_SIM_RESOURCE_PATH=/ros2_ws/install/husarion_ugv_description/share:/ros2_ws/install/ros_components_description/share:/ros2_ws/install/husarion_gz_worlds/share/husarion_gz_worlds/models IGN_GAZEBO_RESOURCE_PATH=/ros2_ws/install/husarion_ugv_description/share:/ros2_ws/install/ros_components_description/share:/ros2_ws/install/husarion_gz_worlds/share/husarion_gz_worlds/models LD_LIBRARY_PATH=/ros2_ws/install/husarion_ugv_manager/lib:/ros2_ws/install/husarion_ugv_lights/lib:/ros2_ws/install/behaviortree_ros2/lib:/ros2_ws/install/mecanum_drive_controller/lib:/ros2_ws/install/imu_sensor_broadcaster/lib:/ros2_ws/install/husarion_ugv_msgs/lib:/ros2_ws/install/btcpp_ros2_interfaces/lib:${LD_LIBRARY_PATH} PYTHONPATH=/ros2_ws/install/husarion_ugv_utils/local/lib/python3.10/dist-packages:/ros2_ws/install/husarion_ugv_msgs/local/lib/python3.10/dist-packages:/ros2_ws/install/btcpp_ros2_interfaces/local/lib/python3.10/dist-packages:${PYTHONPATH} /usr/bin/cmake --install /ros2_ws/build/husarion_ugv_gazebo
[20.963s] -- Install configuration: "Release"
[20.963s] -- Execute custom install script
[20.964s] -- Symlinking: /ros2_ws/install/husarion_ugv_gazebo/include/husarion_ugv_gazebo/husarion_ugv_gazebo/estop_system.hpp
[20.974s] -- Symlinking: /ros2_ws/install/husarion_ugv_gazebo/include/husarion_ugv_gazebo/husarion_ugv_gazebo/gui/e_stop.hpp
[20.983s] -- Symlinking: /ros2_ws/install/husarion_ugv_gazebo/include/husarion_ugv_gazebo/husarion_ugv_gazebo/led_strip.hpp
[20.993s] -- Symlinking: /ros2_ws/install/husarion_ugv_gazebo/share/husarion_ugv_gazebo/config/battery_plugin.yaml
[21.003s] -- Symlinking: /ros2_ws/install/husarion_ugv_gazebo/share/husarion_ugv_gazebo/config/gz_bridge.yaml
[21.012s] -- Symlinking: /ros2_ws/install/husarion_ugv_gazebo/share/husarion_ugv_gazebo/config/teleop_with_estop.config
[21.022s] -- Symlinking: /ros2_ws/install/husarion_ugv_gazebo/share/husarion_ugv_gazebo/launch/simulate_robot.launch.py
[21.032s] -- Symlinking: /ros2_ws/install/husarion_ugv_gazebo/share/husarion_ugv_gazebo/launch/simulation.launch.py
[21.041s] -- Symlinking: /ros2_ws/install/husarion_ugv_gazebo/share/husarion_ugv_gazebo/launch/spawn_robot.launch.py
[21.051s] -- Symlinking: /ros2_ws/install/husarion_ugv_gazebo/share/husarion_ugv_gazebo/environment/setup_envs.sh
[21.061s] -- Symlinking: /ros2_ws/install/husarion_ugv_gazebo/share/husarion_ugv_gazebo/environment/library_path.sh
[21.071s] -- Symlinking: /ros2_ws/install/husarion_ugv_gazebo/share/husarion_ugv_gazebo/environment/library_path.dsv
[21.080s] -- Symlinking: /ros2_ws/install/husarion_ugv_gazebo/share/husarion_ugv_gazebo//plugins.xml
[21.090s] -- Symlinking: /ros2_ws/install/husarion_ugv_gazebo/share/ament_index/resource_index/package_run_dependencies/husarion_ugv_gazebo
[21.100s] -- Symlinking: /ros2_ws/install/husarion_ugv_gazebo/share/ament_index/resource_index/parent_prefix_path/husarion_ugv_gazebo
[21.110s] -- Symlinking: /ros2_ws/install/husarion_ugv_gazebo/share/husarion_ugv_gazebo/environment/ament_prefix_path.sh
[21.119s] -- Symlinking: /ros2_ws/install/husarion_ugv_gazebo/share/husarion_ugv_gazebo/environment/ament_prefix_path.dsv
[21.129s] -- Symlinking: /ros2_ws/install/husarion_ugv_gazebo/share/husarion_ugv_gazebo/environment/path.sh
[21.139s] -- Symlinking: /ros2_ws/install/husarion_ugv_gazebo/share/husarion_ugv_gazebo/environment/path.dsv
[21.149s] -- Symlinking: /ros2_ws/install/husarion_ugv_gazebo/share/husarion_ugv_gazebo/local_setup.bash
[21.158s] -- Symlinking: /ros2_ws/install/husarion_ugv_gazebo/share/husarion_ugv_gazebo/local_setup.sh
[21.168s] -- Symlinking: /ros2_ws/install/husarion_ugv_gazebo/share/husarion_ugv_gazebo/local_setup.zsh
[21.178s] -- Symlinking: /ros2_ws/install/husarion_ugv_gazebo/share/husarion_ugv_gazebo/local_setup.dsv
[21.187s] -- Symlinking: /ros2_ws/install/husarion_ugv_gazebo/share/husarion_ugv_gazebo/package.dsv
[21.197s] -- Symlinking: /ros2_ws/install/husarion_ugv_gazebo/share/ament_index/resource_index/packages/husarion_ugv_gazebo
[21.207s] -- Symlinking: /ros2_ws/install/husarion_ugv_gazebo/share/ament_index/resource_index/ign_ros2_control__pluginlib__plugin/husarion_ugv_gazebo
[21.217s] -- Symlinking: /ros2_ws/install/husarion_ugv_gazebo/share/husarion_ugv_gazebo/cmake/ament_cmake_export_dependencies-extras.cmake
[21.226s] -- Symlinking: /ros2_ws/install/husarion_ugv_gazebo/share/husarion_ugv_gazebo/cmake/ament_cmake_export_include_directories-extras.cmake
[21.236s] -- Symlinking: /ros2_ws/install/husarion_ugv_gazebo/share/husarion_ugv_gazebo/cmake/ament_cmake_export_targets-extras.cmake
[21.246s] -- Symlinking: /ros2_ws/install/husarion_ugv_gazebo/share/husarion_ugv_gazebo/cmake/husarion_ugv_gazeboConfig.cmake
[21.258s] -- Symlinking: /ros2_ws/install/husarion_ugv_gazebo/share/husarion_ugv_gazebo/cmake/husarion_ugv_gazeboConfig-version.cmake
[21.268s] -- Symlinking: /ros2_ws/install/husarion_ugv_gazebo/share/husarion_ugv_gazebo/package.xml
[21.278s] -- Installing: /ros2_ws/install/husarion_ugv_gazebo/lib/libestop_system.so
[21.279s] -- Set runtime path of "/ros2_ws/install/husarion_ugv_gazebo/lib/libestop_system.so" to ""
[21.279s] -- Installing: /ros2_ws/install/husarion_ugv_gazebo/lib/libEStop.so
[21.281s] -- Set runtime path of "/ros2_ws/install/husarion_ugv_gazebo/lib/libEStop.so" to ""
[21.282s] -- Installing: /ros2_ws/install/husarion_ugv_gazebo/lib/libLEDStrip.so
[21.283s] -- Set runtime path of "/ros2_ws/install/husarion_ugv_gazebo/lib/libLEDStrip.so" to ""
[21.283s] -- Installing: /ros2_ws/install/husarion_ugv_gazebo/share/husarion_ugv_gazebo/cmake/export_husarion_ugv_gazeboExport.cmake
[21.283s] -- Installing: /ros2_ws/install/husarion_ugv_gazebo/share/husarion_ugv_gazebo/cmake/export_husarion_ugv_gazeboExport-release.cmake
[21.287s] Invoked command in '/ros2_ws/build/husarion_ugv_gazebo' returned '0': AMENT_PREFIX_PATH=/ros2_ws/install/husarion_ugv_manager:/ros2_ws/install/husarion_ugv_controller:/ros2_ws/install/husarion_ugv_localization:/ros2_ws/install/husarion_ugv_lights:/ros2_ws/install/husarion_ugv_description:/ros2_ws/install/behaviortree_ros2:/ros2_ws/install/ros_components_description:/ros2_ws/install/mecanum_drive_controller:/ros2_ws/install/imu_sensor_broadcaster:/ros2_ws/install/husarion_ugv_utils:/ros2_ws/install/husarion_ugv_msgs:/ros2_ws/install/husarion_gz_worlds:/ros2_ws/install/btcpp_ros2_interfaces:${AMENT_PREFIX_PATH} CMAKE_PREFIX_PATH=/ros2_ws/install/husarion_ugv_manager:/ros2_ws/install/husarion_ugv_controller:/ros2_ws/install/husarion_ugv_localization:/ros2_ws/install/husarion_ugv_lights:/ros2_ws/install/husarion_ugv_description:/ros2_ws/install/behaviortree_ros2:/ros2_ws/install/ros_components_description:/ros2_ws/install/mecanum_drive_controller:/ros2_ws/install/imu_sensor_broadcaster:/ros2_ws/install/husarion_ugv_utils:/ros2_ws/install/husarion_ugv_msgs:/ros2_ws/install/husarion_gz_worlds:/ros2_ws/install/btcpp_ros2_interfaces:/opt/ros/humble GAZEBO_MODEL_PATH=/ros2_ws/install/husarion_ugv_description/share:/ros2_ws/install/ros_components_description/share:/ros2_ws/install/husarion_gz_worlds/share/husarion_gz_worlds/models GZ_SIM_RESOURCE_PATH=/ros2_ws/install/husarion_ugv_description/share:/ros2_ws/install/ros_components_description/share:/ros2_ws/install/husarion_gz_worlds/share/husarion_gz_worlds/models IGN_GAZEBO_RESOURCE_PATH=/ros2_ws/install/husarion_ugv_description/share:/ros2_ws/install/ros_components_description/share:/ros2_ws/install/husarion_gz_worlds/share/husarion_gz_worlds/models LD_LIBRARY_PATH=/ros2_ws/install/husarion_ugv_manager/lib:/ros2_ws/install/husarion_ugv_lights/lib:/ros2_ws/install/behaviortree_ros2/lib:/ros2_ws/install/mecanum_drive_controller/lib:/ros2_ws/install/imu_sensor_broadcaster/lib:/ros2_ws/install/husarion_ugv_msgs/lib:/ros2_ws/install/btcpp_ros2_interfaces/lib:${LD_LIBRARY_PATH} PYTHONPATH=/ros2_ws/install/husarion_ugv_utils/local/lib/python3.10/dist-packages:/ros2_ws/install/husarion_ugv_msgs/local/lib/python3.10/dist-packages:/ros2_ws/install/btcpp_ros2_interfaces/local/lib/python3.10/dist-packages:${PYTHONPATH} /usr/bin/cmake --install /ros2_ws/build/husarion_ugv_gazebo
