-- The C compiler identification is GNU 11.4.0
-- The CXX compiler identification is GNU 11.4.0
-- Detecting C compiler ABI info
-- Detecting C compiler ABI info - done
-- Check for working C compiler: /usr/bin/cc - skipped
-- Detecting C compile features
-- Detecting C compile features - done
-- Detecting CXX compiler ABI info
-- Detecting CXX compiler ABI info - done
-- Check for working CXX compiler: /usr/bin/c++ - skipped
-- Detecting CXX compile features
-- Detecting CXX compile features - done
-- Found ament_cmake: 1.3.9 (/opt/ros/humble/share/ament_cmake/cmake)
-- Found Python3: /usr/bin/python3 (found version "3.10.12") found components: Interpreter 
-- Override CMake install command with custom implementation using symlinks instead of copying resources
-- Found builtin_interfaces: 1.2.1 (/opt/ros/humble/share/builtin_interfaces/cmake)
-- Found rosidl_generator_c: 3.1.5 (/opt/ros/humble/share/rosidl_generator_c/cmake)
-- Found rosidl_adapter: 3.1.5 (/opt/ros/humble/share/rosidl_adapter/cmake)
-- Found rosidl_generator_cpp: 3.1.5 (/opt/ros/humble/share/rosidl_generator_cpp/cmake)
-- Using all available rosidl_typesupport_c: rosidl_typesupport_fastrtps_c;rosidl_typesupport_introspection_c
-- Using all available rosidl_typesupport_cpp: rosidl_typesupport_fastrtps_cpp;rosidl_typesupport_introspection_cpp
-- Found rosidl_default_generators: 1.2.0 (/opt/ros/humble/share/rosidl_default_generators/cmake)
-- Found std_msgs: 4.2.4 (/opt/ros/humble/share/std_msgs/cmake)
-- Found ament_cmake_ros: 0.10.0 (/opt/ros/humble/share/ament_cmake_ros/cmake)
-- Using all available rosidl_typesupport_c: rosidl_typesupport_fastrtps_c;rosidl_typesupport_introspection_c
-- Using all available rosidl_typesupport_cpp: rosidl_typesupport_fastrtps_cpp;rosidl_typesupport_introspection_cpp
-- Found PythonInterp: /usr/bin/python3 (found suitable version "3.10.12", minimum required is "3.6") 
-- Found python_cmake_module: 0.10.0 (/opt/ros/humble/share/python_cmake_module/cmake)
-- Found PythonLibs: /usr/lib/x86_64-linux-gnu/libpython3.10.so (found suitable version "3.10.12", minimum required is "3.5") 
-- Using PYTHON_EXECUTABLE: /usr/bin/python3
-- Using PYTHON_INCLUDE_DIRS: /usr/include/python3.10
-- Using PYTHON_LIBRARIES: /usr/lib/x86_64-linux-gnu/libpython3.10.so
-- Found PythonExtra: .so  
-- Configuring done
-- Generating done
-- Build files have been written to: /ros2_ws/build/husarion_ugv_msgs
[  1%] Generating C code for ROS interfaces
[  1%] Generating C++ code for ROS interfaces
[  1%] Built target ament_cmake_python_symlink_husarion_ugv_msgs
running egg_info
creating husarion_ugv_msgs.egg-info
writing husarion_ugv_msgs.egg-info/PKG-INFO
writing dependency_links to husarion_ugv_msgs.egg-info/dependency_links.txt
writing top-level names to husarion_ugv_msgs.egg-info/top_level.txt
writing manifest file 'husarion_ugv_msgs.egg-info/SOURCES.txt'
reading manifest file 'husarion_ugv_msgs.egg-info/SOURCES.txt'
writing manifest file 'husarion_ugv_msgs.egg-info/SOURCES.txt'
[  1%] Built target ament_cmake_python_build_husarion_ugv_msgs_egg
[  1%] Built target husarion_ugv_msgs__cpp
[  2%] Generating C++ type support dispatch for ROS interfaces
[  3%] Generating C++ type support for eProsima Fast-RTPS
[  3%] Generating C++ introspection for ROS interfaces
[  3%] Building C object CMakeFiles/husarion_ugv_msgs__rosidl_generator_c.dir/rosidl_generator_c/husarion_ugv_msgs/msg/detail/charging_status__functions.c.o
[  4%] Building C object CMakeFiles/husarion_ugv_msgs__rosidl_generator_c.dir/rosidl_generator_c/husarion_ugv_msgs/msg/detail/driver_state__functions.c.o
[  5%] Building C object CMakeFiles/husarion_ugv_msgs__rosidl_generator_c.dir/rosidl_generator_c/husarion_ugv_msgs/msg/detail/driver_state_named__functions.c.o
[  5%] Building C object CMakeFiles/husarion_ugv_msgs__rosidl_generator_c.dir/rosidl_generator_c/husarion_ugv_msgs/msg/detail/fault_flag__functions.c.o
[  6%] Building C object CMakeFiles/husarion_ugv_msgs__rosidl_generator_c.dir/rosidl_generator_c/husarion_ugv_msgs/msg/detail/io_state__functions.c.o
[  7%] Building CXX object CMakeFiles/husarion_ugv_msgs__rosidl_typesupport_cpp.dir/rosidl_typesupport_cpp/husarion_ugv_msgs/msg/charging_status__type_support.cpp.o
[  8%] Building C object CMakeFiles/husarion_ugv_msgs__rosidl_generator_c.dir/rosidl_generator_c/husarion_ugv_msgs/msg/detail/led_animation__functions.c.o
[  8%] Building C object CMakeFiles/husarion_ugv_msgs__rosidl_generator_c.dir/rosidl_generator_c/husarion_ugv_msgs/msg/detail/led_animation_queue__functions.c.o
[  9%] Building C object CMakeFiles/husarion_ugv_msgs__rosidl_generator_c.dir/rosidl_generator_c/husarion_ugv_msgs/msg/detail/led_image_animation__functions.c.o
[ 10%] Building C object CMakeFiles/husarion_ugv_msgs__rosidl_generator_c.dir/rosidl_generator_c/husarion_ugv_msgs/msg/detail/robot_driver_state__functions.c.o
[ 10%] Building CXX object CMakeFiles/husarion_ugv_msgs__rosidl_typesupport_cpp.dir/rosidl_typesupport_cpp/husarion_ugv_msgs/msg/driver_state__type_support.cpp.o
[ 11%] Building CXX object CMakeFiles/husarion_ugv_msgs__rosidl_typesupport_fastrtps_cpp.dir/rosidl_typesupport_fastrtps_cpp/husarion_ugv_msgs/msg/detail/dds_fastrtps/charging_status__type_support.cpp.o
[ 12%] Building C object CMakeFiles/husarion_ugv_msgs__rosidl_generator_c.dir/rosidl_generator_c/husarion_ugv_msgs/msg/detail/runtime_error__functions.c.o
[ 13%] Building CXX object CMakeFiles/husarion_ugv_msgs__rosidl_typesupport_introspection_cpp.dir/rosidl_typesupport_introspection_cpp/husarion_ugv_msgs/msg/detail/charging_status__type_support.cpp.o
[ 13%] Building C object CMakeFiles/husarion_ugv_msgs__rosidl_generator_c.dir/rosidl_generator_c/husarion_ugv_msgs/msg/detail/script_flag__functions.c.o
[ 14%] Building C object CMakeFiles/husarion_ugv_msgs__rosidl_generator_c.dir/rosidl_generator_c/husarion_ugv_msgs/msg/detail/system_status__functions.c.o
[ 15%] Building C object CMakeFiles/husarion_ugv_msgs__rosidl_generator_c.dir/rosidl_generator_c/husarion_ugv_msgs/srv/detail/set_led_animation__functions.c.o
[ 16%] Building CXX object CMakeFiles/husarion_ugv_msgs__rosidl_typesupport_cpp.dir/rosidl_typesupport_cpp/husarion_ugv_msgs/msg/driver_state_named__type_support.cpp.o
[ 17%] Building CXX object CMakeFiles/husarion_ugv_msgs__rosidl_typesupport_fastrtps_cpp.dir/rosidl_typesupport_fastrtps_cpp/husarion_ugv_msgs/msg/detail/dds_fastrtps/driver_state__type_support.cpp.o
[ 17%] Building C object CMakeFiles/husarion_ugv_msgs__rosidl_generator_c.dir/rosidl_generator_c/husarion_ugv_msgs/srv/detail/set_led_brightness__functions.c.o
[ 18%] Building CXX object CMakeFiles/husarion_ugv_msgs__rosidl_typesupport_introspection_cpp.dir/rosidl_typesupport_introspection_cpp/husarion_ugv_msgs/msg/detail/driver_state__type_support.cpp.o
[ 19%] Building C object CMakeFiles/husarion_ugv_msgs__rosidl_generator_c.dir/rosidl_generator_c/husarion_ugv_msgs/srv/detail/set_led_image_animation__functions.c.o
[ 20%] Building CXX object CMakeFiles/husarion_ugv_msgs__rosidl_typesupport_cpp.dir/rosidl_typesupport_cpp/husarion_ugv_msgs/msg/fault_flag__type_support.cpp.o
[ 20%] Building CXX object CMakeFiles/husarion_ugv_msgs__rosidl_typesupport_introspection_cpp.dir/rosidl_typesupport_introspection_cpp/husarion_ugv_msgs/msg/detail/driver_state_named__type_support.cpp.o
[ 21%] Linking C shared library libhusarion_ugv_msgs__rosidl_generator_c.so
[ 21%] Building CXX object CMakeFiles/husarion_ugv_msgs__rosidl_typesupport_cpp.dir/rosidl_typesupport_cpp/husarion_ugv_msgs/msg/io_state__type_support.cpp.o
[ 21%] Built target husarion_ugv_msgs__rosidl_generator_c
[ 22%] Building CXX object CMakeFiles/husarion_ugv_msgs__rosidl_typesupport_introspection_cpp.dir/rosidl_typesupport_introspection_cpp/husarion_ugv_msgs/msg/detail/fault_flag__type_support.cpp.o
[ 22%] Building CXX object CMakeFiles/husarion_ugv_msgs__rosidl_typesupport_fastrtps_cpp.dir/rosidl_typesupport_fastrtps_cpp/husarion_ugv_msgs/msg/detail/dds_fastrtps/driver_state_named__type_support.cpp.o
[ 23%] Generating C type support for eProsima Fast-RTPS
[ 24%] Building CXX object CMakeFiles/husarion_ugv_msgs__rosidl_typesupport_cpp.dir/rosidl_typesupport_cpp/husarion_ugv_msgs/msg/led_animation__type_support.cpp.o
[ 25%] Building CXX object CMakeFiles/husarion_ugv_msgs__rosidl_typesupport_fastrtps_cpp.dir/rosidl_typesupport_fastrtps_cpp/husarion_ugv_msgs/msg/detail/dds_fastrtps/fault_flag__type_support.cpp.o
[ 26%] Building CXX object CMakeFiles/husarion_ugv_msgs__rosidl_typesupport_introspection_cpp.dir/rosidl_typesupport_introspection_cpp/husarion_ugv_msgs/msg/detail/io_state__type_support.cpp.o
[ 27%] Building CXX object CMakeFiles/husarion_ugv_msgs__rosidl_typesupport_cpp.dir/rosidl_typesupport_cpp/husarion_ugv_msgs/msg/led_animation_queue__type_support.cpp.o
[ 28%] Building CXX object CMakeFiles/husarion_ugv_msgs__rosidl_typesupport_introspection_cpp.dir/rosidl_typesupport_introspection_cpp/husarion_ugv_msgs/msg/detail/led_animation__type_support.cpp.o
[ 29%] Building CXX object CMakeFiles/husarion_ugv_msgs__rosidl_typesupport_fastrtps_cpp.dir/rosidl_typesupport_fastrtps_cpp/husarion_ugv_msgs/msg/detail/dds_fastrtps/io_state__type_support.cpp.o
[ 30%] Building CXX object CMakeFiles/husarion_ugv_msgs__rosidl_typesupport_cpp.dir/rosidl_typesupport_cpp/husarion_ugv_msgs/msg/led_image_animation__type_support.cpp.o
[ 30%] Building CXX object CMakeFiles/husarion_ugv_msgs__rosidl_typesupport_introspection_cpp.dir/rosidl_typesupport_introspection_cpp/husarion_ugv_msgs/msg/detail/led_animation_queue__type_support.cpp.o
[ 30%] Building CXX object CMakeFiles/husarion_ugv_msgs__rosidl_typesupport_cpp.dir/rosidl_typesupport_cpp/husarion_ugv_msgs/msg/robot_driver_state__type_support.cpp.o
[ 30%] Building CXX object CMakeFiles/husarion_ugv_msgs__rosidl_typesupport_fastrtps_cpp.dir/rosidl_typesupport_fastrtps_cpp/husarion_ugv_msgs/msg/detail/dds_fastrtps/led_animation__type_support.cpp.o
[ 31%] Building CXX object CMakeFiles/husarion_ugv_msgs__rosidl_typesupport_cpp.dir/rosidl_typesupport_cpp/husarion_ugv_msgs/msg/runtime_error__type_support.cpp.o
[ 32%] Building CXX object CMakeFiles/husarion_ugv_msgs__rosidl_typesupport_fastrtps_c.dir/rosidl_typesupport_fastrtps_c/husarion_ugv_msgs/msg/detail/charging_status__type_support_c.cpp.o
[ 33%] Building CXX object CMakeFiles/husarion_ugv_msgs__rosidl_typesupport_introspection_cpp.dir/rosidl_typesupport_introspection_cpp/husarion_ugv_msgs/msg/detail/led_image_animation__type_support.cpp.o
[ 34%] Building CXX object CMakeFiles/husarion_ugv_msgs__rosidl_typesupport_cpp.dir/rosidl_typesupport_cpp/husarion_ugv_msgs/msg/script_flag__type_support.cpp.o
[ 35%] Building CXX object CMakeFiles/husarion_ugv_msgs__rosidl_typesupport_fastrtps_cpp.dir/rosidl_typesupport_fastrtps_cpp/husarion_ugv_msgs/msg/detail/dds_fastrtps/led_animation_queue__type_support.cpp.o
[ 35%] Building CXX object CMakeFiles/husarion_ugv_msgs__rosidl_typesupport_fastrtps_c.dir/rosidl_typesupport_fastrtps_c/husarion_ugv_msgs/msg/detail/driver_state__type_support_c.cpp.o
[ 36%] Building CXX object CMakeFiles/husarion_ugv_msgs__rosidl_typesupport_introspection_cpp.dir/rosidl_typesupport_introspection_cpp/husarion_ugv_msgs/msg/detail/robot_driver_state__type_support.cpp.o
[ 36%] Building CXX object CMakeFiles/husarion_ugv_msgs__rosidl_typesupport_cpp.dir/rosidl_typesupport_cpp/husarion_ugv_msgs/msg/system_status__type_support.cpp.o
[ 37%] Building CXX object CMakeFiles/husarion_ugv_msgs__rosidl_typesupport_fastrtps_c.dir/rosidl_typesupport_fastrtps_c/husarion_ugv_msgs/msg/detail/driver_state_named__type_support_c.cpp.o
[ 38%] Building CXX object CMakeFiles/husarion_ugv_msgs__rosidl_typesupport_fastrtps_cpp.dir/rosidl_typesupport_fastrtps_cpp/husarion_ugv_msgs/msg/detail/dds_fastrtps/led_image_animation__type_support.cpp.o
[ 39%] Building CXX object CMakeFiles/husarion_ugv_msgs__rosidl_typesupport_cpp.dir/rosidl_typesupport_cpp/husarion_ugv_msgs/srv/set_led_animation__type_support.cpp.o
[ 39%] Building CXX object CMakeFiles/husarion_ugv_msgs__rosidl_typesupport_introspection_cpp.dir/rosidl_typesupport_introspection_cpp/husarion_ugv_msgs/msg/detail/runtime_error__type_support.cpp.o
[ 40%] Building CXX object CMakeFiles/husarion_ugv_msgs__rosidl_typesupport_cpp.dir/rosidl_typesupport_cpp/husarion_ugv_msgs/srv/set_led_brightness__type_support.cpp.o
[ 41%] Building CXX object CMakeFiles/husarion_ugv_msgs__rosidl_typesupport_fastrtps_c.dir/rosidl_typesupport_fastrtps_c/husarion_ugv_msgs/msg/detail/fault_flag__type_support_c.cpp.o
[ 41%] Building CXX object CMakeFiles/husarion_ugv_msgs__rosidl_typesupport_fastrtps_cpp.dir/rosidl_typesupport_fastrtps_cpp/husarion_ugv_msgs/msg/detail/dds_fastrtps/robot_driver_state__type_support.cpp.o
[ 42%] Building CXX object CMakeFiles/husarion_ugv_msgs__rosidl_typesupport_introspection_cpp.dir/rosidl_typesupport_introspection_cpp/husarion_ugv_msgs/msg/detail/script_flag__type_support.cpp.o
[ 42%] Building CXX object CMakeFiles/husarion_ugv_msgs__rosidl_typesupport_cpp.dir/rosidl_typesupport_cpp/husarion_ugv_msgs/srv/set_led_image_animation__type_support.cpp.o
[ 42%] Building CXX object CMakeFiles/husarion_ugv_msgs__rosidl_typesupport_fastrtps_c.dir/rosidl_typesupport_fastrtps_c/husarion_ugv_msgs/msg/detail/io_state__type_support_c.cpp.o
[ 43%] Building CXX object CMakeFiles/husarion_ugv_msgs__rosidl_typesupport_fastrtps_cpp.dir/rosidl_typesupport_fastrtps_cpp/husarion_ugv_msgs/msg/detail/dds_fastrtps/runtime_error__type_support.cpp.o
[ 44%] Building CXX object CMakeFiles/husarion_ugv_msgs__rosidl_typesupport_introspection_cpp.dir/rosidl_typesupport_introspection_cpp/husarion_ugv_msgs/msg/detail/system_status__type_support.cpp.o
[ 45%] Linking CXX shared library libhusarion_ugv_msgs__rosidl_typesupport_cpp.so
[ 45%] Built target husarion_ugv_msgs__rosidl_typesupport_cpp
[ 46%] Generating C introspection for ROS interfaces
[ 47%] Building CXX object CMakeFiles/husarion_ugv_msgs__rosidl_typesupport_fastrtps_c.dir/rosidl_typesupport_fastrtps_c/husarion_ugv_msgs/msg/detail/led_animation__type_support_c.cpp.o
[ 48%] Building CXX object CMakeFiles/husarion_ugv_msgs__rosidl_typesupport_fastrtps_cpp.dir/rosidl_typesupport_fastrtps_cpp/husarion_ugv_msgs/msg/detail/dds_fastrtps/script_flag__type_support.cpp.o
[ 48%] Building CXX object CMakeFiles/husarion_ugv_msgs__rosidl_typesupport_introspection_cpp.dir/rosidl_typesupport_introspection_cpp/husarion_ugv_msgs/srv/detail/set_led_animation__type_support.cpp.o
[ 49%] Building CXX object CMakeFiles/husarion_ugv_msgs__rosidl_typesupport_fastrtps_c.dir/rosidl_typesupport_fastrtps_c/husarion_ugv_msgs/msg/detail/led_animation_queue__type_support_c.cpp.o
[ 50%] Building CXX object CMakeFiles/husarion_ugv_msgs__rosidl_typesupport_fastrtps_cpp.dir/rosidl_typesupport_fastrtps_cpp/husarion_ugv_msgs/msg/detail/dds_fastrtps/system_status__type_support.cpp.o
[ 50%] Building CXX object CMakeFiles/husarion_ugv_msgs__rosidl_typesupport_fastrtps_c.dir/rosidl_typesupport_fastrtps_c/husarion_ugv_msgs/msg/detail/led_image_animation__type_support_c.cpp.o
[ 51%] Building CXX object CMakeFiles/husarion_ugv_msgs__rosidl_typesupport_introspection_cpp.dir/rosidl_typesupport_introspection_cpp/husarion_ugv_msgs/srv/detail/set_led_brightness__type_support.cpp.o
[ 51%] Building CXX object CMakeFiles/husarion_ugv_msgs__rosidl_typesupport_fastrtps_cpp.dir/rosidl_typesupport_fastrtps_cpp/husarion_ugv_msgs/srv/detail/dds_fastrtps/set_led_animation__type_support.cpp.o
[ 52%] Building CXX object CMakeFiles/husarion_ugv_msgs__rosidl_typesupport_fastrtps_c.dir/rosidl_typesupport_fastrtps_c/husarion_ugv_msgs/msg/detail/robot_driver_state__type_support_c.cpp.o
[ 53%] Building CXX object CMakeFiles/husarion_ugv_msgs__rosidl_typesupport_introspection_cpp.dir/rosidl_typesupport_introspection_cpp/husarion_ugv_msgs/srv/detail/set_led_image_animation__type_support.cpp.o
[ 54%] Building C object CMakeFiles/husarion_ugv_msgs__rosidl_typesupport_introspection_c.dir/rosidl_typesupport_introspection_c/husarion_ugv_msgs/msg/detail/charging_status__type_support.c.o
[ 55%] Building CXX object CMakeFiles/husarion_ugv_msgs__rosidl_typesupport_fastrtps_cpp.dir/rosidl_typesupport_fastrtps_cpp/husarion_ugv_msgs/srv/detail/dds_fastrtps/set_led_brightness__type_support.cpp.o
[ 55%] Building C object CMakeFiles/husarion_ugv_msgs__rosidl_typesupport_introspection_c.dir/rosidl_typesupport_introspection_c/husarion_ugv_msgs/msg/detail/driver_state__type_support.c.o
[ 56%] Building C object CMakeFiles/husarion_ugv_msgs__rosidl_typesupport_introspection_c.dir/rosidl_typesupport_introspection_c/husarion_ugv_msgs/msg/detail/driver_state_named__type_support.c.o
[ 57%] Building C object CMakeFiles/husarion_ugv_msgs__rosidl_typesupport_introspection_c.dir/rosidl_typesupport_introspection_c/husarion_ugv_msgs/msg/detail/fault_flag__type_support.c.o
[ 58%] Building CXX object CMakeFiles/husarion_ugv_msgs__rosidl_typesupport_fastrtps_c.dir/rosidl_typesupport_fastrtps_c/husarion_ugv_msgs/msg/detail/runtime_error__type_support_c.cpp.o
[ 59%] Linking CXX shared library libhusarion_ugv_msgs__rosidl_typesupport_introspection_cpp.so
[ 60%] Building C object CMakeFiles/husarion_ugv_msgs__rosidl_typesupport_introspection_c.dir/rosidl_typesupport_introspection_c/husarion_ugv_msgs/msg/detail/io_state__type_support.c.o
[ 60%] Building C object CMakeFiles/husarion_ugv_msgs__rosidl_typesupport_introspection_c.dir/rosidl_typesupport_introspection_c/husarion_ugv_msgs/msg/detail/led_animation__type_support.c.o
[ 60%] Built target husarion_ugv_msgs__rosidl_typesupport_introspection_cpp
[ 61%] Building C object CMakeFiles/husarion_ugv_msgs__rosidl_typesupport_introspection_c.dir/rosidl_typesupport_introspection_c/husarion_ugv_msgs/msg/detail/led_animation_queue__type_support.c.o
[ 62%] Building C object CMakeFiles/husarion_ugv_msgs__rosidl_typesupport_introspection_c.dir/rosidl_typesupport_introspection_c/husarion_ugv_msgs/msg/detail/led_image_animation__type_support.c.o
[ 62%] Building C object CMakeFiles/husarion_ugv_msgs__rosidl_typesupport_introspection_c.dir/rosidl_typesupport_introspection_c/husarion_ugv_msgs/msg/detail/robot_driver_state__type_support.c.o
[ 63%] Building C object CMakeFiles/husarion_ugv_msgs__rosidl_typesupport_introspection_c.dir/rosidl_typesupport_introspection_c/husarion_ugv_msgs/msg/detail/runtime_error__type_support.c.o
[ 64%] Building C object CMakeFiles/husarion_ugv_msgs__rosidl_typesupport_introspection_c.dir/rosidl_typesupport_introspection_c/husarion_ugv_msgs/msg/detail/script_flag__type_support.c.o
[ 64%] Building C object CMakeFiles/husarion_ugv_msgs__rosidl_typesupport_introspection_c.dir/rosidl_typesupport_introspection_c/husarion_ugv_msgs/msg/detail/system_status__type_support.c.o
[ 65%] Building C object CMakeFiles/husarion_ugv_msgs__rosidl_typesupport_introspection_c.dir/rosidl_typesupport_introspection_c/husarion_ugv_msgs/srv/detail/set_led_animation__type_support.c.o
[ 66%] Building C object CMakeFiles/husarion_ugv_msgs__rosidl_typesupport_introspection_c.dir/rosidl_typesupport_introspection_c/husarion_ugv_msgs/srv/detail/set_led_brightness__type_support.c.o
[ 67%] Building C object CMakeFiles/husarion_ugv_msgs__rosidl_typesupport_introspection_c.dir/rosidl_typesupport_introspection_c/husarion_ugv_msgs/srv/detail/set_led_image_animation__type_support.c.o
[ 68%] Generating C type support dispatch for ROS interfaces
[ 69%] Building CXX object CMakeFiles/husarion_ugv_msgs__rosidl_typesupport_fastrtps_cpp.dir/rosidl_typesupport_fastrtps_cpp/husarion_ugv_msgs/srv/detail/dds_fastrtps/set_led_image_animation__type_support.cpp.o
[ 69%] Linking C shared library libhusarion_ugv_msgs__rosidl_typesupport_introspection_c.so
[ 69%] Built target husarion_ugv_msgs__rosidl_typesupport_introspection_c
[ 70%] Building CXX object CMakeFiles/husarion_ugv_msgs__rosidl_typesupport_fastrtps_c.dir/rosidl_typesupport_fastrtps_c/husarion_ugv_msgs/msg/detail/script_flag__type_support_c.cpp.o
[ 70%] Building CXX object CMakeFiles/husarion_ugv_msgs__rosidl_typesupport_fastrtps_c.dir/rosidl_typesupport_fastrtps_c/husarion_ugv_msgs/msg/detail/system_status__type_support_c.cpp.o
[ 71%] Building CXX object CMakeFiles/husarion_ugv_msgs__rosidl_typesupport_fastrtps_c.dir/rosidl_typesupport_fastrtps_c/husarion_ugv_msgs/srv/detail/set_led_animation__type_support_c.cpp.o
[ 71%] Linking CXX shared library libhusarion_ugv_msgs__rosidl_typesupport_fastrtps_cpp.so
[ 71%] Built target husarion_ugv_msgs__rosidl_typesupport_fastrtps_cpp
[ 72%] Building CXX object CMakeFiles/husarion_ugv_msgs__rosidl_typesupport_fastrtps_c.dir/rosidl_typesupport_fastrtps_c/husarion_ugv_msgs/srv/detail/set_led_brightness__type_support_c.cpp.o
[ 72%] Building CXX object CMakeFiles/husarion_ugv_msgs__rosidl_typesupport_fastrtps_c.dir/rosidl_typesupport_fastrtps_c/husarion_ugv_msgs/srv/detail/set_led_image_animation__type_support_c.cpp.o
[ 73%] Building CXX object CMakeFiles/husarion_ugv_msgs__rosidl_typesupport_c.dir/rosidl_typesupport_c/husarion_ugv_msgs/msg/driver_state__type_support.cpp.o
[ 73%] Building CXX object CMakeFiles/husarion_ugv_msgs__rosidl_typesupport_c.dir/rosidl_typesupport_c/husarion_ugv_msgs/msg/charging_status__type_support.cpp.o
[ 73%] Building CXX object CMakeFiles/husarion_ugv_msgs__rosidl_typesupport_c.dir/rosidl_typesupport_c/husarion_ugv_msgs/msg/fault_flag__type_support.cpp.o
[ 74%] Building CXX object CMakeFiles/husarion_ugv_msgs__rosidl_typesupport_c.dir/rosidl_typesupport_c/husarion_ugv_msgs/msg/driver_state_named__type_support.cpp.o
[ 75%] Building CXX object CMakeFiles/husarion_ugv_msgs__rosidl_typesupport_c.dir/rosidl_typesupport_c/husarion_ugv_msgs/msg/io_state__type_support.cpp.o
[ 76%] Building CXX object CMakeFiles/husarion_ugv_msgs__rosidl_typesupport_c.dir/rosidl_typesupport_c/husarion_ugv_msgs/msg/led_animation__type_support.cpp.o
[ 77%] Building CXX object CMakeFiles/husarion_ugv_msgs__rosidl_typesupport_c.dir/rosidl_typesupport_c/husarion_ugv_msgs/msg/led_animation_queue__type_support.cpp.o
[ 77%] Building CXX object CMakeFiles/husarion_ugv_msgs__rosidl_typesupport_c.dir/rosidl_typesupport_c/husarion_ugv_msgs/msg/led_image_animation__type_support.cpp.o
[ 78%] Building CXX object CMakeFiles/husarion_ugv_msgs__rosidl_typesupport_c.dir/rosidl_typesupport_c/husarion_ugv_msgs/msg/robot_driver_state__type_support.cpp.o
[ 79%] Building CXX object CMakeFiles/husarion_ugv_msgs__rosidl_typesupport_c.dir/rosidl_typesupport_c/husarion_ugv_msgs/msg/runtime_error__type_support.cpp.o
[ 79%] Building CXX object CMakeFiles/husarion_ugv_msgs__rosidl_typesupport_c.dir/rosidl_typesupport_c/husarion_ugv_msgs/msg/script_flag__type_support.cpp.o
[ 80%] Linking CXX shared library libhusarion_ugv_msgs__rosidl_typesupport_fastrtps_c.so
[ 81%] Building CXX object CMakeFiles/husarion_ugv_msgs__rosidl_typesupport_c.dir/rosidl_typesupport_c/husarion_ugv_msgs/msg/system_status__type_support.cpp.o
[ 82%] Building CXX object CMakeFiles/husarion_ugv_msgs__rosidl_typesupport_c.dir/rosidl_typesupport_c/husarion_ugv_msgs/srv/set_led_animation__type_support.cpp.o
[ 82%] Building CXX object CMakeFiles/husarion_ugv_msgs__rosidl_typesupport_c.dir/rosidl_typesupport_c/husarion_ugv_msgs/srv/set_led_brightness__type_support.cpp.o
[ 82%] Built target husarion_ugv_msgs__rosidl_typesupport_fastrtps_c
[ 83%] Building CXX object CMakeFiles/husarion_ugv_msgs__rosidl_typesupport_c.dir/rosidl_typesupport_c/husarion_ugv_msgs/srv/set_led_image_animation__type_support.cpp.o
[ 84%] Linking CXX shared library libhusarion_ugv_msgs__rosidl_typesupport_c.so
[ 84%] Built target husarion_ugv_msgs__rosidl_typesupport_c
[ 84%] Built target husarion_ugv_msgs
[ 85%] Generating Python code for ROS interfaces
[ 85%] Built target husarion_ugv_msgs__py
[ 85%] Building C object CMakeFiles/husarion_ugv_msgs__rosidl_generator_py.dir/rosidl_generator_py/husarion_ugv_msgs/msg/_charging_status_s.c.o
[ 86%] Building C object CMakeFiles/husarion_ugv_msgs__rosidl_generator_py.dir/rosidl_generator_py/husarion_ugv_msgs/msg/_driver_state_s.c.o
[ 87%] Building C object CMakeFiles/husarion_ugv_msgs__rosidl_generator_py.dir/rosidl_generator_py/husarion_ugv_msgs/msg/_fault_flag_s.c.o
[ 87%] Building C object CMakeFiles/husarion_ugv_msgs__rosidl_generator_py.dir/rosidl_generator_py/husarion_ugv_msgs/msg/_io_state_s.c.o
[ 88%] Building C object CMakeFiles/husarion_ugv_msgs__rosidl_generator_py.dir/rosidl_generator_py/husarion_ugv_msgs/msg/_led_animation_s.c.o
[ 89%] Building C object CMakeFiles/husarion_ugv_msgs__rosidl_generator_py.dir/rosidl_generator_py/husarion_ugv_msgs/msg/_led_animation_queue_s.c.o
[ 89%] Building C object CMakeFiles/husarion_ugv_msgs__rosidl_generator_py.dir/rosidl_generator_py/husarion_ugv_msgs/msg/_led_image_animation_s.c.o
[ 90%] Building C object CMakeFiles/husarion_ugv_msgs__rosidl_generator_py.dir/rosidl_generator_py/husarion_ugv_msgs/msg/_robot_driver_state_s.c.o
[ 91%] Building C object CMakeFiles/husarion_ugv_msgs__rosidl_generator_py.dir/rosidl_generator_py/husarion_ugv_msgs/msg/_runtime_error_s.c.o
[ 91%] Building C object CMakeFiles/husarion_ugv_msgs__rosidl_generator_py.dir/rosidl_generator_py/husarion_ugv_msgs/msg/_script_flag_s.c.o
[ 92%] Building C object CMakeFiles/husarion_ugv_msgs__rosidl_generator_py.dir/rosidl_generator_py/husarion_ugv_msgs/msg/_system_status_s.c.o
[ 93%] Building C object CMakeFiles/husarion_ugv_msgs__rosidl_generator_py.dir/rosidl_generator_py/husarion_ugv_msgs/srv/_set_led_animation_s.c.o
[ 94%] Building C object CMakeFiles/husarion_ugv_msgs__rosidl_generator_py.dir/rosidl_generator_py/husarion_ugv_msgs/srv/_set_led_brightness_s.c.o
[ 94%] Building C object CMakeFiles/husarion_ugv_msgs__rosidl_generator_py.dir/rosidl_generator_py/husarion_ugv_msgs/srv/_set_led_image_animation_s.c.o
[ 95%] Building C object CMakeFiles/husarion_ugv_msgs__rosidl_generator_py.dir/rosidl_generator_py/husarion_ugv_msgs/msg/_driver_state_named_s.c.o
[ 96%] Linking C shared library rosidl_generator_py/husarion_ugv_msgs/libhusarion_ugv_msgs__rosidl_generator_py.so
[ 96%] Built target husarion_ugv_msgs__rosidl_generator_py
[ 97%] Building C object CMakeFiles/husarion_ugv_msgs__rosidl_typesupport_fastrtps_c__pyext.dir/rosidl_generator_py/husarion_ugv_msgs/_husarion_ugv_msgs_s.ep.rosidl_typesupport_fastrtps_c.c.o
[ 98%] Building C object CMakeFiles/husarion_ugv_msgs__rosidl_typesupport_introspection_c__pyext.dir/rosidl_generator_py/husarion_ugv_msgs/_husarion_ugv_msgs_s.ep.rosidl_typesupport_introspection_c.c.o
[ 98%] Linking C shared library rosidl_generator_py/husarion_ugv_msgs/husarion_ugv_msgs_s__rosidl_typesupport_fastrtps_c.cpython-310-x86_64-linux-gnu.so
[ 99%] Linking C shared library rosidl_generator_py/husarion_ugv_msgs/husarion_ugv_msgs_s__rosidl_typesupport_introspection_c.cpython-310-x86_64-linux-gnu.so
[ 99%] Built target husarion_ugv_msgs__rosidl_typesupport_fastrtps_c__pyext
[100%] Building C object CMakeFiles/husarion_ugv_msgs__rosidl_typesupport_c__pyext.dir/rosidl_generator_py/husarion_ugv_msgs/_husarion_ugv_msgs_s.ep.rosidl_typesupport_c.c.o
[100%] Built target husarion_ugv_msgs__rosidl_typesupport_introspection_c__pyext
[100%] Linking C shared library rosidl_generator_py/husarion_ugv_msgs/husarion_ugv_msgs_s__rosidl_typesupport_c.cpython-310-x86_64-linux-gnu.so
[100%] Built target husarion_ugv_msgs__rosidl_typesupport_c__pyext
-- Install configuration: "Release"
-- Execute custom install script
-- Symlinking: /ros2_ws/install/husarion_ugv_msgs/share/ament_index/resource_index/rosidl_interfaces/husarion_ugv_msgs
-- Symlinking: /ros2_ws/install/husarion_ugv_msgs/include/husarion_ugv_msgs/husarion_ugv_msgs/msg/charging_status.h
-- Symlinking: /ros2_ws/install/husarion_ugv_msgs/include/husarion_ugv_msgs/husarion_ugv_msgs/msg/detail/charging_status__functions.h
-- Symlinking: /ros2_ws/install/husarion_ugv_msgs/include/husarion_ugv_msgs/husarion_ugv_msgs/msg/detail/charging_status__struct.h
-- Symlinking: /ros2_ws/install/husarion_ugv_msgs/include/husarion_ugv_msgs/husarion_ugv_msgs/msg/detail/charging_status__type_support.h
-- Symlinking: /ros2_ws/install/husarion_ugv_msgs/include/husarion_ugv_msgs/husarion_ugv_msgs/msg/detail/driver_state__functions.h
-- Symlinking: /ros2_ws/install/husarion_ugv_msgs/include/husarion_ugv_msgs/husarion_ugv_msgs/msg/detail/driver_state__struct.h
-- Symlinking: /ros2_ws/install/husarion_ugv_msgs/include/husarion_ugv_msgs/husarion_ugv_msgs/msg/detail/driver_state__type_support.h
-- Symlinking: /ros2_ws/install/husarion_ugv_msgs/include/husarion_ugv_msgs/husarion_ugv_msgs/msg/detail/driver_state_named__functions.h
-- Symlinking: /ros2_ws/install/husarion_ugv_msgs/include/husarion_ugv_msgs/husarion_ugv_msgs/msg/detail/driver_state_named__struct.h
-- Symlinking: /ros2_ws/install/husarion_ugv_msgs/include/husarion_ugv_msgs/husarion_ugv_msgs/msg/detail/driver_state_named__type_support.h
-- Symlinking: /ros2_ws/install/husarion_ugv_msgs/include/husarion_ugv_msgs/husarion_ugv_msgs/msg/detail/fault_flag__functions.h
-- Symlinking: /ros2_ws/install/husarion_ugv_msgs/include/husarion_ugv_msgs/husarion_ugv_msgs/msg/detail/fault_flag__struct.h
-- Symlinking: /ros2_ws/install/husarion_ugv_msgs/include/husarion_ugv_msgs/husarion_ugv_msgs/msg/detail/fault_flag__type_support.h
-- Symlinking: /ros2_ws/install/husarion_ugv_msgs/include/husarion_ugv_msgs/husarion_ugv_msgs/msg/detail/io_state__functions.h
-- Symlinking: /ros2_ws/install/husarion_ugv_msgs/include/husarion_ugv_msgs/husarion_ugv_msgs/msg/detail/io_state__struct.h
-- Symlinking: /ros2_ws/install/husarion_ugv_msgs/include/husarion_ugv_msgs/husarion_ugv_msgs/msg/detail/io_state__type_support.h
-- Symlinking: /ros2_ws/install/husarion_ugv_msgs/include/husarion_ugv_msgs/husarion_ugv_msgs/msg/detail/led_animation__functions.h
-- Symlinking: /ros2_ws/install/husarion_ugv_msgs/include/husarion_ugv_msgs/husarion_ugv_msgs/msg/detail/led_animation__struct.h
-- Symlinking: /ros2_ws/install/husarion_ugv_msgs/include/husarion_ugv_msgs/husarion_ugv_msgs/msg/detail/led_animation__type_support.h
-- Symlinking: /ros2_ws/install/husarion_ugv_msgs/include/husarion_ugv_msgs/husarion_ugv_msgs/msg/detail/led_animation_queue__functions.h
-- Symlinking: /ros2_ws/install/husarion_ugv_msgs/include/husarion_ugv_msgs/husarion_ugv_msgs/msg/detail/led_animation_queue__struct.h
-- Symlinking: /ros2_ws/install/husarion_ugv_msgs/include/husarion_ugv_msgs/husarion_ugv_msgs/msg/detail/led_animation_queue__type_support.h
-- Symlinking: /ros2_ws/install/husarion_ugv_msgs/include/husarion_ugv_msgs/husarion_ugv_msgs/msg/detail/led_image_animation__functions.h
-- Symlinking: /ros2_ws/install/husarion_ugv_msgs/include/husarion_ugv_msgs/husarion_ugv_msgs/msg/detail/led_image_animation__struct.h
-- Symlinking: /ros2_ws/install/husarion_ugv_msgs/include/husarion_ugv_msgs/husarion_ugv_msgs/msg/detail/led_image_animation__type_support.h
-- Symlinking: /ros2_ws/install/husarion_ugv_msgs/include/husarion_ugv_msgs/husarion_ugv_msgs/msg/detail/robot_driver_state__functions.h
-- Symlinking: /ros2_ws/install/husarion_ugv_msgs/include/husarion_ugv_msgs/husarion_ugv_msgs/msg/detail/robot_driver_state__struct.h
-- Symlinking: /ros2_ws/install/husarion_ugv_msgs/include/husarion_ugv_msgs/husarion_ugv_msgs/msg/detail/robot_driver_state__type_support.h
-- Symlinking: /ros2_ws/install/husarion_ugv_msgs/include/husarion_ugv_msgs/husarion_ugv_msgs/msg/detail/runtime_error__functions.h
-- Symlinking: /ros2_ws/install/husarion_ugv_msgs/include/husarion_ugv_msgs/husarion_ugv_msgs/msg/detail/runtime_error__struct.h
-- Symlinking: /ros2_ws/install/husarion_ugv_msgs/include/husarion_ugv_msgs/husarion_ugv_msgs/msg/detail/runtime_error__type_support.h
-- Symlinking: /ros2_ws/install/husarion_ugv_msgs/include/husarion_ugv_msgs/husarion_ugv_msgs/msg/detail/script_flag__functions.h
-- Symlinking: /ros2_ws/install/husarion_ugv_msgs/include/husarion_ugv_msgs/husarion_ugv_msgs/msg/detail/script_flag__struct.h
-- Symlinking: /ros2_ws/install/husarion_ugv_msgs/include/husarion_ugv_msgs/husarion_ugv_msgs/msg/detail/script_flag__type_support.h
-- Symlinking: /ros2_ws/install/husarion_ugv_msgs/include/husarion_ugv_msgs/husarion_ugv_msgs/msg/detail/system_status__functions.h
-- Symlinking: /ros2_ws/install/husarion_ugv_msgs/include/husarion_ugv_msgs/husarion_ugv_msgs/msg/detail/system_status__struct.h
-- Symlinking: /ros2_ws/install/husarion_ugv_msgs/include/husarion_ugv_msgs/husarion_ugv_msgs/msg/detail/system_status__type_support.h
-- Symlinking: /ros2_ws/install/husarion_ugv_msgs/include/husarion_ugv_msgs/husarion_ugv_msgs/msg/driver_state.h
-- Symlinking: /ros2_ws/install/husarion_ugv_msgs/include/husarion_ugv_msgs/husarion_ugv_msgs/msg/driver_state_named.h
-- Symlinking: /ros2_ws/install/husarion_ugv_msgs/include/husarion_ugv_msgs/husarion_ugv_msgs/msg/fault_flag.h
-- Symlinking: /ros2_ws/install/husarion_ugv_msgs/include/husarion_ugv_msgs/husarion_ugv_msgs/msg/io_state.h
-- Symlinking: /ros2_ws/install/husarion_ugv_msgs/include/husarion_ugv_msgs/husarion_ugv_msgs/msg/led_animation.h
-- Symlinking: /ros2_ws/install/husarion_ugv_msgs/include/husarion_ugv_msgs/husarion_ugv_msgs/msg/led_animation_queue.h
-- Symlinking: /ros2_ws/install/husarion_ugv_msgs/include/husarion_ugv_msgs/husarion_ugv_msgs/msg/led_image_animation.h
-- Symlinking: /ros2_ws/install/husarion_ugv_msgs/include/husarion_ugv_msgs/husarion_ugv_msgs/msg/robot_driver_state.h
-- Symlinking: /ros2_ws/install/husarion_ugv_msgs/include/husarion_ugv_msgs/husarion_ugv_msgs/msg/rosidl_generator_c__visibility_control.h
-- Symlinking: /ros2_ws/install/husarion_ugv_msgs/include/husarion_ugv_msgs/husarion_ugv_msgs/msg/runtime_error.h
-- Symlinking: /ros2_ws/install/husarion_ugv_msgs/include/husarion_ugv_msgs/husarion_ugv_msgs/msg/script_flag.h
-- Symlinking: /ros2_ws/install/husarion_ugv_msgs/include/husarion_ugv_msgs/husarion_ugv_msgs/msg/system_status.h
-- Symlinking: /ros2_ws/install/husarion_ugv_msgs/include/husarion_ugv_msgs/husarion_ugv_msgs/srv/detail/set_led_animation__functions.h
-- Symlinking: /ros2_ws/install/husarion_ugv_msgs/include/husarion_ugv_msgs/husarion_ugv_msgs/srv/detail/set_led_animation__struct.h
-- Symlinking: /ros2_ws/install/husarion_ugv_msgs/include/husarion_ugv_msgs/husarion_ugv_msgs/srv/detail/set_led_animation__type_support.h
-- Symlinking: /ros2_ws/install/husarion_ugv_msgs/include/husarion_ugv_msgs/husarion_ugv_msgs/srv/detail/set_led_brightness__functions.h
-- Symlinking: /ros2_ws/install/husarion_ugv_msgs/include/husarion_ugv_msgs/husarion_ugv_msgs/srv/detail/set_led_brightness__struct.h
-- Symlinking: /ros2_ws/install/husarion_ugv_msgs/include/husarion_ugv_msgs/husarion_ugv_msgs/srv/detail/set_led_brightness__type_support.h
-- Symlinking: /ros2_ws/install/husarion_ugv_msgs/include/husarion_ugv_msgs/husarion_ugv_msgs/srv/detail/set_led_image_animation__functions.h
-- Symlinking: /ros2_ws/install/husarion_ugv_msgs/include/husarion_ugv_msgs/husarion_ugv_msgs/srv/detail/set_led_image_animation__struct.h
-- Symlinking: /ros2_ws/install/husarion_ugv_msgs/include/husarion_ugv_msgs/husarion_ugv_msgs/srv/detail/set_led_image_animation__type_support.h
-- Symlinking: /ros2_ws/install/husarion_ugv_msgs/include/husarion_ugv_msgs/husarion_ugv_msgs/srv/set_led_animation.h
-- Symlinking: /ros2_ws/install/husarion_ugv_msgs/include/husarion_ugv_msgs/husarion_ugv_msgs/srv/set_led_brightness.h
-- Symlinking: /ros2_ws/install/husarion_ugv_msgs/include/husarion_ugv_msgs/husarion_ugv_msgs/srv/set_led_image_animation.h
-- Symlinking: /ros2_ws/install/husarion_ugv_msgs/share/husarion_ugv_msgs/environment/library_path.sh
-- Symlinking: /ros2_ws/install/husarion_ugv_msgs/share/husarion_ugv_msgs/environment/library_path.dsv
-- Symlinking: /ros2_ws/install/husarion_ugv_msgs/include/husarion_ugv_msgs/husarion_ugv_msgs/msg/detail/charging_status__rosidl_typesupport_fastrtps_c.h
-- Symlinking: /ros2_ws/install/husarion_ugv_msgs/include/husarion_ugv_msgs/husarion_ugv_msgs/msg/detail/driver_state__rosidl_typesupport_fastrtps_c.h
-- Symlinking: /ros2_ws/install/husarion_ugv_msgs/include/husarion_ugv_msgs/husarion_ugv_msgs/msg/detail/driver_state_named__rosidl_typesupport_fastrtps_c.h
-- Symlinking: /ros2_ws/install/husarion_ugv_msgs/include/husarion_ugv_msgs/husarion_ugv_msgs/msg/detail/fault_flag__rosidl_typesupport_fastrtps_c.h
-- Symlinking: /ros2_ws/install/husarion_ugv_msgs/include/husarion_ugv_msgs/husarion_ugv_msgs/msg/detail/io_state__rosidl_typesupport_fastrtps_c.h
-- Symlinking: /ros2_ws/install/husarion_ugv_msgs/include/husarion_ugv_msgs/husarion_ugv_msgs/msg/detail/led_animation__rosidl_typesupport_fastrtps_c.h
-- Symlinking: /ros2_ws/install/husarion_ugv_msgs/include/husarion_ugv_msgs/husarion_ugv_msgs/msg/detail/led_animation_queue__rosidl_typesupport_fastrtps_c.h
-- Symlinking: /ros2_ws/install/husarion_ugv_msgs/include/husarion_ugv_msgs/husarion_ugv_msgs/msg/detail/led_image_animation__rosidl_typesupport_fastrtps_c.h
-- Symlinking: /ros2_ws/install/husarion_ugv_msgs/include/husarion_ugv_msgs/husarion_ugv_msgs/msg/detail/robot_driver_state__rosidl_typesupport_fastrtps_c.h
-- Symlinking: /ros2_ws/install/husarion_ugv_msgs/include/husarion_ugv_msgs/husarion_ugv_msgs/msg/detail/runtime_error__rosidl_typesupport_fastrtps_c.h
-- Symlinking: /ros2_ws/install/husarion_ugv_msgs/include/husarion_ugv_msgs/husarion_ugv_msgs/msg/detail/script_flag__rosidl_typesupport_fastrtps_c.h
-- Symlinking: /ros2_ws/install/husarion_ugv_msgs/include/husarion_ugv_msgs/husarion_ugv_msgs/msg/detail/system_status__rosidl_typesupport_fastrtps_c.h
-- Symlinking: /ros2_ws/install/husarion_ugv_msgs/include/husarion_ugv_msgs/husarion_ugv_msgs/msg/rosidl_typesupport_fastrtps_c__visibility_control.h
-- Symlinking: /ros2_ws/install/husarion_ugv_msgs/include/husarion_ugv_msgs/husarion_ugv_msgs/srv/detail/set_led_animation__rosidl_typesupport_fastrtps_c.h
-- Symlinking: /ros2_ws/install/husarion_ugv_msgs/include/husarion_ugv_msgs/husarion_ugv_msgs/srv/detail/set_led_brightness__rosidl_typesupport_fastrtps_c.h
-- Symlinking: /ros2_ws/install/husarion_ugv_msgs/include/husarion_ugv_msgs/husarion_ugv_msgs/srv/detail/set_led_image_animation__rosidl_typesupport_fastrtps_c.h
-- Symlinking: /ros2_ws/install/husarion_ugv_msgs/include/husarion_ugv_msgs/husarion_ugv_msgs/msg/charging_status.hpp
-- Symlinking: /ros2_ws/install/husarion_ugv_msgs/include/husarion_ugv_msgs/husarion_ugv_msgs/msg/detail/charging_status__builder.hpp
-- Symlinking: /ros2_ws/install/husarion_ugv_msgs/include/husarion_ugv_msgs/husarion_ugv_msgs/msg/detail/charging_status__struct.hpp
-- Symlinking: /ros2_ws/install/husarion_ugv_msgs/include/husarion_ugv_msgs/husarion_ugv_msgs/msg/detail/charging_status__traits.hpp
-- Symlinking: /ros2_ws/install/husarion_ugv_msgs/include/husarion_ugv_msgs/husarion_ugv_msgs/msg/detail/driver_state__builder.hpp
-- Symlinking: /ros2_ws/install/husarion_ugv_msgs/include/husarion_ugv_msgs/husarion_ugv_msgs/msg/detail/driver_state__struct.hpp
-- Symlinking: /ros2_ws/install/husarion_ugv_msgs/include/husarion_ugv_msgs/husarion_ugv_msgs/msg/detail/driver_state__traits.hpp
-- Symlinking: /ros2_ws/install/husarion_ugv_msgs/include/husarion_ugv_msgs/husarion_ugv_msgs/msg/detail/driver_state_named__builder.hpp
-- Symlinking: /ros2_ws/install/husarion_ugv_msgs/include/husarion_ugv_msgs/husarion_ugv_msgs/msg/detail/driver_state_named__struct.hpp
-- Symlinking: /ros2_ws/install/husarion_ugv_msgs/include/husarion_ugv_msgs/husarion_ugv_msgs/msg/detail/driver_state_named__traits.hpp
-- Symlinking: /ros2_ws/install/husarion_ugv_msgs/include/husarion_ugv_msgs/husarion_ugv_msgs/msg/detail/fault_flag__builder.hpp
-- Symlinking: /ros2_ws/install/husarion_ugv_msgs/include/husarion_ugv_msgs/husarion_ugv_msgs/msg/detail/fault_flag__struct.hpp
-- Symlinking: /ros2_ws/install/husarion_ugv_msgs/include/husarion_ugv_msgs/husarion_ugv_msgs/msg/detail/fault_flag__traits.hpp
-- Symlinking: /ros2_ws/install/husarion_ugv_msgs/include/husarion_ugv_msgs/husarion_ugv_msgs/msg/detail/io_state__builder.hpp
-- Symlinking: /ros2_ws/install/husarion_ugv_msgs/include/husarion_ugv_msgs/husarion_ugv_msgs/msg/detail/io_state__struct.hpp
-- Symlinking: /ros2_ws/install/husarion_ugv_msgs/include/husarion_ugv_msgs/husarion_ugv_msgs/msg/detail/io_state__traits.hpp
-- Symlinking: /ros2_ws/install/husarion_ugv_msgs/include/husarion_ugv_msgs/husarion_ugv_msgs/msg/detail/led_animation__builder.hpp
-- Symlinking: /ros2_ws/install/husarion_ugv_msgs/include/husarion_ugv_msgs/husarion_ugv_msgs/msg/detail/led_animation__struct.hpp
-- Symlinking: /ros2_ws/install/husarion_ugv_msgs/include/husarion_ugv_msgs/husarion_ugv_msgs/msg/detail/led_animation__traits.hpp
-- Symlinking: /ros2_ws/install/husarion_ugv_msgs/include/husarion_ugv_msgs/husarion_ugv_msgs/msg/detail/led_animation_queue__builder.hpp
-- Symlinking: /ros2_ws/install/husarion_ugv_msgs/include/husarion_ugv_msgs/husarion_ugv_msgs/msg/detail/led_animation_queue__struct.hpp
-- Symlinking: /ros2_ws/install/husarion_ugv_msgs/include/husarion_ugv_msgs/husarion_ugv_msgs/msg/detail/led_animation_queue__traits.hpp
-- Symlinking: /ros2_ws/install/husarion_ugv_msgs/include/husarion_ugv_msgs/husarion_ugv_msgs/msg/detail/led_image_animation__builder.hpp
-- Symlinking: /ros2_ws/install/husarion_ugv_msgs/include/husarion_ugv_msgs/husarion_ugv_msgs/msg/detail/led_image_animation__struct.hpp
-- Symlinking: /ros2_ws/install/husarion_ugv_msgs/include/husarion_ugv_msgs/husarion_ugv_msgs/msg/detail/led_image_animation__traits.hpp
-- Symlinking: /ros2_ws/install/husarion_ugv_msgs/include/husarion_ugv_msgs/husarion_ugv_msgs/msg/detail/robot_driver_state__builder.hpp
-- Symlinking: /ros2_ws/install/husarion_ugv_msgs/include/husarion_ugv_msgs/husarion_ugv_msgs/msg/detail/robot_driver_state__struct.hpp
-- Symlinking: /ros2_ws/install/husarion_ugv_msgs/include/husarion_ugv_msgs/husarion_ugv_msgs/msg/detail/robot_driver_state__traits.hpp
-- Symlinking: /ros2_ws/install/husarion_ugv_msgs/include/husarion_ugv_msgs/husarion_ugv_msgs/msg/detail/runtime_error__builder.hpp
-- Symlinking: /ros2_ws/install/husarion_ugv_msgs/include/husarion_ugv_msgs/husarion_ugv_msgs/msg/detail/runtime_error__struct.hpp
-- Symlinking: /ros2_ws/install/husarion_ugv_msgs/include/husarion_ugv_msgs/husarion_ugv_msgs/msg/detail/runtime_error__traits.hpp
-- Symlinking: /ros2_ws/install/husarion_ugv_msgs/include/husarion_ugv_msgs/husarion_ugv_msgs/msg/detail/script_flag__builder.hpp
-- Symlinking: /ros2_ws/install/husarion_ugv_msgs/include/husarion_ugv_msgs/husarion_ugv_msgs/msg/detail/script_flag__struct.hpp
-- Symlinking: /ros2_ws/install/husarion_ugv_msgs/include/husarion_ugv_msgs/husarion_ugv_msgs/msg/detail/script_flag__traits.hpp
-- Symlinking: /ros2_ws/install/husarion_ugv_msgs/include/husarion_ugv_msgs/husarion_ugv_msgs/msg/detail/system_status__builder.hpp
-- Symlinking: /ros2_ws/install/husarion_ugv_msgs/include/husarion_ugv_msgs/husarion_ugv_msgs/msg/detail/system_status__struct.hpp
-- Symlinking: /ros2_ws/install/husarion_ugv_msgs/include/husarion_ugv_msgs/husarion_ugv_msgs/msg/detail/system_status__traits.hpp
-- Symlinking: /ros2_ws/install/husarion_ugv_msgs/include/husarion_ugv_msgs/husarion_ugv_msgs/msg/driver_state.hpp
-- Symlinking: /ros2_ws/install/husarion_ugv_msgs/include/husarion_ugv_msgs/husarion_ugv_msgs/msg/driver_state_named.hpp
-- Symlinking: /ros2_ws/install/husarion_ugv_msgs/include/husarion_ugv_msgs/husarion_ugv_msgs/msg/fault_flag.hpp
-- Symlinking: /ros2_ws/install/husarion_ugv_msgs/include/husarion_ugv_msgs/husarion_ugv_msgs/msg/io_state.hpp
-- Symlinking: /ros2_ws/install/husarion_ugv_msgs/include/husarion_ugv_msgs/husarion_ugv_msgs/msg/led_animation.hpp
-- Symlinking: /ros2_ws/install/husarion_ugv_msgs/include/husarion_ugv_msgs/husarion_ugv_msgs/msg/led_animation_queue.hpp
-- Symlinking: /ros2_ws/install/husarion_ugv_msgs/include/husarion_ugv_msgs/husarion_ugv_msgs/msg/led_image_animation.hpp
-- Symlinking: /ros2_ws/install/husarion_ugv_msgs/include/husarion_ugv_msgs/husarion_ugv_msgs/msg/robot_driver_state.hpp
-- Symlinking: /ros2_ws/install/husarion_ugv_msgs/include/husarion_ugv_msgs/husarion_ugv_msgs/msg/runtime_error.hpp
-- Symlinking: /ros2_ws/install/husarion_ugv_msgs/include/husarion_ugv_msgs/husarion_ugv_msgs/msg/script_flag.hpp
-- Symlinking: /ros2_ws/install/husarion_ugv_msgs/include/husarion_ugv_msgs/husarion_ugv_msgs/msg/system_status.hpp
-- Symlinking: /ros2_ws/install/husarion_ugv_msgs/include/husarion_ugv_msgs/husarion_ugv_msgs/srv/detail/set_led_animation__builder.hpp
-- Symlinking: /ros2_ws/install/husarion_ugv_msgs/include/husarion_ugv_msgs/husarion_ugv_msgs/srv/detail/set_led_animation__struct.hpp
-- Symlinking: /ros2_ws/install/husarion_ugv_msgs/include/husarion_ugv_msgs/husarion_ugv_msgs/srv/detail/set_led_animation__traits.hpp
-- Symlinking: /ros2_ws/install/husarion_ugv_msgs/include/husarion_ugv_msgs/husarion_ugv_msgs/srv/detail/set_led_brightness__builder.hpp
-- Symlinking: /ros2_ws/install/husarion_ugv_msgs/include/husarion_ugv_msgs/husarion_ugv_msgs/srv/detail/set_led_brightness__struct.hpp
-- Symlinking: /ros2_ws/install/husarion_ugv_msgs/include/husarion_ugv_msgs/husarion_ugv_msgs/srv/detail/set_led_brightness__traits.hpp
-- Symlinking: /ros2_ws/install/husarion_ugv_msgs/include/husarion_ugv_msgs/husarion_ugv_msgs/srv/detail/set_led_image_animation__builder.hpp
-- Symlinking: /ros2_ws/install/husarion_ugv_msgs/include/husarion_ugv_msgs/husarion_ugv_msgs/srv/detail/set_led_image_animation__struct.hpp
-- Symlinking: /ros2_ws/install/husarion_ugv_msgs/include/husarion_ugv_msgs/husarion_ugv_msgs/srv/detail/set_led_image_animation__traits.hpp
-- Symlinking: /ros2_ws/install/husarion_ugv_msgs/include/husarion_ugv_msgs/husarion_ugv_msgs/srv/set_led_animation.hpp
-- Symlinking: /ros2_ws/install/husarion_ugv_msgs/include/husarion_ugv_msgs/husarion_ugv_msgs/srv/set_led_brightness.hpp
-- Symlinking: /ros2_ws/install/husarion_ugv_msgs/include/husarion_ugv_msgs/husarion_ugv_msgs/srv/set_led_image_animation.hpp
-- Symlinking: /ros2_ws/install/husarion_ugv_msgs/include/husarion_ugv_msgs/husarion_ugv_msgs/msg/detail/charging_status__rosidl_typesupport_fastrtps_cpp.hpp
-- Symlinking: /ros2_ws/install/husarion_ugv_msgs/include/husarion_ugv_msgs/husarion_ugv_msgs/msg/detail/driver_state__rosidl_typesupport_fastrtps_cpp.hpp
-- Symlinking: /ros2_ws/install/husarion_ugv_msgs/include/husarion_ugv_msgs/husarion_ugv_msgs/msg/detail/driver_state_named__rosidl_typesupport_fastrtps_cpp.hpp
-- Symlinking: /ros2_ws/install/husarion_ugv_msgs/include/husarion_ugv_msgs/husarion_ugv_msgs/msg/detail/fault_flag__rosidl_typesupport_fastrtps_cpp.hpp
-- Symlinking: /ros2_ws/install/husarion_ugv_msgs/include/husarion_ugv_msgs/husarion_ugv_msgs/msg/detail/io_state__rosidl_typesupport_fastrtps_cpp.hpp
-- Symlinking: /ros2_ws/install/husarion_ugv_msgs/include/husarion_ugv_msgs/husarion_ugv_msgs/msg/detail/led_animation__rosidl_typesupport_fastrtps_cpp.hpp
-- Symlinking: /ros2_ws/install/husarion_ugv_msgs/include/husarion_ugv_msgs/husarion_ugv_msgs/msg/detail/led_animation_queue__rosidl_typesupport_fastrtps_cpp.hpp
-- Symlinking: /ros2_ws/install/husarion_ugv_msgs/include/husarion_ugv_msgs/husarion_ugv_msgs/msg/detail/led_image_animation__rosidl_typesupport_fastrtps_cpp.hpp
-- Symlinking: /ros2_ws/install/husarion_ugv_msgs/include/husarion_ugv_msgs/husarion_ugv_msgs/msg/detail/robot_driver_state__rosidl_typesupport_fastrtps_cpp.hpp
-- Symlinking: /ros2_ws/install/husarion_ugv_msgs/include/husarion_ugv_msgs/husarion_ugv_msgs/msg/detail/runtime_error__rosidl_typesupport_fastrtps_cpp.hpp
-- Symlinking: /ros2_ws/install/husarion_ugv_msgs/include/husarion_ugv_msgs/husarion_ugv_msgs/msg/detail/script_flag__rosidl_typesupport_fastrtps_cpp.hpp
-- Symlinking: /ros2_ws/install/husarion_ugv_msgs/include/husarion_ugv_msgs/husarion_ugv_msgs/msg/detail/system_status__rosidl_typesupport_fastrtps_cpp.hpp
-- Symlinking: /ros2_ws/install/husarion_ugv_msgs/include/husarion_ugv_msgs/husarion_ugv_msgs/msg/rosidl_typesupport_fastrtps_cpp__visibility_control.h
-- Symlinking: /ros2_ws/install/husarion_ugv_msgs/include/husarion_ugv_msgs/husarion_ugv_msgs/srv/detail/set_led_animation__rosidl_typesupport_fastrtps_cpp.hpp
-- Symlinking: /ros2_ws/install/husarion_ugv_msgs/include/husarion_ugv_msgs/husarion_ugv_msgs/srv/detail/set_led_brightness__rosidl_typesupport_fastrtps_cpp.hpp
-- Symlinking: /ros2_ws/install/husarion_ugv_msgs/include/husarion_ugv_msgs/husarion_ugv_msgs/srv/detail/set_led_image_animation__rosidl_typesupport_fastrtps_cpp.hpp
-- Symlinking: /ros2_ws/install/husarion_ugv_msgs/include/husarion_ugv_msgs/husarion_ugv_msgs/msg/detail/charging_status__rosidl_typesupport_introspection_c.h
-- Symlinking: /ros2_ws/install/husarion_ugv_msgs/include/husarion_ugv_msgs/husarion_ugv_msgs/msg/detail/driver_state__rosidl_typesupport_introspection_c.h
-- Symlinking: /ros2_ws/install/husarion_ugv_msgs/include/husarion_ugv_msgs/husarion_ugv_msgs/msg/detail/driver_state_named__rosidl_typesupport_introspection_c.h
-- Symlinking: /ros2_ws/install/husarion_ugv_msgs/include/husarion_ugv_msgs/husarion_ugv_msgs/msg/detail/fault_flag__rosidl_typesupport_introspection_c.h
-- Symlinking: /ros2_ws/install/husarion_ugv_msgs/include/husarion_ugv_msgs/husarion_ugv_msgs/msg/detail/io_state__rosidl_typesupport_introspection_c.h
-- Symlinking: /ros2_ws/install/husarion_ugv_msgs/include/husarion_ugv_msgs/husarion_ugv_msgs/msg/detail/led_animation__rosidl_typesupport_introspection_c.h
-- Symlinking: /ros2_ws/install/husarion_ugv_msgs/include/husarion_ugv_msgs/husarion_ugv_msgs/msg/detail/led_animation_queue__rosidl_typesupport_introspection_c.h
-- Symlinking: /ros2_ws/install/husarion_ugv_msgs/include/husarion_ugv_msgs/husarion_ugv_msgs/msg/detail/led_image_animation__rosidl_typesupport_introspection_c.h
-- Symlinking: /ros2_ws/install/husarion_ugv_msgs/include/husarion_ugv_msgs/husarion_ugv_msgs/msg/detail/robot_driver_state__rosidl_typesupport_introspection_c.h
-- Symlinking: /ros2_ws/install/husarion_ugv_msgs/include/husarion_ugv_msgs/husarion_ugv_msgs/msg/detail/runtime_error__rosidl_typesupport_introspection_c.h
-- Symlinking: /ros2_ws/install/husarion_ugv_msgs/include/husarion_ugv_msgs/husarion_ugv_msgs/msg/detail/script_flag__rosidl_typesupport_introspection_c.h
-- Symlinking: /ros2_ws/install/husarion_ugv_msgs/include/husarion_ugv_msgs/husarion_ugv_msgs/msg/detail/system_status__rosidl_typesupport_introspection_c.h
-- Symlinking: /ros2_ws/install/husarion_ugv_msgs/include/husarion_ugv_msgs/husarion_ugv_msgs/msg/rosidl_typesupport_introspection_c__visibility_control.h
-- Symlinking: /ros2_ws/install/husarion_ugv_msgs/include/husarion_ugv_msgs/husarion_ugv_msgs/srv/detail/set_led_animation__rosidl_typesupport_introspection_c.h
-- Symlinking: /ros2_ws/install/husarion_ugv_msgs/include/husarion_ugv_msgs/husarion_ugv_msgs/srv/detail/set_led_brightness__rosidl_typesupport_introspection_c.h
-- Symlinking: /ros2_ws/install/husarion_ugv_msgs/include/husarion_ugv_msgs/husarion_ugv_msgs/srv/detail/set_led_image_animation__rosidl_typesupport_introspection_c.h
-- Symlinking: /ros2_ws/install/husarion_ugv_msgs/include/husarion_ugv_msgs/husarion_ugv_msgs/msg/detail/charging_status__rosidl_typesupport_introspection_cpp.hpp
-- Symlinking: /ros2_ws/install/husarion_ugv_msgs/include/husarion_ugv_msgs/husarion_ugv_msgs/msg/detail/driver_state__rosidl_typesupport_introspection_cpp.hpp
-- Symlinking: /ros2_ws/install/husarion_ugv_msgs/include/husarion_ugv_msgs/husarion_ugv_msgs/msg/detail/driver_state_named__rosidl_typesupport_introspection_cpp.hpp
-- Symlinking: /ros2_ws/install/husarion_ugv_msgs/include/husarion_ugv_msgs/husarion_ugv_msgs/msg/detail/fault_flag__rosidl_typesupport_introspection_cpp.hpp
-- Symlinking: /ros2_ws/install/husarion_ugv_msgs/include/husarion_ugv_msgs/husarion_ugv_msgs/msg/detail/io_state__rosidl_typesupport_introspection_cpp.hpp
-- Symlinking: /ros2_ws/install/husarion_ugv_msgs/include/husarion_ugv_msgs/husarion_ugv_msgs/msg/detail/led_animation__rosidl_typesupport_introspection_cpp.hpp
-- Symlinking: /ros2_ws/install/husarion_ugv_msgs/include/husarion_ugv_msgs/husarion_ugv_msgs/msg/detail/led_animation_queue__rosidl_typesupport_introspection_cpp.hpp
-- Symlinking: /ros2_ws/install/husarion_ugv_msgs/include/husarion_ugv_msgs/husarion_ugv_msgs/msg/detail/led_image_animation__rosidl_typesupport_introspection_cpp.hpp
-- Symlinking: /ros2_ws/install/husarion_ugv_msgs/include/husarion_ugv_msgs/husarion_ugv_msgs/msg/detail/robot_driver_state__rosidl_typesupport_introspection_cpp.hpp
-- Symlinking: /ros2_ws/install/husarion_ugv_msgs/include/husarion_ugv_msgs/husarion_ugv_msgs/msg/detail/runtime_error__rosidl_typesupport_introspection_cpp.hpp
-- Symlinking: /ros2_ws/install/husarion_ugv_msgs/include/husarion_ugv_msgs/husarion_ugv_msgs/msg/detail/script_flag__rosidl_typesupport_introspection_cpp.hpp
-- Symlinking: /ros2_ws/install/husarion_ugv_msgs/include/husarion_ugv_msgs/husarion_ugv_msgs/msg/detail/system_status__rosidl_typesupport_introspection_cpp.hpp
-- Symlinking: /ros2_ws/install/husarion_ugv_msgs/include/husarion_ugv_msgs/husarion_ugv_msgs/srv/detail/set_led_animation__rosidl_typesupport_introspection_cpp.hpp
-- Symlinking: /ros2_ws/install/husarion_ugv_msgs/include/husarion_ugv_msgs/husarion_ugv_msgs/srv/detail/set_led_brightness__rosidl_typesupport_introspection_cpp.hpp
-- Symlinking: /ros2_ws/install/husarion_ugv_msgs/include/husarion_ugv_msgs/husarion_ugv_msgs/srv/detail/set_led_image_animation__rosidl_typesupport_introspection_cpp.hpp
-- Symlinking: /ros2_ws/install/husarion_ugv_msgs/share/husarion_ugv_msgs/environment/pythonpath.sh
-- Symlinking: /ros2_ws/install/husarion_ugv_msgs/share/husarion_ugv_msgs/environment/pythonpath.dsv
-- Symlinking: /ros2_ws/install/husarion_ugv_msgs/local/lib/python3.10/dist-packages/husarion_ugv_msgs-2.1.2-py3.10.egg-info/PKG-INFO
-- Symlinking: /ros2_ws/install/husarion_ugv_msgs/local/lib/python3.10/dist-packages/husarion_ugv_msgs-2.1.2-py3.10.egg-info/SOURCES.txt
-- Symlinking: /ros2_ws/install/husarion_ugv_msgs/local/lib/python3.10/dist-packages/husarion_ugv_msgs-2.1.2-py3.10.egg-info/dependency_links.txt
-- Symlinking: /ros2_ws/install/husarion_ugv_msgs/local/lib/python3.10/dist-packages/husarion_ugv_msgs-2.1.2-py3.10.egg-info/top_level.txt
-- Symlinking: /ros2_ws/install/husarion_ugv_msgs/local/lib/python3.10/dist-packages/husarion_ugv_msgs/__init__.py
-- Symlinking: /ros2_ws/install/husarion_ugv_msgs/local/lib/python3.10/dist-packages/husarion_ugv_msgs/_husarion_ugv_msgs_s.ep.rosidl_typesupport_c.c
-- Symlinking: /ros2_ws/install/husarion_ugv_msgs/local/lib/python3.10/dist-packages/husarion_ugv_msgs/_husarion_ugv_msgs_s.ep.rosidl_typesupport_fastrtps_c.c
-- Symlinking: /ros2_ws/install/husarion_ugv_msgs/local/lib/python3.10/dist-packages/husarion_ugv_msgs/_husarion_ugv_msgs_s.ep.rosidl_typesupport_introspection_c.c
-- Symlinking: /ros2_ws/install/husarion_ugv_msgs/local/lib/python3.10/dist-packages/husarion_ugv_msgs/husarion_ugv_msgs_s__rosidl_typesupport_c.cpython-310-x86_64-linux-gnu.so
-- Symlinking: /ros2_ws/install/husarion_ugv_msgs/local/lib/python3.10/dist-packages/husarion_ugv_msgs/husarion_ugv_msgs_s__rosidl_typesupport_fastrtps_c.cpython-310-x86_64-linux-gnu.so
-- Symlinking: /ros2_ws/install/husarion_ugv_msgs/local/lib/python3.10/dist-packages/husarion_ugv_msgs/husarion_ugv_msgs_s__rosidl_typesupport_introspection_c.cpython-310-x86_64-linux-gnu.so
-- Symlinking: /ros2_ws/install/husarion_ugv_msgs/local/lib/python3.10/dist-packages/husarion_ugv_msgs/libhusarion_ugv_msgs__rosidl_generator_py.so
-- Symlinking: /ros2_ws/install/husarion_ugv_msgs/local/lib/python3.10/dist-packages/husarion_ugv_msgs/msg/__init__.py
-- Symlinking: /ros2_ws/install/husarion_ugv_msgs/local/lib/python3.10/dist-packages/husarion_ugv_msgs/msg/_charging_status.py
-- Symlinking: /ros2_ws/install/husarion_ugv_msgs/local/lib/python3.10/dist-packages/husarion_ugv_msgs/msg/_charging_status_s.c
-- Symlinking: /ros2_ws/install/husarion_ugv_msgs/local/lib/python3.10/dist-packages/husarion_ugv_msgs/msg/_driver_state.py
-- Symlinking: /ros2_ws/install/husarion_ugv_msgs/local/lib/python3.10/dist-packages/husarion_ugv_msgs/msg/_driver_state_named.py
-- Symlinking: /ros2_ws/install/husarion_ugv_msgs/local/lib/python3.10/dist-packages/husarion_ugv_msgs/msg/_driver_state_named_s.c
-- Symlinking: /ros2_ws/install/husarion_ugv_msgs/local/lib/python3.10/dist-packages/husarion_ugv_msgs/msg/_driver_state_s.c
-- Symlinking: /ros2_ws/install/husarion_ugv_msgs/local/lib/python3.10/dist-packages/husarion_ugv_msgs/msg/_fault_flag.py
-- Symlinking: /ros2_ws/install/husarion_ugv_msgs/local/lib/python3.10/dist-packages/husarion_ugv_msgs/msg/_fault_flag_s.c
-- Symlinking: /ros2_ws/install/husarion_ugv_msgs/local/lib/python3.10/dist-packages/husarion_ugv_msgs/msg/_io_state.py
-- Symlinking: /ros2_ws/install/husarion_ugv_msgs/local/lib/python3.10/dist-packages/husarion_ugv_msgs/msg/_io_state_s.c
-- Symlinking: /ros2_ws/install/husarion_ugv_msgs/local/lib/python3.10/dist-packages/husarion_ugv_msgs/msg/_led_animation.py
-- Symlinking: /ros2_ws/install/husarion_ugv_msgs/local/lib/python3.10/dist-packages/husarion_ugv_msgs/msg/_led_animation_queue.py
-- Symlinking: /ros2_ws/install/husarion_ugv_msgs/local/lib/python3.10/dist-packages/husarion_ugv_msgs/msg/_led_animation_queue_s.c
-- Symlinking: /ros2_ws/install/husarion_ugv_msgs/local/lib/python3.10/dist-packages/husarion_ugv_msgs/msg/_led_animation_s.c
-- Symlinking: /ros2_ws/install/husarion_ugv_msgs/local/lib/python3.10/dist-packages/husarion_ugv_msgs/msg/_led_image_animation.py
-- Symlinking: /ros2_ws/install/husarion_ugv_msgs/local/lib/python3.10/dist-packages/husarion_ugv_msgs/msg/_led_image_animation_s.c
-- Symlinking: /ros2_ws/install/husarion_ugv_msgs/local/lib/python3.10/dist-packages/husarion_ugv_msgs/msg/_robot_driver_state.py
-- Symlinking: /ros2_ws/install/husarion_ugv_msgs/local/lib/python3.10/dist-packages/husarion_ugv_msgs/msg/_robot_driver_state_s.c
-- Symlinking: /ros2_ws/install/husarion_ugv_msgs/local/lib/python3.10/dist-packages/husarion_ugv_msgs/msg/_runtime_error.py
-- Symlinking: /ros2_ws/install/husarion_ugv_msgs/local/lib/python3.10/dist-packages/husarion_ugv_msgs/msg/_runtime_error_s.c
-- Symlinking: /ros2_ws/install/husarion_ugv_msgs/local/lib/python3.10/dist-packages/husarion_ugv_msgs/msg/_script_flag.py
-- Symlinking: /ros2_ws/install/husarion_ugv_msgs/local/lib/python3.10/dist-packages/husarion_ugv_msgs/msg/_script_flag_s.c
-- Symlinking: /ros2_ws/install/husarion_ugv_msgs/local/lib/python3.10/dist-packages/husarion_ugv_msgs/msg/_system_status.py
-- Symlinking: /ros2_ws/install/husarion_ugv_msgs/local/lib/python3.10/dist-packages/husarion_ugv_msgs/msg/_system_status_s.c
-- Symlinking: /ros2_ws/install/husarion_ugv_msgs/local/lib/python3.10/dist-packages/husarion_ugv_msgs/srv/__init__.py
-- Symlinking: /ros2_ws/install/husarion_ugv_msgs/local/lib/python3.10/dist-packages/husarion_ugv_msgs/srv/_set_led_animation.py
-- Symlinking: /ros2_ws/install/husarion_ugv_msgs/local/lib/python3.10/dist-packages/husarion_ugv_msgs/srv/_set_led_animation_s.c
-- Symlinking: /ros2_ws/install/husarion_ugv_msgs/local/lib/python3.10/dist-packages/husarion_ugv_msgs/srv/_set_led_brightness.py
-- Symlinking: /ros2_ws/install/husarion_ugv_msgs/local/lib/python3.10/dist-packages/husarion_ugv_msgs/srv/_set_led_brightness_s.c
-- Symlinking: /ros2_ws/install/husarion_ugv_msgs/local/lib/python3.10/dist-packages/husarion_ugv_msgs/srv/_set_led_image_animation.py
-- Symlinking: /ros2_ws/install/husarion_ugv_msgs/local/lib/python3.10/dist-packages/husarion_ugv_msgs/srv/_set_led_image_animation_s.c
-- Up-to-date symlink: /ros2_ws/install/husarion_ugv_msgs/local/lib/python3.10/dist-packages/husarion_ugv_msgs/husarion_ugv_msgs_s__rosidl_typesupport_fastrtps_c.cpython-310-x86_64-linux-gnu.so
-- Up-to-date symlink: /ros2_ws/install/husarion_ugv_msgs/local/lib/python3.10/dist-packages/husarion_ugv_msgs/husarion_ugv_msgs_s__rosidl_typesupport_introspection_c.cpython-310-x86_64-linux-gnu.so
-- Up-to-date symlink: /ros2_ws/install/husarion_ugv_msgs/local/lib/python3.10/dist-packages/husarion_ugv_msgs/husarion_ugv_msgs_s__rosidl_typesupport_c.cpython-310-x86_64-linux-gnu.so
-- Symlinking: /ros2_ws/install/husarion_ugv_msgs/share/husarion_ugv_msgs/msg/ChargingStatus.idl
-- Symlinking: /ros2_ws/install/husarion_ugv_msgs/share/husarion_ugv_msgs/msg/DriverState.idl
-- Symlinking: /ros2_ws/install/husarion_ugv_msgs/share/husarion_ugv_msgs/msg/DriverStateNamed.idl
-- Symlinking: /ros2_ws/install/husarion_ugv_msgs/share/husarion_ugv_msgs/msg/FaultFlag.idl
-- Symlinking: /ros2_ws/install/husarion_ugv_msgs/share/husarion_ugv_msgs/msg/IOState.idl
-- Symlinking: /ros2_ws/install/husarion_ugv_msgs/share/husarion_ugv_msgs/msg/LEDAnimation.idl
-- Symlinking: /ros2_ws/install/husarion_ugv_msgs/share/husarion_ugv_msgs/msg/LEDAnimationQueue.idl
-- Symlinking: /ros2_ws/install/husarion_ugv_msgs/share/husarion_ugv_msgs/msg/LEDImageAnimation.idl
-- Symlinking: /ros2_ws/install/husarion_ugv_msgs/share/husarion_ugv_msgs/msg/RobotDriverState.idl
-- Symlinking: /ros2_ws/install/husarion_ugv_msgs/share/husarion_ugv_msgs/msg/RuntimeError.idl
-- Symlinking: /ros2_ws/install/husarion_ugv_msgs/share/husarion_ugv_msgs/msg/ScriptFlag.idl
-- Symlinking: /ros2_ws/install/husarion_ugv_msgs/share/husarion_ugv_msgs/msg/SystemStatus.idl
-- Symlinking: /ros2_ws/install/husarion_ugv_msgs/share/husarion_ugv_msgs/srv/SetLEDAnimation.idl
-- Symlinking: /ros2_ws/install/husarion_ugv_msgs/share/husarion_ugv_msgs/srv/SetLEDBrightness.idl
-- Symlinking: /ros2_ws/install/husarion_ugv_msgs/share/husarion_ugv_msgs/srv/SetLEDImageAnimation.idl
-- Symlinking: /ros2_ws/install/husarion_ugv_msgs/share/husarion_ugv_msgs/msg/ChargingStatus.msg
-- Symlinking: /ros2_ws/install/husarion_ugv_msgs/share/husarion_ugv_msgs/msg/DriverState.msg
-- Symlinking: /ros2_ws/install/husarion_ugv_msgs/share/husarion_ugv_msgs/msg/DriverStateNamed.msg
-- Symlinking: /ros2_ws/install/husarion_ugv_msgs/share/husarion_ugv_msgs/msg/FaultFlag.msg
-- Symlinking: /ros2_ws/install/husarion_ugv_msgs/share/husarion_ugv_msgs/msg/IOState.msg
-- Symlinking: /ros2_ws/install/husarion_ugv_msgs/share/husarion_ugv_msgs/msg/LEDAnimation.msg
-- Symlinking: /ros2_ws/install/husarion_ugv_msgs/share/husarion_ugv_msgs/msg/LEDAnimationQueue.msg
-- Symlinking: /ros2_ws/install/husarion_ugv_msgs/share/husarion_ugv_msgs/msg/LEDImageAnimation.msg
-- Symlinking: /ros2_ws/install/husarion_ugv_msgs/share/husarion_ugv_msgs/msg/RobotDriverState.msg
-- Symlinking: /ros2_ws/install/husarion_ugv_msgs/share/husarion_ugv_msgs/msg/RuntimeError.msg
-- Symlinking: /ros2_ws/install/husarion_ugv_msgs/share/husarion_ugv_msgs/msg/ScriptFlag.msg
-- Symlinking: /ros2_ws/install/husarion_ugv_msgs/share/husarion_ugv_msgs/msg/SystemStatus.msg
-- Symlinking: /ros2_ws/install/husarion_ugv_msgs/share/husarion_ugv_msgs/srv/SetLEDAnimation.srv
-- Symlinking: /ros2_ws/install/husarion_ugv_msgs/share/husarion_ugv_msgs/srv/SetLEDAnimation_Request.msg
-- Symlinking: /ros2_ws/install/husarion_ugv_msgs/share/husarion_ugv_msgs/srv/SetLEDAnimation_Response.msg
-- Symlinking: /ros2_ws/install/husarion_ugv_msgs/share/husarion_ugv_msgs/srv/SetLEDBrightness.srv
-- Symlinking: /ros2_ws/install/husarion_ugv_msgs/share/husarion_ugv_msgs/srv/SetLEDBrightness_Request.msg
-- Symlinking: /ros2_ws/install/husarion_ugv_msgs/share/husarion_ugv_msgs/srv/SetLEDBrightness_Response.msg
-- Symlinking: /ros2_ws/install/husarion_ugv_msgs/share/husarion_ugv_msgs/srv/SetLEDImageAnimation.srv
-- Symlinking: /ros2_ws/install/husarion_ugv_msgs/share/husarion_ugv_msgs/srv/SetLEDImageAnimation_Request.msg
-- Symlinking: /ros2_ws/install/husarion_ugv_msgs/share/husarion_ugv_msgs/srv/SetLEDImageAnimation_Response.msg
-- Symlinking: /ros2_ws/install/husarion_ugv_msgs/share/ament_index/resource_index/package_run_dependencies/husarion_ugv_msgs
-- Symlinking: /ros2_ws/install/husarion_ugv_msgs/share/ament_index/resource_index/parent_prefix_path/husarion_ugv_msgs
-- Symlinking: /ros2_ws/install/husarion_ugv_msgs/share/husarion_ugv_msgs/environment/ament_prefix_path.sh
-- Symlinking: /ros2_ws/install/husarion_ugv_msgs/share/husarion_ugv_msgs/environment/ament_prefix_path.dsv
-- Symlinking: /ros2_ws/install/husarion_ugv_msgs/share/husarion_ugv_msgs/environment/path.sh
-- Symlinking: /ros2_ws/install/husarion_ugv_msgs/share/husarion_ugv_msgs/environment/path.dsv
-- Symlinking: /ros2_ws/install/husarion_ugv_msgs/share/husarion_ugv_msgs/local_setup.bash
-- Symlinking: /ros2_ws/install/husarion_ugv_msgs/share/husarion_ugv_msgs/local_setup.sh
-- Symlinking: /ros2_ws/install/husarion_ugv_msgs/share/husarion_ugv_msgs/local_setup.zsh
-- Symlinking: /ros2_ws/install/husarion_ugv_msgs/share/husarion_ugv_msgs/local_setup.dsv
-- Symlinking: /ros2_ws/install/husarion_ugv_msgs/share/husarion_ugv_msgs/package.dsv
-- Symlinking: /ros2_ws/install/husarion_ugv_msgs/share/ament_index/resource_index/packages/husarion_ugv_msgs
-- Symlinking: /ros2_ws/install/husarion_ugv_msgs/share/husarion_ugv_msgs/cmake/rosidl_cmake-extras.cmake
-- Symlinking: /ros2_ws/install/husarion_ugv_msgs/share/husarion_ugv_msgs/cmake/ament_cmake_export_dependencies-extras.cmake
-- Symlinking: /ros2_ws/install/husarion_ugv_msgs/share/husarion_ugv_msgs/cmake/ament_cmake_export_include_directories-extras.cmake
-- Symlinking: /ros2_ws/install/husarion_ugv_msgs/share/husarion_ugv_msgs/cmake/ament_cmake_export_libraries-extras.cmake
-- Symlinking: /ros2_ws/install/husarion_ugv_msgs/share/husarion_ugv_msgs/cmake/ament_cmake_export_targets-extras.cmake
-- Symlinking: /ros2_ws/install/husarion_ugv_msgs/share/husarion_ugv_msgs/cmake/rosidl_cmake_export_typesupport_targets-extras.cmake
-- Symlinking: /ros2_ws/install/husarion_ugv_msgs/share/husarion_ugv_msgs/cmake/rosidl_cmake_export_typesupport_libraries-extras.cmake
-- Symlinking: /ros2_ws/install/husarion_ugv_msgs/share/husarion_ugv_msgs/cmake/husarion_ugv_msgsConfig.cmake
-- Symlinking: /ros2_ws/install/husarion_ugv_msgs/share/husarion_ugv_msgs/cmake/husarion_ugv_msgsConfig-version.cmake
-- Symlinking: /ros2_ws/install/husarion_ugv_msgs/share/husarion_ugv_msgs/package.xml
-- Installing: /ros2_ws/install/husarion_ugv_msgs/lib/libhusarion_ugv_msgs__rosidl_generator_c.so
-- Set runtime path of "/ros2_ws/install/husarion_ugv_msgs/lib/libhusarion_ugv_msgs__rosidl_generator_c.so" to ""
-- Installing: /ros2_ws/install/husarion_ugv_msgs/lib/libhusarion_ugv_msgs__rosidl_typesupport_fastrtps_c.so
-- Set runtime path of "/ros2_ws/install/husarion_ugv_msgs/lib/libhusarion_ugv_msgs__rosidl_typesupport_fastrtps_c.so" to ""
-- Installing: /ros2_ws/install/husarion_ugv_msgs/lib/libhusarion_ugv_msgs__rosidl_typesupport_fastrtps_cpp.so
-- Set runtime path of "/ros2_ws/install/husarion_ugv_msgs/lib/libhusarion_ugv_msgs__rosidl_typesupport_fastrtps_cpp.so" to ""
-- Installing: /ros2_ws/install/husarion_ugv_msgs/lib/libhusarion_ugv_msgs__rosidl_typesupport_introspection_c.so
-- Set runtime path of "/ros2_ws/install/husarion_ugv_msgs/lib/libhusarion_ugv_msgs__rosidl_typesupport_introspection_c.so" to ""
-- Installing: /ros2_ws/install/husarion_ugv_msgs/lib/libhusarion_ugv_msgs__rosidl_typesupport_c.so
-- Set runtime path of "/ros2_ws/install/husarion_ugv_msgs/lib/libhusarion_ugv_msgs__rosidl_typesupport_c.so" to ""
-- Installing: /ros2_ws/install/husarion_ugv_msgs/lib/libhusarion_ugv_msgs__rosidl_typesupport_introspection_cpp.so
-- Set runtime path of "/ros2_ws/install/husarion_ugv_msgs/lib/libhusarion_ugv_msgs__rosidl_typesupport_introspection_cpp.so" to ""
-- Installing: /ros2_ws/install/husarion_ugv_msgs/lib/libhusarion_ugv_msgs__rosidl_typesupport_cpp.so
-- Set runtime path of "/ros2_ws/install/husarion_ugv_msgs/lib/libhusarion_ugv_msgs__rosidl_typesupport_cpp.so" to ""
Listing '/ros2_ws/install/husarion_ugv_msgs/local/lib/python3.10/dist-packages/husarion_ugv_msgs'...
Compiling '/ros2_ws/install/husarion_ugv_msgs/local/lib/python3.10/dist-packages/husarion_ugv_msgs/__init__.py'...
Listing '/ros2_ws/install/husarion_ugv_msgs/local/lib/python3.10/dist-packages/husarion_ugv_msgs/msg'...
Compiling '/ros2_ws/install/husarion_ugv_msgs/local/lib/python3.10/dist-packages/husarion_ugv_msgs/msg/__init__.py'...
Compiling '/ros2_ws/install/husarion_ugv_msgs/local/lib/python3.10/dist-packages/husarion_ugv_msgs/msg/_charging_status.py'...
Compiling '/ros2_ws/install/husarion_ugv_msgs/local/lib/python3.10/dist-packages/husarion_ugv_msgs/msg/_driver_state.py'...
Compiling '/ros2_ws/install/husarion_ugv_msgs/local/lib/python3.10/dist-packages/husarion_ugv_msgs/msg/_driver_state_named.py'...
Compiling '/ros2_ws/install/husarion_ugv_msgs/local/lib/python3.10/dist-packages/husarion_ugv_msgs/msg/_fault_flag.py'...
Compiling '/ros2_ws/install/husarion_ugv_msgs/local/lib/python3.10/dist-packages/husarion_ugv_msgs/msg/_io_state.py'...
Compiling '/ros2_ws/install/husarion_ugv_msgs/local/lib/python3.10/dist-packages/husarion_ugv_msgs/msg/_led_animation.py'...
Compiling '/ros2_ws/install/husarion_ugv_msgs/local/lib/python3.10/dist-packages/husarion_ugv_msgs/msg/_led_animation_queue.py'...
Compiling '/ros2_ws/install/husarion_ugv_msgs/local/lib/python3.10/dist-packages/husarion_ugv_msgs/msg/_led_image_animation.py'...
Compiling '/ros2_ws/install/husarion_ugv_msgs/local/lib/python3.10/dist-packages/husarion_ugv_msgs/msg/_robot_driver_state.py'...
Compiling '/ros2_ws/install/husarion_ugv_msgs/local/lib/python3.10/dist-packages/husarion_ugv_msgs/msg/_runtime_error.py'...
Compiling '/ros2_ws/install/husarion_ugv_msgs/local/lib/python3.10/dist-packages/husarion_ugv_msgs/msg/_script_flag.py'...
Compiling '/ros2_ws/install/husarion_ugv_msgs/local/lib/python3.10/dist-packages/husarion_ugv_msgs/msg/_system_status.py'...
Listing '/ros2_ws/install/husarion_ugv_msgs/local/lib/python3.10/dist-packages/husarion_ugv_msgs/srv'...
Compiling '/ros2_ws/install/husarion_ugv_msgs/local/lib/python3.10/dist-packages/husarion_ugv_msgs/srv/__init__.py'...
Compiling '/ros2_ws/install/husarion_ugv_msgs/local/lib/python3.10/dist-packages/husarion_ugv_msgs/srv/_set_led_animation.py'...
Compiling '/ros2_ws/install/husarion_ugv_msgs/local/lib/python3.10/dist-packages/husarion_ugv_msgs/srv/_set_led_brightness.py'...
Compiling '/ros2_ws/install/husarion_ugv_msgs/local/lib/python3.10/dist-packages/husarion_ugv_msgs/srv/_set_led_image_animation.py'...
-- Installing: /ros2_ws/install/husarion_ugv_msgs/lib/libhusarion_ugv_msgs__rosidl_generator_py.so
-- Set runtime path of "/ros2_ws/install/husarion_ugv_msgs/lib/libhusarion_ugv_msgs__rosidl_generator_py.so" to ""
-- Installing: /ros2_ws/install/husarion_ugv_msgs/share/husarion_ugv_msgs/cmake/export_husarion_ugv_msgs__rosidl_generator_cExport.cmake
-- Installing: /ros2_ws/install/husarion_ugv_msgs/share/husarion_ugv_msgs/cmake/export_husarion_ugv_msgs__rosidl_generator_cExport-release.cmake
-- Installing: /ros2_ws/install/husarion_ugv_msgs/share/husarion_ugv_msgs/cmake/export_husarion_ugv_msgs__rosidl_typesupport_fastrtps_cExport.cmake
-- Installing: /ros2_ws/install/husarion_ugv_msgs/share/husarion_ugv_msgs/cmake/export_husarion_ugv_msgs__rosidl_typesupport_fastrtps_cExport-release.cmake
-- Installing: /ros2_ws/install/husarion_ugv_msgs/share/husarion_ugv_msgs/cmake/export_husarion_ugv_msgs__rosidl_generator_cppExport.cmake
-- Installing: /ros2_ws/install/husarion_ugv_msgs/share/husarion_ugv_msgs/cmake/export_husarion_ugv_msgs__rosidl_typesupport_fastrtps_cppExport.cmake
-- Installing: /ros2_ws/install/husarion_ugv_msgs/share/husarion_ugv_msgs/cmake/export_husarion_ugv_msgs__rosidl_typesupport_fastrtps_cppExport-release.cmake
-- Installing: /ros2_ws/install/husarion_ugv_msgs/share/husarion_ugv_msgs/cmake/husarion_ugv_msgs__rosidl_typesupport_introspection_cExport.cmake
-- Installing: /ros2_ws/install/husarion_ugv_msgs/share/husarion_ugv_msgs/cmake/husarion_ugv_msgs__rosidl_typesupport_introspection_cExport-release.cmake
-- Installing: /ros2_ws/install/husarion_ugv_msgs/share/husarion_ugv_msgs/cmake/husarion_ugv_msgs__rosidl_typesupport_cExport.cmake
-- Installing: /ros2_ws/install/husarion_ugv_msgs/share/husarion_ugv_msgs/cmake/husarion_ugv_msgs__rosidl_typesupport_cExport-release.cmake
-- Installing: /ros2_ws/install/husarion_ugv_msgs/share/husarion_ugv_msgs/cmake/husarion_ugv_msgs__rosidl_typesupport_introspection_cppExport.cmake
-- Installing: /ros2_ws/install/husarion_ugv_msgs/share/husarion_ugv_msgs/cmake/husarion_ugv_msgs__rosidl_typesupport_introspection_cppExport-release.cmake
-- Installing: /ros2_ws/install/husarion_ugv_msgs/share/husarion_ugv_msgs/cmake/husarion_ugv_msgs__rosidl_typesupport_cppExport.cmake
-- Installing: /ros2_ws/install/husarion_ugv_msgs/share/husarion_ugv_msgs/cmake/husarion_ugv_msgs__rosidl_typesupport_cppExport-release.cmake
-- Installing: /ros2_ws/install/husarion_ugv_msgs/share/husarion_ugv_msgs/cmake/export_husarion_ugv_msgs__rosidl_generator_pyExport.cmake
-- Installing: /ros2_ws/install/husarion_ugv_msgs/share/husarion_ugv_msgs/cmake/export_husarion_ugv_msgs__rosidl_generator_pyExport-release.cmake
