[0.015s] Invoking command in '/ros2_ws/build/husarion_ugv_controller': AMENT_PREFIX_PATH=/ros2_ws/install/husarion_ugv_description:/ros2_ws/install/ros_components_description:/ros2_ws/install/mecanum_drive_controller:/ros2_ws/install/imu_sensor_broadcaster:/ros2_ws/install/husarion_ugv_utils:${AMENT_PREFIX_PATH} CMAKE_PREFIX_PATH=/ros2_ws/install/husarion_ugv_description:/ros2_ws/install/ros_components_description:/ros2_ws/install/mecanum_drive_controller:/ros2_ws/install/imu_sensor_broadcaster:/ros2_ws/install/husarion_ugv_utils:/opt/ros/humble GAZEBO_MODEL_PATH=/ros2_ws/install/husarion_ugv_description/share:/ros2_ws/install/ros_components_description/share GZ_SIM_RESOURCE_PATH=/ros2_ws/install/husarion_ugv_description/share:/ros2_ws/install/ros_components_description/share IGN_GAZEBO_RESOURCE_PATH=/ros2_ws/install/husarion_ugv_description/share:/ros2_ws/install/ros_components_description/share LD_LIBRARY_PATH=/ros2_ws/install/mecanum_drive_controller/lib:/ros2_ws/install/imu_sensor_broadcaster/lib:${LD_LIBRARY_PATH} PYTHONPATH=/ros2_ws/install/husarion_ugv_utils/local/lib/python3.10/dist-packages:${PYTHONPATH} /usr/bin/cmake /ros2_ws/src/husarion_ugv/husarion_ugv_controller -DCMAKE_BUILD_TYPE=Release -DBUILD_TESTING=OFF -DAMENT_CMAKE_SYMLINK_INSTALL=1 -DCMAKE_INSTALL_PREFIX=/ros2_ws/install/husarion_ugv_controller
[0.094s] -- The C compiler identification is GNU 11.4.0
[0.172s] -- The CXX compiler identification is GNU 11.4.0
[0.183s] -- Detecting C compiler ABI info
[0.284s] -- Detecting C compiler ABI info - done
[0.296s] -- Check for working C compiler: /usr/bin/cc - skipped
[0.297s] -- Detecting C compile features
[0.297s] -- Detecting C compile features - done
[0.302s] -- Detecting CXX compiler ABI info
[0.421s] -- Detecting CXX compiler ABI info - done
[0.434s] -- Check for working CXX compiler: /usr/bin/c++ - skipped
[0.434s] -- Detecting CXX compile features
[0.435s] -- Detecting CXX compile features - done
[0.441s] -- Found ament_cmake: 1.3.9 (/opt/ros/humble/share/ament_cmake/cmake)
[0.615s] -- Found Python3: /usr/bin/python3 (found version "3.10.12") found components: Interpreter 
[0.694s] -- Override CMake install command with custom implementation using symlinks instead of copying resources
[0.836s] -- Configuring done
[0.842s] -- Generating done
[0.844s] -- Build files have been written to: /ros2_ws/build/husarion_ugv_controller
[0.849s] Invoked command in '/ros2_ws/build/husarion_ugv_controller' returned '0': AMENT_PREFIX_PATH=/ros2_ws/install/husarion_ugv_description:/ros2_ws/install/ros_components_description:/ros2_ws/install/mecanum_drive_controller:/ros2_ws/install/imu_sensor_broadcaster:/ros2_ws/install/husarion_ugv_utils:${AMENT_PREFIX_PATH} CMAKE_PREFIX_PATH=/ros2_ws/install/husarion_ugv_description:/ros2_ws/install/ros_components_description:/ros2_ws/install/mecanum_drive_controller:/ros2_ws/install/imu_sensor_broadcaster:/ros2_ws/install/husarion_ugv_utils:/opt/ros/humble GAZEBO_MODEL_PATH=/ros2_ws/install/husarion_ugv_description/share:/ros2_ws/install/ros_components_description/share GZ_SIM_RESOURCE_PATH=/ros2_ws/install/husarion_ugv_description/share:/ros2_ws/install/ros_components_description/share IGN_GAZEBO_RESOURCE_PATH=/ros2_ws/install/husarion_ugv_description/share:/ros2_ws/install/ros_components_description/share LD_LIBRARY_PATH=/ros2_ws/install/mecanum_drive_controller/lib:/ros2_ws/install/imu_sensor_broadcaster/lib:${LD_LIBRARY_PATH} PYTHONPATH=/ros2_ws/install/husarion_ugv_utils/local/lib/python3.10/dist-packages:${PYTHONPATH} /usr/bin/cmake /ros2_ws/src/husarion_ugv/husarion_ugv_controller -DCMAKE_BUILD_TYPE=Release -DBUILD_TESTING=OFF -DAMENT_CMAKE_SYMLINK_INSTALL=1 -DCMAKE_INSTALL_PREFIX=/ros2_ws/install/husarion_ugv_controller
[0.850s] Invoking command in '/ros2_ws/build/husarion_ugv_controller': AMENT_PREFIX_PATH=/ros2_ws/install/husarion_ugv_description:/ros2_ws/install/ros_components_description:/ros2_ws/install/mecanum_drive_controller:/ros2_ws/install/imu_sensor_broadcaster:/ros2_ws/install/husarion_ugv_utils:${AMENT_PREFIX_PATH} CMAKE_PREFIX_PATH=/ros2_ws/install/husarion_ugv_description:/ros2_ws/install/ros_components_description:/ros2_ws/install/mecanum_drive_controller:/ros2_ws/install/imu_sensor_broadcaster:/ros2_ws/install/husarion_ugv_utils:/opt/ros/humble GAZEBO_MODEL_PATH=/ros2_ws/install/husarion_ugv_description/share:/ros2_ws/install/ros_components_description/share GZ_SIM_RESOURCE_PATH=/ros2_ws/install/husarion_ugv_description/share:/ros2_ws/install/ros_components_description/share IGN_GAZEBO_RESOURCE_PATH=/ros2_ws/install/husarion_ugv_description/share:/ros2_ws/install/ros_components_description/share LD_LIBRARY_PATH=/ros2_ws/install/mecanum_drive_controller/lib:/ros2_ws/install/imu_sensor_broadcaster/lib:${LD_LIBRARY_PATH} PYTHONPATH=/ros2_ws/install/husarion_ugv_utils/local/lib/python3.10/dist-packages:${PYTHONPATH} /usr/bin/cmake --build /ros2_ws/build/husarion_ugv_controller -- -j4 -l4
[0.905s] Invoked command in '/ros2_ws/build/husarion_ugv_controller' returned '0': AMENT_PREFIX_PATH=/ros2_ws/install/husarion_ugv_description:/ros2_ws/install/ros_components_description:/ros2_ws/install/mecanum_drive_controller:/ros2_ws/install/imu_sensor_broadcaster:/ros2_ws/install/husarion_ugv_utils:${AMENT_PREFIX_PATH} CMAKE_PREFIX_PATH=/ros2_ws/install/husarion_ugv_description:/ros2_ws/install/ros_components_description:/ros2_ws/install/mecanum_drive_controller:/ros2_ws/install/imu_sensor_broadcaster:/ros2_ws/install/husarion_ugv_utils:/opt/ros/humble GAZEBO_MODEL_PATH=/ros2_ws/install/husarion_ugv_description/share:/ros2_ws/install/ros_components_description/share GZ_SIM_RESOURCE_PATH=/ros2_ws/install/husarion_ugv_description/share:/ros2_ws/install/ros_components_description/share IGN_GAZEBO_RESOURCE_PATH=/ros2_ws/install/husarion_ugv_description/share:/ros2_ws/install/ros_components_description/share LD_LIBRARY_PATH=/ros2_ws/install/mecanum_drive_controller/lib:/ros2_ws/install/imu_sensor_broadcaster/lib:${LD_LIBRARY_PATH} PYTHONPATH=/ros2_ws/install/husarion_ugv_utils/local/lib/python3.10/dist-packages:${PYTHONPATH} /usr/bin/cmake --build /ros2_ws/build/husarion_ugv_controller -- -j4 -l4
[0.906s] Invoking command in '/ros2_ws/build/husarion_ugv_controller': AMENT_PREFIX_PATH=/ros2_ws/install/husarion_ugv_description:/ros2_ws/install/ros_components_description:/ros2_ws/install/mecanum_drive_controller:/ros2_ws/install/imu_sensor_broadcaster:/ros2_ws/install/husarion_ugv_utils:${AMENT_PREFIX_PATH} CMAKE_PREFIX_PATH=/ros2_ws/install/husarion_ugv_description:/ros2_ws/install/ros_components_description:/ros2_ws/install/mecanum_drive_controller:/ros2_ws/install/imu_sensor_broadcaster:/ros2_ws/install/husarion_ugv_utils:/opt/ros/humble GAZEBO_MODEL_PATH=/ros2_ws/install/husarion_ugv_description/share:/ros2_ws/install/ros_components_description/share GZ_SIM_RESOURCE_PATH=/ros2_ws/install/husarion_ugv_description/share:/ros2_ws/install/ros_components_description/share IGN_GAZEBO_RESOURCE_PATH=/ros2_ws/install/husarion_ugv_description/share:/ros2_ws/install/ros_components_description/share LD_LIBRARY_PATH=/ros2_ws/install/mecanum_drive_controller/lib:/ros2_ws/install/imu_sensor_broadcaster/lib:${LD_LIBRARY_PATH} PYTHONPATH=/ros2_ws/install/husarion_ugv_utils/local/lib/python3.10/dist-packages:${PYTHONPATH} /usr/bin/cmake --install /ros2_ws/build/husarion_ugv_controller
[0.914s] -- Install configuration: "Release"
[0.915s] -- Execute custom install script
[0.915s] -- Symlinking: /ros2_ws/install/husarion_ugv_controller/share/husarion_ugv_controller/config/WH01_controller.yaml
[0.927s] -- Symlinking: /ros2_ws/install/husarion_ugv_controller/share/husarion_ugv_controller/config/WH02_controller.yaml
[0.938s] -- Symlinking: /ros2_ws/install/husarion_ugv_controller/share/husarion_ugv_controller/config/WH04_controller.yaml
[0.950s] -- Symlinking: /ros2_ws/install/husarion_ugv_controller/share/husarion_ugv_controller/config/WH05_controller.yaml
[0.961s] -- Symlinking: /ros2_ws/install/husarion_ugv_controller/share/husarion_ugv_controller/launch/controller.launch.py
[0.975s] -- Symlinking: /ros2_ws/install/husarion_ugv_controller/share/ament_index/resource_index/package_run_dependencies/husarion_ugv_controller
[0.987s] -- Symlinking: /ros2_ws/install/husarion_ugv_controller/share/ament_index/resource_index/parent_prefix_path/husarion_ugv_controller
[0.999s] -- Symlinking: /ros2_ws/install/husarion_ugv_controller/share/husarion_ugv_controller/environment/ament_prefix_path.sh
[1.011s] -- Symlinking: /ros2_ws/install/husarion_ugv_controller/share/husarion_ugv_controller/environment/ament_prefix_path.dsv
[1.023s] -- Symlinking: /ros2_ws/install/husarion_ugv_controller/share/husarion_ugv_controller/environment/path.sh
[1.035s] -- Symlinking: /ros2_ws/install/husarion_ugv_controller/share/husarion_ugv_controller/environment/path.dsv
[1.047s] -- Symlinking: /ros2_ws/install/husarion_ugv_controller/share/husarion_ugv_controller/local_setup.bash
[1.059s] -- Symlinking: /ros2_ws/install/husarion_ugv_controller/share/husarion_ugv_controller/local_setup.sh
[1.072s] -- Symlinking: /ros2_ws/install/husarion_ugv_controller/share/husarion_ugv_controller/local_setup.zsh
[1.084s] -- Symlinking: /ros2_ws/install/husarion_ugv_controller/share/husarion_ugv_controller/local_setup.dsv
[1.096s] -- Symlinking: /ros2_ws/install/husarion_ugv_controller/share/husarion_ugv_controller/package.dsv
[1.107s] -- Symlinking: /ros2_ws/install/husarion_ugv_controller/share/ament_index/resource_index/packages/husarion_ugv_controller
[1.120s] -- Symlinking: /ros2_ws/install/husarion_ugv_controller/share/husarion_ugv_controller/cmake/husarion_ugv_controllerConfig.cmake
[1.132s] -- Symlinking: /ros2_ws/install/husarion_ugv_controller/share/husarion_ugv_controller/cmake/husarion_ugv_controllerConfig-version.cmake
[1.144s] -- Symlinking: /ros2_ws/install/husarion_ugv_controller/share/husarion_ugv_controller/package.xml
[1.158s] Invoked command in '/ros2_ws/build/husarion_ugv_controller' returned '0': AMENT_PREFIX_PATH=/ros2_ws/install/husarion_ugv_description:/ros2_ws/install/ros_components_description:/ros2_ws/install/mecanum_drive_controller:/ros2_ws/install/imu_sensor_broadcaster:/ros2_ws/install/husarion_ugv_utils:${AMENT_PREFIX_PATH} CMAKE_PREFIX_PATH=/ros2_ws/install/husarion_ugv_description:/ros2_ws/install/ros_components_description:/ros2_ws/install/mecanum_drive_controller:/ros2_ws/install/imu_sensor_broadcaster:/ros2_ws/install/husarion_ugv_utils:/opt/ros/humble GAZEBO_MODEL_PATH=/ros2_ws/install/husarion_ugv_description/share:/ros2_ws/install/ros_components_description/share GZ_SIM_RESOURCE_PATH=/ros2_ws/install/husarion_ugv_description/share:/ros2_ws/install/ros_components_description/share IGN_GAZEBO_RESOURCE_PATH=/ros2_ws/install/husarion_ugv_description/share:/ros2_ws/install/ros_components_description/share LD_LIBRARY_PATH=/ros2_ws/install/mecanum_drive_controller/lib:/ros2_ws/install/imu_sensor_broadcaster/lib:${LD_LIBRARY_PATH} PYTHONPATH=/ros2_ws/install/husarion_ugv_utils/local/lib/python3.10/dist-packages:${PYTHONPATH} /usr/bin/cmake --install /ros2_ws/build/husarion_ugv_controller
