-- The C compiler identification is GNU 11.4.0
-- The CXX compiler identification is GNU 11.4.0
-- Detecting C compiler ABI info
-- Detecting C compiler ABI info - done
-- Check for working C compiler: /usr/bin/cc - skipped
-- Detecting C compile features
-- Detecting C compile features - done
-- Detecting CXX compiler ABI info
-- Detecting CXX compiler ABI info - done
-- Check for working CXX compiler: /usr/bin/c++ - skipped
-- Detecting CXX compile features
-- Detecting CXX compile features - done
-- Found ament_cmake: 1.3.9 (/opt/ros/humble/share/ament_cmake/cmake)
-- Found Python3: /usr/bin/python3 (found version "3.10.12") found components: Interpreter 
-- Override CMake install command with custom implementation using symlinks instead of copying resources
-- Found diagnostic_updater: 4.0.0 (/opt/ros/humble/share/diagnostic_updater/cmake)
-- Found rosidl_generator_c: 3.1.5 (/opt/ros/humble/share/rosidl_generator_c/cmake)
-- Found rosidl_adapter: 3.1.5 (/opt/ros/humble/share/rosidl_adapter/cmake)
-- Found rosidl_generator_cpp: 3.1.5 (/opt/ros/humble/share/rosidl_generator_cpp/cmake)
-- Using all available rosidl_typesupport_c: rosidl_typesupport_fastrtps_c;rosidl_typesupport_introspection_c
-- Using all available rosidl_typesupport_cpp: rosidl_typesupport_fastrtps_cpp;rosidl_typesupport_introspection_cpp
-- Found rmw_implementation_cmake: 6.1.2 (/opt/ros/humble/share/rmw_implementation_cmake/cmake)
-- Found rmw_fastrtps_cpp: 6.2.6 (/opt/ros/humble/share/rmw_fastrtps_cpp/cmake)
-- Found OpenSSL: /usr/lib/x86_64-linux-gnu/libcrypto.so (found version "3.0.2")  
-- Found FastRTPS: /opt/ros/humble/include  
-- Using RMW implementation 'rmw_fastrtps_cpp' as default
-- Looking for pthread.h
-- Looking for pthread.h - found
-- Performing Test CMAKE_HAVE_LIBC_PTHREAD
-- Performing Test CMAKE_HAVE_LIBC_PTHREAD - Success
-- Found Threads: TRUE  
-- Found realtime_tools: 2.10.0 (/opt/ros/humble/share/realtime_tools/cmake)
-- Configuring done
-- Generating done
-- Build files have been written to: /ros2_ws/build/husarion_ugv_utils
Built target ament_cmake_python_symlink_husarion_ugv_utils
running egg_info
creating husarion_ugv_utils.egg-info
writing husarion_ugv_utils.egg-info/PKG-INFO
writing dependency_links to husarion_ugv_utils.egg-info/dependency_links.txt
writing top-level names to husarion_ugv_utils.egg-info/top_level.txt
writing manifest file 'husarion_ugv_utils.egg-info/SOURCES.txt'
reading manifest file 'husarion_ugv_utils.egg-info/SOURCES.txt'
writing manifest file 'husarion_ugv_utils.egg-info/SOURCES.txt'
Built target ament_cmake_python_build_husarion_ugv_utils_egg
-- Install configuration: "Release"
-- Execute custom install script
-- Symlinking: /ros2_ws/install/husarion_ugv_utils/include/husarion_ugv_utils/husarion_ugv_utils/common_utilities.hpp
-- Symlinking: /ros2_ws/install/husarion_ugv_utils/include/husarion_ugv_utils/husarion_ugv_utils/configure_rt.hpp
-- Symlinking: /ros2_ws/install/husarion_ugv_utils/include/husarion_ugv_utils/husarion_ugv_utils/diagnostics.hpp
-- Symlinking: /ros2_ws/install/husarion_ugv_utils/include/husarion_ugv_utils/husarion_ugv_utils/moving_average.hpp
-- Symlinking: /ros2_ws/install/husarion_ugv_utils/include/husarion_ugv_utils/husarion_ugv_utils/ros_utils.hpp
-- Symlinking: /ros2_ws/install/husarion_ugv_utils/include/husarion_ugv_utils/husarion_ugv_utils/test/ros_test_utils.hpp
-- Symlinking: /ros2_ws/install/husarion_ugv_utils/include/husarion_ugv_utils/husarion_ugv_utils/test/test_utils.hpp
-- Symlinking: /ros2_ws/install/husarion_ugv_utils/include/husarion_ugv_utils/husarion_ugv_utils/yaml_utils.hpp
-- Symlinking: /ros2_ws/install/husarion_ugv_utils/share/husarion_ugv_utils/environment/pythonpath.sh
-- Symlinking: /ros2_ws/install/husarion_ugv_utils/share/husarion_ugv_utils/environment/pythonpath.dsv
-- Symlinking: /ros2_ws/install/husarion_ugv_utils/local/lib/python3.10/dist-packages/husarion_ugv_utils-2.1.2-py3.10.egg-info/PKG-INFO
-- Symlinking: /ros2_ws/install/husarion_ugv_utils/local/lib/python3.10/dist-packages/husarion_ugv_utils-2.1.2-py3.10.egg-info/SOURCES.txt
-- Symlinking: /ros2_ws/install/husarion_ugv_utils/local/lib/python3.10/dist-packages/husarion_ugv_utils-2.1.2-py3.10.egg-info/dependency_links.txt
-- Symlinking: /ros2_ws/install/husarion_ugv_utils/local/lib/python3.10/dist-packages/husarion_ugv_utils-2.1.2-py3.10.egg-info/top_level.txt
-- Symlinking: /ros2_ws/install/husarion_ugv_utils/local/lib/python3.10/dist-packages/husarion_ugv_utils/__init__.py
-- Symlinking: /ros2_ws/install/husarion_ugv_utils/local/lib/python3.10/dist-packages/husarion_ugv_utils/integration_test_utils.py
-- Symlinking: /ros2_ws/install/husarion_ugv_utils/local/lib/python3.10/dist-packages/husarion_ugv_utils/logging.py
-- Symlinking: /ros2_ws/install/husarion_ugv_utils/local/lib/python3.10/dist-packages/husarion_ugv_utils/messages.py
-- Symlinking: /ros2_ws/install/husarion_ugv_utils/share/ament_index/resource_index/package_run_dependencies/husarion_ugv_utils
-- Symlinking: /ros2_ws/install/husarion_ugv_utils/share/ament_index/resource_index/parent_prefix_path/husarion_ugv_utils
-- Symlinking: /ros2_ws/install/husarion_ugv_utils/share/husarion_ugv_utils/environment/ament_prefix_path.sh
-- Symlinking: /ros2_ws/install/husarion_ugv_utils/share/husarion_ugv_utils/environment/ament_prefix_path.dsv
-- Symlinking: /ros2_ws/install/husarion_ugv_utils/share/husarion_ugv_utils/environment/path.sh
-- Symlinking: /ros2_ws/install/husarion_ugv_utils/share/husarion_ugv_utils/environment/path.dsv
-- Symlinking: /ros2_ws/install/husarion_ugv_utils/share/husarion_ugv_utils/local_setup.bash
-- Symlinking: /ros2_ws/install/husarion_ugv_utils/share/husarion_ugv_utils/local_setup.sh
-- Symlinking: /ros2_ws/install/husarion_ugv_utils/share/husarion_ugv_utils/local_setup.zsh
-- Symlinking: /ros2_ws/install/husarion_ugv_utils/share/husarion_ugv_utils/local_setup.dsv
-- Symlinking: /ros2_ws/install/husarion_ugv_utils/share/husarion_ugv_utils/package.dsv
-- Symlinking: /ros2_ws/install/husarion_ugv_utils/share/ament_index/resource_index/packages/husarion_ugv_utils
-- Symlinking: /ros2_ws/install/husarion_ugv_utils/share/husarion_ugv_utils/cmake/ament_cmake_export_dependencies-extras.cmake
-- Symlinking: /ros2_ws/install/husarion_ugv_utils/share/husarion_ugv_utils/cmake/ament_cmake_export_include_directories-extras.cmake
-- Symlinking: /ros2_ws/install/husarion_ugv_utils/share/husarion_ugv_utils/cmake/husarion_ugv_utilsConfig.cmake
-- Symlinking: /ros2_ws/install/husarion_ugv_utils/share/husarion_ugv_utils/cmake/husarion_ugv_utilsConfig-version.cmake
-- Symlinking: /ros2_ws/install/husarion_ugv_utils/share/husarion_ugv_utils/package.xml
Listing '/ros2_ws/install/husarion_ugv_utils/local/lib/python3.10/dist-packages/husarion_ugv_utils'...
Compiling '/ros2_ws/install/husarion_ugv_utils/local/lib/python3.10/dist-packages/husarion_ugv_utils/__init__.py'...
Compiling '/ros2_ws/install/husarion_ugv_utils/local/lib/python3.10/dist-packages/husarion_ugv_utils/integration_test_utils.py'...
Compiling '/ros2_ws/install/husarion_ugv_utils/local/lib/python3.10/dist-packages/husarion_ugv_utils/logging.py'...
Compiling '/ros2_ws/install/husarion_ugv_utils/local/lib/python3.10/dist-packages/husarion_ugv_utils/messages.py'...
