[0.017s] Invoking command in '/ros2_ws/build/husarion_ugv_utils': CMAKE_PREFIX_PATH=/opt/ros/humble /usr/bin/cmake /ros2_ws/src/husarion_ugv/husarion_ugv_utils -DCMAKE_BUILD_TYPE=Release -DBUILD_TESTING=OFF -DAMENT_CMAKE_SYMLINK_INSTALL=1 -DCMAKE_INSTALL_PREFIX=/ros2_ws/install/husarion_ugv_utils
[0.096s] -- The C compiler identification is GNU 11.4.0
[0.171s] -- The CXX compiler identification is GNU 11.4.0
[0.181s] -- Detecting C compiler ABI info
[0.295s] -- Detecting C compiler ABI info - done
[0.299s] -- Check for working C compiler: /usr/bin/cc - skipped
[0.300s] -- Detecting C compile features
[0.300s] -- Detecting C compile features - done
[0.305s] -- Detecting CXX compiler ABI info
[0.415s] -- Detecting CXX compiler ABI info - done
[0.429s] -- Check for working CXX compiler: /usr/bin/c++ - skipped
[0.429s] -- Detecting CXX compile features
[0.430s] -- Detecting CXX compile features - done
[0.435s] -- Found ament_cmake: 1.3.9 (/opt/ros/humble/share/ament_cmake/cmake)
[0.606s] -- Found Python3: /usr/bin/python3 (found version "3.10.12") found components: Interpreter 
[0.686s] -- Override CMake install command with custom implementation using symlinks instead of copying resources
[0.727s] -- Found diagnostic_updater: 4.0.0 (/opt/ros/humble/share/diagnostic_updater/cmake)
[0.798s] -- Found rosidl_generator_c: 3.1.5 (/opt/ros/humble/share/rosidl_generator_c/cmake)
[0.807s] -- Found rosidl_adapter: 3.1.5 (/opt/ros/humble/share/rosidl_adapter/cmake)
[0.821s] -- Found rosidl_generator_cpp: 3.1.5 (/opt/ros/humble/share/rosidl_generator_cpp/cmake)
[0.851s] -- Using all available rosidl_typesupport_c: rosidl_typesupport_fastrtps_c;rosidl_typesupport_introspection_c
[0.880s] -- Using all available rosidl_typesupport_cpp: rosidl_typesupport_fastrtps_cpp;rosidl_typesupport_introspection_cpp
[1.202s] -- Found rmw_implementation_cmake: 6.1.2 (/opt/ros/humble/share/rmw_implementation_cmake/cmake)
[1.206s] -- Found rmw_fastrtps_cpp: 6.2.6 (/opt/ros/humble/share/rmw_fastrtps_cpp/cmake)
[1.369s] -- Found OpenSSL: /usr/lib/x86_64-linux-gnu/libcrypto.so (found version "3.0.2")  
[1.415s] -- Found FastRTPS: /opt/ros/humble/include  
[1.500s] -- Using RMW implementation 'rmw_fastrtps_cpp' as default
[1.519s] -- Looking for pthread.h
[1.618s] -- Looking for pthread.h - found
[1.618s] -- Performing Test CMAKE_HAVE_LIBC_PTHREAD
[1.731s] -- Performing Test CMAKE_HAVE_LIBC_PTHREAD - Success
[1.731s] -- Found Threads: TRUE  
[1.983s] -- Found realtime_tools: 2.10.0 (/opt/ros/humble/share/realtime_tools/cmake)
[2.448s] -- Configuring done
[2.472s] -- Generating done
[2.477s] -- Build files have been written to: /ros2_ws/build/husarion_ugv_utils
[2.509s] Invoked command in '/ros2_ws/build/husarion_ugv_utils' returned '0': CMAKE_PREFIX_PATH=/opt/ros/humble /usr/bin/cmake /ros2_ws/src/husarion_ugv/husarion_ugv_utils -DCMAKE_BUILD_TYPE=Release -DBUILD_TESTING=OFF -DAMENT_CMAKE_SYMLINK_INSTALL=1 -DCMAKE_INSTALL_PREFIX=/ros2_ws/install/husarion_ugv_utils
[2.510s] Invoking command in '/ros2_ws/build/husarion_ugv_utils': CMAKE_PREFIX_PATH=/opt/ros/humble /usr/bin/cmake --build /ros2_ws/build/husarion_ugv_utils -- -j4 -l4
[2.793s] Built target ament_cmake_python_symlink_husarion_ugv_utils
[3.230s] running egg_info
[3.230s] creating husarion_ugv_utils.egg-info
[3.230s] writing husarion_ugv_utils.egg-info/PKG-INFO
[3.231s] writing dependency_links to husarion_ugv_utils.egg-info/dependency_links.txt
[3.231s] writing top-level names to husarion_ugv_utils.egg-info/top_level.txt
[3.231s] writing manifest file 'husarion_ugv_utils.egg-info/SOURCES.txt'
[3.234s] reading manifest file 'husarion_ugv_utils.egg-info/SOURCES.txt'
[3.235s] writing manifest file 'husarion_ugv_utils.egg-info/SOURCES.txt'
[3.305s] Built target ament_cmake_python_build_husarion_ugv_utils_egg
[3.345s] Invoked command in '/ros2_ws/build/husarion_ugv_utils' returned '0': CMAKE_PREFIX_PATH=/opt/ros/humble /usr/bin/cmake --build /ros2_ws/build/husarion_ugv_utils -- -j4 -l4
[3.351s] Invoking command in '/ros2_ws/build/husarion_ugv_utils': CMAKE_PREFIX_PATH=/opt/ros/humble /usr/bin/cmake --install /ros2_ws/build/husarion_ugv_utils
[3.362s] -- Install configuration: "Release"
[3.375s] -- Execute custom install script
[3.377s] -- Symlinking: /ros2_ws/install/husarion_ugv_utils/include/husarion_ugv_utils/husarion_ugv_utils/common_utilities.hpp
[3.399s] -- Symlinking: /ros2_ws/install/husarion_ugv_utils/include/husarion_ugv_utils/husarion_ugv_utils/configure_rt.hpp
[3.423s] -- Symlinking: /ros2_ws/install/husarion_ugv_utils/include/husarion_ugv_utils/husarion_ugv_utils/diagnostics.hpp
[3.455s] -- Symlinking: /ros2_ws/install/husarion_ugv_utils/include/husarion_ugv_utils/husarion_ugv_utils/moving_average.hpp
[3.480s] -- Symlinking: /ros2_ws/install/husarion_ugv_utils/include/husarion_ugv_utils/husarion_ugv_utils/ros_utils.hpp
[3.493s] -- Symlinking: /ros2_ws/install/husarion_ugv_utils/include/husarion_ugv_utils/husarion_ugv_utils/test/ros_test_utils.hpp
[3.506s] -- Symlinking: /ros2_ws/install/husarion_ugv_utils/include/husarion_ugv_utils/husarion_ugv_utils/test/test_utils.hpp
[3.519s] -- Symlinking: /ros2_ws/install/husarion_ugv_utils/include/husarion_ugv_utils/husarion_ugv_utils/yaml_utils.hpp
[3.532s] -- Symlinking: /ros2_ws/install/husarion_ugv_utils/share/husarion_ugv_utils/environment/pythonpath.sh
[3.545s] -- Symlinking: /ros2_ws/install/husarion_ugv_utils/share/husarion_ugv_utils/environment/pythonpath.dsv
[3.558s] -- Symlinking: /ros2_ws/install/husarion_ugv_utils/local/lib/python3.10/dist-packages/husarion_ugv_utils-2.1.2-py3.10.egg-info/PKG-INFO
[3.570s] -- Symlinking: /ros2_ws/install/husarion_ugv_utils/local/lib/python3.10/dist-packages/husarion_ugv_utils-2.1.2-py3.10.egg-info/SOURCES.txt
[3.582s] -- Symlinking: /ros2_ws/install/husarion_ugv_utils/local/lib/python3.10/dist-packages/husarion_ugv_utils-2.1.2-py3.10.egg-info/dependency_links.txt
[3.595s] -- Symlinking: /ros2_ws/install/husarion_ugv_utils/local/lib/python3.10/dist-packages/husarion_ugv_utils-2.1.2-py3.10.egg-info/top_level.txt
[3.616s] -- Symlinking: /ros2_ws/install/husarion_ugv_utils/local/lib/python3.10/dist-packages/husarion_ugv_utils/__init__.py
[3.636s] -- Symlinking: /ros2_ws/install/husarion_ugv_utils/local/lib/python3.10/dist-packages/husarion_ugv_utils/integration_test_utils.py
[3.665s] -- Symlinking: /ros2_ws/install/husarion_ugv_utils/local/lib/python3.10/dist-packages/husarion_ugv_utils/logging.py
[3.680s] -- Symlinking: /ros2_ws/install/husarion_ugv_utils/local/lib/python3.10/dist-packages/husarion_ugv_utils/messages.py
[3.713s] -- Symlinking: /ros2_ws/install/husarion_ugv_utils/share/ament_index/resource_index/package_run_dependencies/husarion_ugv_utils
[3.729s] -- Symlinking: /ros2_ws/install/husarion_ugv_utils/share/ament_index/resource_index/parent_prefix_path/husarion_ugv_utils
[3.750s] -- Symlinking: /ros2_ws/install/husarion_ugv_utils/share/husarion_ugv_utils/environment/ament_prefix_path.sh
[3.782s] -- Symlinking: /ros2_ws/install/husarion_ugv_utils/share/husarion_ugv_utils/environment/ament_prefix_path.dsv
[3.802s] -- Symlinking: /ros2_ws/install/husarion_ugv_utils/share/husarion_ugv_utils/environment/path.sh
[3.842s] -- Symlinking: /ros2_ws/install/husarion_ugv_utils/share/husarion_ugv_utils/environment/path.dsv
[3.864s] -- Symlinking: /ros2_ws/install/husarion_ugv_utils/share/husarion_ugv_utils/local_setup.bash
[3.887s] -- Symlinking: /ros2_ws/install/husarion_ugv_utils/share/husarion_ugv_utils/local_setup.sh
[3.924s] -- Symlinking: /ros2_ws/install/husarion_ugv_utils/share/husarion_ugv_utils/local_setup.zsh
[3.947s] -- Symlinking: /ros2_ws/install/husarion_ugv_utils/share/husarion_ugv_utils/local_setup.dsv
[3.973s] -- Symlinking: /ros2_ws/install/husarion_ugv_utils/share/husarion_ugv_utils/package.dsv
[3.996s] -- Symlinking: /ros2_ws/install/husarion_ugv_utils/share/ament_index/resource_index/packages/husarion_ugv_utils
[4.009s] -- Symlinking: /ros2_ws/install/husarion_ugv_utils/share/husarion_ugv_utils/cmake/ament_cmake_export_dependencies-extras.cmake
[4.032s] -- Symlinking: /ros2_ws/install/husarion_ugv_utils/share/husarion_ugv_utils/cmake/ament_cmake_export_include_directories-extras.cmake
[4.068s] -- Symlinking: /ros2_ws/install/husarion_ugv_utils/share/husarion_ugv_utils/cmake/husarion_ugv_utilsConfig.cmake
[4.116s] -- Symlinking: /ros2_ws/install/husarion_ugv_utils/share/husarion_ugv_utils/cmake/husarion_ugv_utilsConfig-version.cmake
[4.156s] -- Symlinking: /ros2_ws/install/husarion_ugv_utils/share/husarion_ugv_utils/package.xml
[4.273s] Listing '/ros2_ws/install/husarion_ugv_utils/local/lib/python3.10/dist-packages/husarion_ugv_utils'...
[4.273s] Compiling '/ros2_ws/install/husarion_ugv_utils/local/lib/python3.10/dist-packages/husarion_ugv_utils/__init__.py'...
[4.273s] Compiling '/ros2_ws/install/husarion_ugv_utils/local/lib/python3.10/dist-packages/husarion_ugv_utils/integration_test_utils.py'...
[4.273s] Compiling '/ros2_ws/install/husarion_ugv_utils/local/lib/python3.10/dist-packages/husarion_ugv_utils/logging.py'...
[4.273s] Compiling '/ros2_ws/install/husarion_ugv_utils/local/lib/python3.10/dist-packages/husarion_ugv_utils/messages.py'...
[4.284s] Invoked command in '/ros2_ws/build/husarion_ugv_utils' returned '0': CMAKE_PREFIX_PATH=/opt/ros/humble /usr/bin/cmake --install /ros2_ws/build/husarion_ugv_utils
