[0.023s] Invoking command in '/ros2_ws/build/husarion_ugv_manager': AMENT_PREFIX_PATH=/ros2_ws/install/behaviortree_ros2:/ros2_ws/install/husarion_ugv_utils:/ros2_ws/install/husarion_ugv_msgs:/ros2_ws/install/btcpp_ros2_interfaces:${AMENT_PREFIX_PATH} CMAKE_PREFIX_PATH=/ros2_ws/install/behaviortree_ros2:/ros2_ws/install/husarion_ugv_utils:/ros2_ws/install/husarion_ugv_msgs:/ros2_ws/install/btcpp_ros2_interfaces:/opt/ros/humble LD_LIBRARY_PATH=/ros2_ws/install/behaviortree_ros2/lib:/ros2_ws/install/husarion_ugv_msgs/lib:/ros2_ws/install/btcpp_ros2_interfaces/lib:${LD_LIBRARY_PATH} PYTHONPATH=/ros2_ws/install/husarion_ugv_utils/local/lib/python3.10/dist-packages:/ros2_ws/install/husarion_ugv_msgs/local/lib/python3.10/dist-packages:/ros2_ws/install/btcpp_ros2_interfaces/local/lib/python3.10/dist-packages:${PYTHONPATH} /usr/bin/cmake /ros2_ws/src/husarion_ugv/husarion_ugv_manager -DCMAKE_BUILD_TYPE=Release -DBUILD_TESTING=OFF -DAMENT_CMAKE_SYMLINK_INSTALL=1 -DCMAKE_INSTALL_PREFIX=/ros2_ws/install/husarion_ugv_manager
[0.103s] -- The C compiler identification is GNU 11.4.0
[0.182s] -- The CXX compiler identification is GNU 11.4.0
[0.194s] -- Detecting C compiler ABI info
[0.299s] -- Detecting C compiler ABI info - done
[0.309s] -- Check for working C compiler: /usr/bin/cc - skipped
[0.310s] -- Detecting C compile features
[0.311s] -- Detecting C compile features - done
[0.315s] -- Detecting CXX compiler ABI info
[0.443s] -- Detecting CXX compiler ABI info - done
[0.446s] -- Check for working CXX compiler: /usr/bin/c++ - skipped
[0.447s] -- Detecting CXX compile features
[0.448s] -- Detecting CXX compile features - done
[0.454s] -- Found ament_cmake: 1.3.9 (/opt/ros/humble/share/ament_cmake/cmake)
[0.652s] -- Found Python3: /usr/bin/python3 (found version "3.10.12") found components: Interpreter 
[0.743s] -- Override CMake install command with custom implementation using symlinks instead of copying resources
[0.796s] -- Found ament_index_cpp: 1.4.0 (/opt/ros/humble/share/ament_index_cpp/cmake)
[0.800s] -- Found behaviortree_cpp: 4.6.2 (/opt/ros/humble/share/behaviortree_cpp/cmake)
[0.806s] -- Found behaviortree_ros2: 0.2.0 (/ros2_ws/install/behaviortree_ros2/share/behaviortree_ros2/cmake)
[0.899s] -- Found rosidl_generator_c: 3.1.5 (/opt/ros/humble/share/rosidl_generator_c/cmake)
[0.910s] -- Found rosidl_adapter: 3.1.5 (/opt/ros/humble/share/rosidl_adapter/cmake)
[0.948s] -- Found rosidl_generator_cpp: 3.1.5 (/opt/ros/humble/share/rosidl_generator_cpp/cmake)
[0.974s] -- Using all available rosidl_typesupport_c: rosidl_typesupport_fastrtps_c;rosidl_typesupport_introspection_c
[1.011s] -- Using all available rosidl_typesupport_cpp: rosidl_typesupport_fastrtps_cpp;rosidl_typesupport_introspection_cpp
[1.135s] -- Found rmw_implementation_cmake: 6.1.2 (/opt/ros/humble/share/rmw_implementation_cmake/cmake)
[1.141s] -- Found rmw_fastrtps_cpp: 6.2.6 (/opt/ros/humble/share/rmw_fastrtps_cpp/cmake)
[1.312s] -- Found OpenSSL: /usr/lib/x86_64-linux-gnu/libcrypto.so (found version "3.0.2")  
[1.359s] -- Found FastRTPS: /opt/ros/humble/include  
[1.439s] -- Using RMW implementation 'rmw_fastrtps_cpp' as default
[1.457s] -- Looking for pthread.h
[1.565s] -- Looking for pthread.h - found
[1.565s] -- Performing Test CMAKE_HAVE_LIBC_PTHREAD
[1.672s] -- Performing Test CMAKE_HAVE_LIBC_PTHREAD - Success
[1.673s] -- Found Threads: TRUE  
[2.214s] -- Found geometry_msgs: 4.2.4 (/opt/ros/humble/share/geometry_msgs/cmake)
[2.263s] -- Found husarion_ugv_msgs: 2.1.2 (/ros2_ws/install/husarion_ugv_msgs/share/husarion_ugv_msgs/cmake)
[2.315s] -- Found husarion_ugv_utils: 2.1.2 (/ros2_ws/install/husarion_ugv_utils/share/husarion_ugv_utils/cmake)
[2.434s] -- Found sensor_msgs: 4.2.4 (/opt/ros/humble/share/sensor_msgs/cmake)
[2.523s] -- Found std_srvs: 4.2.4 (/opt/ros/humble/share/std_srvs/cmake)
[2.542s] -- Found tf2_geometry_msgs: 0.25.11 (/opt/ros/humble/share/tf2_geometry_msgs/cmake)
[2.556s] -- Found eigen3_cmake_module: 0.1.1 (/opt/ros/humble/share/eigen3_cmake_module/cmake)
[2.558s] -- Found Eigen3: TRUE (found version "3.4.0") 
[2.558s] -- Ensuring Eigen3 include directory is part of orocos-kdl CMake target
[3.609s] -- Configuring done
[3.792s] -- Generating done
[3.825s] -- Build files have been written to: /ros2_ws/build/husarion_ugv_manager
[3.837s] Invoked command in '/ros2_ws/build/husarion_ugv_manager' returned '0': AMENT_PREFIX_PATH=/ros2_ws/install/behaviortree_ros2:/ros2_ws/install/husarion_ugv_utils:/ros2_ws/install/husarion_ugv_msgs:/ros2_ws/install/btcpp_ros2_interfaces:${AMENT_PREFIX_PATH} CMAKE_PREFIX_PATH=/ros2_ws/install/behaviortree_ros2:/ros2_ws/install/husarion_ugv_utils:/ros2_ws/install/husarion_ugv_msgs:/ros2_ws/install/btcpp_ros2_interfaces:/opt/ros/humble LD_LIBRARY_PATH=/ros2_ws/install/behaviortree_ros2/lib:/ros2_ws/install/husarion_ugv_msgs/lib:/ros2_ws/install/btcpp_ros2_interfaces/lib:${LD_LIBRARY_PATH} PYTHONPATH=/ros2_ws/install/husarion_ugv_utils/local/lib/python3.10/dist-packages:/ros2_ws/install/husarion_ugv_msgs/local/lib/python3.10/dist-packages:/ros2_ws/install/btcpp_ros2_interfaces/local/lib/python3.10/dist-packages:${PYTHONPATH} /usr/bin/cmake /ros2_ws/src/husarion_ugv/husarion_ugv_manager -DCMAKE_BUILD_TYPE=Release -DBUILD_TESTING=OFF -DAMENT_CMAKE_SYMLINK_INSTALL=1 -DCMAKE_INSTALL_PREFIX=/ros2_ws/install/husarion_ugv_manager
[3.838s] Invoking command in '/ros2_ws/build/husarion_ugv_manager': AMENT_PREFIX_PATH=/ros2_ws/install/behaviortree_ros2:/ros2_ws/install/husarion_ugv_utils:/ros2_ws/install/husarion_ugv_msgs:/ros2_ws/install/btcpp_ros2_interfaces:${AMENT_PREFIX_PATH} CMAKE_PREFIX_PATH=/ros2_ws/install/behaviortree_ros2:/ros2_ws/install/husarion_ugv_utils:/ros2_ws/install/husarion_ugv_msgs:/ros2_ws/install/btcpp_ros2_interfaces:/opt/ros/humble LD_LIBRARY_PATH=/ros2_ws/install/behaviortree_ros2/lib:/ros2_ws/install/husarion_ugv_msgs/lib:/ros2_ws/install/btcpp_ros2_interfaces/lib:${LD_LIBRARY_PATH} PYTHONPATH=/ros2_ws/install/husarion_ugv_utils/local/lib/python3.10/dist-packages:/ros2_ws/install/husarion_ugv_msgs/local/lib/python3.10/dist-packages:/ros2_ws/install/btcpp_ros2_interfaces/local/lib/python3.10/dist-packages:${PYTHONPATH} /usr/bin/cmake --build /ros2_ws/build/husarion_ugv_manager -- -j4 -l4
[3.899s] [  3%] Building CXX object CMakeFiles/call_set_bool_service_bt_node.dir/src/plugins/action/call_set_bool_service_node.cpp.o
[5.925s] [  7%] Building CXX object CMakeFiles/signal_shutdown_bt_node.dir/src/plugins/action/signal_shutdown_node.cpp.o
[8.027s] [ 10%] Building CXX object CMakeFiles/call_set_led_animation_service_bt_node.dir/src/plugins/action/call_set_led_animation_service_node.cpp.o
[10.111s] [ 14%] Building CXX object CMakeFiles/call_trigger_service_bt_node.dir/src/plugins/action/call_trigger_service_node.cpp.o
[13.731s] [ 17%] Linking CXX shared library libsignal_shutdown_bt_node.so
[14.136s] [ 17%] Built target signal_shutdown_bt_node
[14.343s] [ 21%] Linking CXX shared library libcall_set_bool_service_bt_node.so
[14.707s] [ 21%] Built target call_set_bool_service_bt_node
[19.320s] [ 25%] Linking CXX shared library libcall_set_led_animation_service_bt_node.so
[19.459s] [ 25%] Built target call_set_led_animation_service_bt_node
[20.460s] [ 28%] Linking CXX shared library libcall_trigger_service_bt_node.so
[20.598s] [ 28%] Built target call_trigger_service_bt_node
[20.621s] [ 32%] Building CXX object CMakeFiles/check_bool_msg_bt_node.dir/src/plugins/condition/check_bool_msg.cpp.o
[26.649s] [ 35%] Building CXX object CMakeFiles/check_joy_msg_bt_node.dir/src/plugins/condition/check_joy_msg.cpp.o
[27.667s] [ 39%] Building CXX object CMakeFiles/shutdown_hosts_from_file_bt_node.dir/src/plugins/action/shutdown_hosts_from_file_node.cpp.o
[28.760s] [ 42%] Building CXX object CMakeFiles/shutdown_single_host_bt_node.dir/src/plugins/action/shutdown_single_host_node.cpp.o
[39.322s] [ 46%] Linking CXX shared library libcheck_bool_msg_bt_node.so
[39.651s] [ 46%] Built target check_bool_msg_bt_node
[40.026s] [ 50%] Linking CXX shared library libshutdown_single_host_bt_node.so
[40.088s] [ 53%] Linking CXX shared library libshutdown_hosts_from_file_bt_node.so
[40.257s] [ 53%] Built target shutdown_single_host_bt_node
[40.321s] [ 53%] Built target shutdown_hosts_from_file_bt_node
[46.912s] [ 57%] Linking CXX shared library libcheck_joy_msg_bt_node.so
[47.100s] [ 57%] Built target check_joy_msg_bt_node
[47.124s] [ 60%] Running `/opt/ros/humble/bin/generate_parameter_library_cpp /ros2_ws/build/husarion_ugv_manager/include/husarion_ugv_manager/safety_manager_parameters.hpp /ros2_ws/src/husarion_ugv/husarion_ugv_manager/src/safety_manager_parameters.yaml `
[47.125s] [ 64%] Building CXX object CMakeFiles/tick_after_timeout_bt_node.dir/src/plugins/decorator/tick_after_timeout_node.cpp.o
[47.127s] [ 67%] Running `/opt/ros/humble/bin/generate_parameter_library_cpp /ros2_ws/build/husarion_ugv_manager/include/husarion_ugv_manager/lights_manager_parameters.hpp /ros2_ws/src/husarion_ugv/husarion_ugv_manager/src/lights_manager_parameters.yaml `
[47.754s] [ 71%] Creating deprecated header file /ros2_ws/build/husarion_ugv_manager/include/lights_manager_parameters.hpp
[47.808s] [ 71%] Built target lights_manager_parameters
[47.835s] [ 75%] Creating deprecated header file /ros2_ws/build/husarion_ugv_manager/include/safety_manager_parameters.hpp
[47.880s] [ 75%] Built target safety_manager_parameters
[50.128s] [ 78%] Linking CXX shared library libtick_after_timeout_bt_node.so
[50.242s] [ 78%] Built target tick_after_timeout_bt_node
[50.267s] [ 82%] Building CXX object CMakeFiles/safety_manager_node.dir/src/safety_manager_node_main.cpp.o
[50.267s] [ 85%] Building CXX object CMakeFiles/lights_manager_node.dir/src/lights_manager_node_main.cpp.o
[50.267s] [ 89%] Building CXX object CMakeFiles/safety_manager_node.dir/src/safety_manager_node.cpp.o
[50.269s] [ 92%] Building CXX object CMakeFiles/lights_manager_node.dir/src/lights_manager_node.cpp.o
[54.891s] In file included from /ros2_ws/src/husarion_ugv/husarion_ugv_manager/include/husarion_ugv_manager/lights_manager_node.hpp:29,
[54.891s]                  from /ros2_ws/src/husarion_ugv/husarion_ugv_manager/src/lights_manager_node_main.cpp:15:
[54.891s] /ros2_ws/build/husarion_ugv_manager/include/lights_manager_parameters.hpp:1:151: note: ‘#pragma message: #include "lights_manager_parameters.hpp" is deprecated. Use #include <husarion_ugv_manager/lights_manager_parameters.hpp> instead.’
[54.892s]     1 | #pragma message("#include \"lights_manager_parameters.hpp\" is deprecated. Use #include <husarion_ugv_manager/lights_manager_parameters.hpp> instead.")
[54.892s]       |                                                                                                                                                       ^
[54.925s] In file included from /ros2_ws/src/husarion_ugv/husarion_ugv_manager/include/husarion_ugv_manager/lights_manager_node.hpp:29,
[54.925s]                  from /ros2_ws/src/husarion_ugv/husarion_ugv_manager/src/lights_manager_node.cpp:15:
[54.925s] /ros2_ws/build/husarion_ugv_manager/include/lights_manager_parameters.hpp:1:151: note: ‘#pragma message: #include "lights_manager_parameters.hpp" is deprecated. Use #include <husarion_ugv_manager/lights_manager_parameters.hpp> instead.’
[54.926s]     1 | #pragma message("#include \"lights_manager_parameters.hpp\" is deprecated. Use #include <husarion_ugv_manager/lights_manager_parameters.hpp> instead.")
[54.926s]       |                                                                                                                                                       ^
[54.962s] In file included from /ros2_ws/src/husarion_ugv/husarion_ugv_manager/include/husarion_ugv_manager/safety_manager_node.hpp:32,
[54.962s]                  from /ros2_ws/src/husarion_ugv/husarion_ugv_manager/src/safety_manager_node_main.cpp:15:
[54.962s] /ros2_ws/build/husarion_ugv_manager/include/safety_manager_parameters.hpp:1:151: note: ‘#pragma message: #include "safety_manager_parameters.hpp" is deprecated. Use #include <husarion_ugv_manager/safety_manager_parameters.hpp> instead.’
[54.962s]     1 | #pragma message("#include \"safety_manager_parameters.hpp\" is deprecated. Use #include <husarion_ugv_manager/safety_manager_parameters.hpp> instead.")
[54.963s]       |                                                                                                                                                       ^
[54.978s] In file included from /ros2_ws/src/husarion_ugv/husarion_ugv_manager/include/husarion_ugv_manager/safety_manager_node.hpp:32,
[54.978s]                  from /ros2_ws/src/husarion_ugv/husarion_ugv_manager/src/safety_manager_node.cpp:15:
[54.978s] /ros2_ws/build/husarion_ugv_manager/include/safety_manager_parameters.hpp:1:151: note: ‘#pragma message: #include "safety_manager_parameters.hpp" is deprecated. Use #include <husarion_ugv_manager/safety_manager_parameters.hpp> instead.’
[54.978s]     1 | #pragma message("#include \"safety_manager_parameters.hpp\" is deprecated. Use #include <husarion_ugv_manager/safety_manager_parameters.hpp> instead.")
[54.978s]       |                                                                                                                                                       ^
[69.412s] [ 96%] Linking CXX executable lights_manager_node
[69.663s] [ 96%] Built target lights_manager_node
[78.820s] [100%] Linking CXX executable safety_manager_node
[79.143s] [100%] Built target safety_manager_node
[79.155s] Invoked command in '/ros2_ws/build/husarion_ugv_manager' returned '0': AMENT_PREFIX_PATH=/ros2_ws/install/behaviortree_ros2:/ros2_ws/install/husarion_ugv_utils:/ros2_ws/install/husarion_ugv_msgs:/ros2_ws/install/btcpp_ros2_interfaces:${AMENT_PREFIX_PATH} CMAKE_PREFIX_PATH=/ros2_ws/install/behaviortree_ros2:/ros2_ws/install/husarion_ugv_utils:/ros2_ws/install/husarion_ugv_msgs:/ros2_ws/install/btcpp_ros2_interfaces:/opt/ros/humble LD_LIBRARY_PATH=/ros2_ws/install/behaviortree_ros2/lib:/ros2_ws/install/husarion_ugv_msgs/lib:/ros2_ws/install/btcpp_ros2_interfaces/lib:${LD_LIBRARY_PATH} PYTHONPATH=/ros2_ws/install/husarion_ugv_utils/local/lib/python3.10/dist-packages:/ros2_ws/install/husarion_ugv_msgs/local/lib/python3.10/dist-packages:/ros2_ws/install/btcpp_ros2_interfaces/local/lib/python3.10/dist-packages:${PYTHONPATH} /usr/bin/cmake --build /ros2_ws/build/husarion_ugv_manager -- -j4 -l4
[79.156s] Invoking command in '/ros2_ws/build/husarion_ugv_manager': AMENT_PREFIX_PATH=/ros2_ws/install/behaviortree_ros2:/ros2_ws/install/husarion_ugv_utils:/ros2_ws/install/husarion_ugv_msgs:/ros2_ws/install/btcpp_ros2_interfaces:${AMENT_PREFIX_PATH} CMAKE_PREFIX_PATH=/ros2_ws/install/behaviortree_ros2:/ros2_ws/install/husarion_ugv_utils:/ros2_ws/install/husarion_ugv_msgs:/ros2_ws/install/btcpp_ros2_interfaces:/opt/ros/humble LD_LIBRARY_PATH=/ros2_ws/install/behaviortree_ros2/lib:/ros2_ws/install/husarion_ugv_msgs/lib:/ros2_ws/install/btcpp_ros2_interfaces/lib:${LD_LIBRARY_PATH} PYTHONPATH=/ros2_ws/install/husarion_ugv_utils/local/lib/python3.10/dist-packages:/ros2_ws/install/husarion_ugv_msgs/local/lib/python3.10/dist-packages:/ros2_ws/install/btcpp_ros2_interfaces/local/lib/python3.10/dist-packages:${PYTHONPATH} /usr/bin/cmake --install /ros2_ws/build/husarion_ugv_manager
[79.164s] -- Install configuration: "Release"
[79.165s] -- Execute custom install script
[79.165s] -- Symlinking: /ros2_ws/install/husarion_ugv_manager/include/husarion_ugv_manager/lights_manager_parameters.hpp
[79.174s] -- Symlinking: /ros2_ws/install/husarion_ugv_manager/include/husarion_ugv_manager/safety_manager_parameters.hpp
[79.183s] -- Up-to-date symlink: /ros2_ws/install/husarion_ugv_manager/include/husarion_ugv_manager/lights_manager_parameters.hpp
[79.183s] -- Up-to-date symlink: /ros2_ws/install/husarion_ugv_manager/include/husarion_ugv_manager/safety_manager_parameters.hpp
[79.184s] -- Symlinking: /ros2_ws/install/husarion_ugv_manager/lib/libcall_set_bool_service_bt_node.so
[79.193s] -- Symlinking: /ros2_ws/install/husarion_ugv_manager/lib/libcall_trigger_service_bt_node.so
[79.201s] -- Symlinking: /ros2_ws/install/husarion_ugv_manager/lib/libcall_set_led_animation_service_bt_node.so
[79.210s] -- Symlinking: /ros2_ws/install/husarion_ugv_manager/lib/libsignal_shutdown_bt_node.so
[79.219s] -- Symlinking: /ros2_ws/install/husarion_ugv_manager/lib/libshutdown_single_host_bt_node.so
[79.228s] -- Symlinking: /ros2_ws/install/husarion_ugv_manager/lib/libshutdown_hosts_from_file_bt_node.so
[79.237s] -- Symlinking: /ros2_ws/install/husarion_ugv_manager/lib/libcheck_bool_msg_bt_node.so
[79.246s] -- Symlinking: /ros2_ws/install/husarion_ugv_manager/lib/libcheck_joy_msg_bt_node.so
[79.255s] -- Symlinking: /ros2_ws/install/husarion_ugv_manager/lib/libtick_after_timeout_bt_node.so
[79.264s] -- Symlinking: /ros2_ws/install/husarion_ugv_manager/lib/husarion_ugv_manager/safety_manager_node
[79.272s] -- Symlinking: /ros2_ws/install/husarion_ugv_manager/lib/husarion_ugv_manager/lights_manager_node
[79.282s] -- Symlinking: /ros2_ws/install/husarion_ugv_manager/share/husarion_ugv_manager/behavior_trees/LightsBT.btproj
[79.291s] -- Symlinking: /ros2_ws/install/husarion_ugv_manager/share/husarion_ugv_manager/behavior_trees/SafetyBT.btproj
[79.299s] -- Symlinking: /ros2_ws/install/husarion_ugv_manager/share/husarion_ugv_manager/behavior_trees/lights.xml
[79.308s] -- Symlinking: /ros2_ws/install/husarion_ugv_manager/share/husarion_ugv_manager/behavior_trees/safety.xml
[79.317s] -- Symlinking: /ros2_ws/install/husarion_ugv_manager/share/husarion_ugv_manager/behavior_trees/shutdown.xml
[79.326s] -- Symlinking: /ros2_ws/install/husarion_ugv_manager/share/husarion_ugv_manager/config/lights_manager.yaml
[79.335s] -- Symlinking: /ros2_ws/install/husarion_ugv_manager/share/husarion_ugv_manager/config/safety_manager.yaml
[79.344s] -- Symlinking: /ros2_ws/install/husarion_ugv_manager/share/husarion_ugv_manager/config/shutdown_hosts.yaml
[79.352s] -- Symlinking: /ros2_ws/install/husarion_ugv_manager/share/husarion_ugv_manager/launch/manager.launch.py
[79.362s] -- Symlinking: /ros2_ws/install/husarion_ugv_manager/include/husarion_ugv_manager/husarion_ugv_manager/behavior_tree_manager.hpp
[79.371s] -- Symlinking: /ros2_ws/install/husarion_ugv_manager/include/husarion_ugv_manager/husarion_ugv_manager/behavior_tree_utils.hpp
[79.380s] -- Symlinking: /ros2_ws/install/husarion_ugv_manager/include/husarion_ugv_manager/husarion_ugv_manager/lights_manager_node.hpp
[79.389s] -- Symlinking: /ros2_ws/install/husarion_ugv_manager/include/husarion_ugv_manager/husarion_ugv_manager/plugins/action/call_set_bool_service_node.hpp
[79.398s] -- Symlinking: /ros2_ws/install/husarion_ugv_manager/include/husarion_ugv_manager/husarion_ugv_manager/plugins/action/call_set_led_animation_service_node.hpp
[79.407s] -- Symlinking: /ros2_ws/install/husarion_ugv_manager/include/husarion_ugv_manager/husarion_ugv_manager/plugins/action/call_trigger_service_node.hpp
[79.416s] -- Symlinking: /ros2_ws/install/husarion_ugv_manager/include/husarion_ugv_manager/husarion_ugv_manager/plugins/action/shutdown_hosts_from_file_node.hpp
[79.424s] -- Symlinking: /ros2_ws/install/husarion_ugv_manager/include/husarion_ugv_manager/husarion_ugv_manager/plugins/action/shutdown_single_host_node.hpp
[79.433s] -- Symlinking: /ros2_ws/install/husarion_ugv_manager/include/husarion_ugv_manager/husarion_ugv_manager/plugins/action/signal_shutdown_node.hpp
[79.442s] -- Symlinking: /ros2_ws/install/husarion_ugv_manager/include/husarion_ugv_manager/husarion_ugv_manager/plugins/condition/check_bool_msg.hpp
[79.451s] -- Symlinking: /ros2_ws/install/husarion_ugv_manager/include/husarion_ugv_manager/husarion_ugv_manager/plugins/condition/check_joy_msg.hpp
[79.459s] -- Symlinking: /ros2_ws/install/husarion_ugv_manager/include/husarion_ugv_manager/husarion_ugv_manager/plugins/decorator/tick_after_timeout_node.hpp
[79.468s] -- Symlinking: /ros2_ws/install/husarion_ugv_manager/include/husarion_ugv_manager/husarion_ugv_manager/plugins/shutdown_host.hpp
[79.477s] -- Symlinking: /ros2_ws/install/husarion_ugv_manager/include/husarion_ugv_manager/husarion_ugv_manager/plugins/shutdown_hosts_node.hpp
[79.486s] -- Symlinking: /ros2_ws/install/husarion_ugv_manager/include/husarion_ugv_manager/husarion_ugv_manager/safety_manager_node.hpp
[79.495s] -- Symlinking: /ros2_ws/install/husarion_ugv_manager/include/husarion_ugv_manager/husarion_ugv_manager/test/utils/behavior_tree_test_utils.hpp
[79.504s] -- Symlinking: /ros2_ws/install/husarion_ugv_manager/include/husarion_ugv_manager/husarion_ugv_manager/test/utils/plugin_test_utils.hpp
[79.513s] -- Symlinking: /ros2_ws/install/husarion_ugv_manager/share/ament_index/resource_index/package_run_dependencies/husarion_ugv_manager
[79.522s] -- Symlinking: /ros2_ws/install/husarion_ugv_manager/share/ament_index/resource_index/parent_prefix_path/husarion_ugv_manager
[79.531s] -- Symlinking: /ros2_ws/install/husarion_ugv_manager/share/husarion_ugv_manager/environment/ament_prefix_path.sh
[79.539s] -- Symlinking: /ros2_ws/install/husarion_ugv_manager/share/husarion_ugv_manager/environment/ament_prefix_path.dsv
[79.548s] -- Symlinking: /ros2_ws/install/husarion_ugv_manager/share/husarion_ugv_manager/environment/path.sh
[79.557s] -- Symlinking: /ros2_ws/install/husarion_ugv_manager/share/husarion_ugv_manager/environment/path.dsv
[79.566s] -- Symlinking: /ros2_ws/install/husarion_ugv_manager/share/husarion_ugv_manager/local_setup.bash
[79.575s] -- Symlinking: /ros2_ws/install/husarion_ugv_manager/share/husarion_ugv_manager/local_setup.sh
[79.583s] -- Symlinking: /ros2_ws/install/husarion_ugv_manager/share/husarion_ugv_manager/local_setup.zsh
[79.592s] -- Symlinking: /ros2_ws/install/husarion_ugv_manager/share/husarion_ugv_manager/local_setup.dsv
[79.601s] -- Symlinking: /ros2_ws/install/husarion_ugv_manager/share/husarion_ugv_manager/package.dsv
[79.610s] -- Symlinking: /ros2_ws/install/husarion_ugv_manager/share/ament_index/resource_index/packages/husarion_ugv_manager
[79.619s] -- Symlinking: /ros2_ws/install/husarion_ugv_manager/share/husarion_ugv_manager/cmake/ament_cmake_export_dependencies-extras.cmake
[79.628s] -- Symlinking: /ros2_ws/install/husarion_ugv_manager/share/husarion_ugv_manager/cmake/ament_cmake_export_include_directories-extras.cmake
[79.637s] -- Symlinking: /ros2_ws/install/husarion_ugv_manager/share/husarion_ugv_manager/cmake/husarion_ugv_managerConfig.cmake
[79.645s] -- Symlinking: /ros2_ws/install/husarion_ugv_manager/share/husarion_ugv_manager/cmake/husarion_ugv_managerConfig-version.cmake
[79.654s] -- Symlinking: /ros2_ws/install/husarion_ugv_manager/share/husarion_ugv_manager/package.xml
[79.665s] Invoked command in '/ros2_ws/build/husarion_ugv_manager' returned '0': AMENT_PREFIX_PATH=/ros2_ws/install/behaviortree_ros2:/ros2_ws/install/husarion_ugv_utils:/ros2_ws/install/husarion_ugv_msgs:/ros2_ws/install/btcpp_ros2_interfaces:${AMENT_PREFIX_PATH} CMAKE_PREFIX_PATH=/ros2_ws/install/behaviortree_ros2:/ros2_ws/install/husarion_ugv_utils:/ros2_ws/install/husarion_ugv_msgs:/ros2_ws/install/btcpp_ros2_interfaces:/opt/ros/humble LD_LIBRARY_PATH=/ros2_ws/install/behaviortree_ros2/lib:/ros2_ws/install/husarion_ugv_msgs/lib:/ros2_ws/install/btcpp_ros2_interfaces/lib:${LD_LIBRARY_PATH} PYTHONPATH=/ros2_ws/install/husarion_ugv_utils/local/lib/python3.10/dist-packages:/ros2_ws/install/husarion_ugv_msgs/local/lib/python3.10/dist-packages:/ros2_ws/install/btcpp_ros2_interfaces/local/lib/python3.10/dist-packages:${PYTHONPATH} /usr/bin/cmake --install /ros2_ws/build/husarion_ugv_manager
