[0.054s] Invoking command in '/ros2_ws/build/mecanum_drive_controller': CMAKE_PREFIX_PATH=/opt/ros/humble /usr/bin/cmake /ros2_ws/src/husarion_controllers/mecanum_drive_controller -DCMAKE_BUILD_TYPE=Release -DBUILD_TESTING=OFF -DAMENT_CMAKE_SYMLINK_INSTALL=1 -DCMAKE_INSTALL_PREFIX=/ros2_ws/install/mecanum_drive_controller
[0.287s] -- The C compiler identification is GNU 11.4.0
[0.524s] -- The CXX compiler identification is GNU 11.4.0
[0.545s] -- Detecting C compiler ABI info
[0.883s] -- Detecting C compiler ABI info - done
[0.903s] -- Check for working C compiler: /usr/bin/cc - skipped
[0.904s] -- Detecting C compile features
[0.905s] -- Detecting C compile features - done
[0.917s] -- Detecting CXX compiler ABI info
[1.254s] -- Detecting CXX compiler ABI info - done
[1.281s] -- Check for working CXX compiler: /usr/bin/c++ - skipped
[1.282s] -- Detecting CXX compile features
[1.283s] -- Detecting CXX compile features - done
[1.292s] -- Found ament_cmake: 1.3.9 (/opt/ros/humble/share/ament_cmake/cmake)
[1.814s] -- Found Python3: /usr/bin/python3 (found version "3.10.12") found components: Interpreter 
[2.036s] -- Override CMake install command with custom implementation using symlinks instead of copying resources
[2.132s] -- Found controller_interface: 2.47.0 (/opt/ros/humble/share/controller_interface/cmake)
[2.296s] -- Found rosidl_generator_c: 3.1.5 (/opt/ros/humble/share/rosidl_generator_c/cmake)
[2.328s] -- Found rosidl_adapter: 3.1.5 (/opt/ros/humble/share/rosidl_adapter/cmake)
[2.360s] -- Found rosidl_generator_cpp: 3.1.5 (/opt/ros/humble/share/rosidl_generator_cpp/cmake)
[2.416s] -- Using all available rosidl_typesupport_c: rosidl_typesupport_fastrtps_c;rosidl_typesupport_introspection_c
[2.522s] -- Using all available rosidl_typesupport_cpp: rosidl_typesupport_fastrtps_cpp;rosidl_typesupport_introspection_cpp
[5.546s] -- Found rmw_implementation_cmake: 6.1.2 (/opt/ros/humble/share/rmw_implementation_cmake/cmake)
[5.551s] -- Found rmw_fastrtps_cpp: 6.2.6 (/opt/ros/humble/share/rmw_fastrtps_cpp/cmake)
[5.753s] -- Found TinyXML2 via Config file: TinyXML2_DIR-NOTFOUND
[6.077s] -- Found OpenSSL: /usr/lib/x86_64-linux-gnu/libcrypto.so (found version "3.0.2")  
[6.081s] -- Found TinyXML2 via Config file: TinyXML2_DIR-NOTFOUND
[6.131s] -- Found FastRTPS: /opt/ros/humble/include  
[6.168s] -- Found TinyXML2 via Config file: TinyXML2_DIR-NOTFOUND
[6.197s] -- Found TinyXML2 via Config file: TinyXML2_DIR-NOTFOUND
[6.224s] -- Using RMW implementation 'rmw_fastrtps_cpp' as default
[6.257s] -- Looking for pthread.h
[6.512s] -- Looking for pthread.h - found
[6.512s] -- Performing Test CMAKE_HAVE_LIBC_PTHREAD
[6.903s] -- Performing Test CMAKE_HAVE_LIBC_PTHREAD - Success
[6.903s] -- Found Threads: TRUE  
[8.100s] -- Found generate_parameter_library: 0.4.0 (/opt/ros/humble/share/generate_parameter_library/cmake)
[8.104s] -- Found parameter_traits: 0.4.0 (/opt/ros/humble/share/parameter_traits/cmake)
[8.238s] -- Found nav_msgs: 4.2.4 (/opt/ros/humble/share/nav_msgs/cmake)
[8.649s] -- Found realtime_tools: 2.10.0 (/opt/ros/humble/share/realtime_tools/cmake)
[8.840s] -- Found tf2: 0.25.11 (/opt/ros/humble/share/tf2/cmake)
[8.870s] -- Found tf2_msgs: 0.25.11 (/opt/ros/humble/share/tf2_msgs/cmake)
[9.995s] -- Configuring done
[10.115s] -- Generating done
[10.130s] -- Build files have been written to: /ros2_ws/build/mecanum_drive_controller
[10.172s] Invoked command in '/ros2_ws/build/mecanum_drive_controller' returned '0': CMAKE_PREFIX_PATH=/opt/ros/humble /usr/bin/cmake /ros2_ws/src/husarion_controllers/mecanum_drive_controller -DCMAKE_BUILD_TYPE=Release -DBUILD_TESTING=OFF -DAMENT_CMAKE_SYMLINK_INSTALL=1 -DCMAKE_INSTALL_PREFIX=/ros2_ws/install/mecanum_drive_controller
[10.183s] Invoking command in '/ros2_ws/build/mecanum_drive_controller': CMAKE_PREFIX_PATH=/opt/ros/humble /usr/bin/cmake --build /ros2_ws/build/mecanum_drive_controller -- -j4 -l4
[10.435s] [ 16%] Running `/opt/ros/humble/bin/generate_parameter_library_cpp /ros2_ws/build/mecanum_drive_controller/include/mecanum_drive_controller/mecanum_drive_controller_parameters.hpp /ros2_ws/src/husarion_controllers/mecanum_drive_controller/src/mecanum_drive_controller_parameter.yaml `
[13.258s] [ 33%] Creating deprecated header file /ros2_ws/build/mecanum_drive_controller/include/mecanum_drive_controller_parameters.hpp
[13.328s] [ 33%] Built target mecanum_drive_controller_parameters
[13.426s] [ 50%] Building CXX object CMakeFiles/mecanum_drive_controller.dir/src/mecanum_drive_controller.cpp.o
[13.460s] [ 66%] Building CXX object CMakeFiles/mecanum_drive_controller.dir/src/odometry.cpp.o
[13.466s] [ 83%] Building CXX object CMakeFiles/mecanum_drive_controller.dir/src/speed_limiter.cpp.o
[20.475s] In file included from /ros2_ws/src/husarion_controllers/mecanum_drive_controller/include/mecanum_drive_controller/mecanum_drive_controller.hpp:50,
[20.475s]                  from /ros2_ws/src/husarion_controllers/mecanum_drive_controller/src/mecanum_drive_controller.cpp:30:
[20.475s] /ros2_ws/build/mecanum_drive_controller/include/mecanum_drive_controller_parameters.hpp:1:175: note: ‘#pragma message: #include "mecanum_drive_controller_parameters.hpp" is deprecated. Use #include <mecanum_drive_controller/mecanum_drive_controller_parameters.hpp> instead.’
[20.475s]     1 | #pragma message("#include \"mecanum_drive_controller_parameters.hpp\" is deprecated. Use #include <mecanum_drive_controller/mecanum_drive_controller_parameters.hpp> instead.")
[20.475s]       |                                                                                                                                                                               ^
[49.500s] [100%] Linking CXX shared library libmecanum_drive_controller.so
[49.812s] [100%] Built target mecanum_drive_controller
[49.828s] Invoked command in '/ros2_ws/build/mecanum_drive_controller' returned '0': CMAKE_PREFIX_PATH=/opt/ros/humble /usr/bin/cmake --build /ros2_ws/build/mecanum_drive_controller -- -j4 -l4
[49.828s] Invoking command in '/ros2_ws/build/mecanum_drive_controller': CMAKE_PREFIX_PATH=/opt/ros/humble /usr/bin/cmake --install /ros2_ws/build/mecanum_drive_controller
[49.838s] -- Install configuration: "Release"
[49.838s] -- Execute custom install script
[49.839s] -- Symlinking: /ros2_ws/install/mecanum_drive_controller/include/mecanum_drive_controller/mecanum_drive_controller_parameters.hpp
[49.852s] -- Symlinking: /ros2_ws/install/mecanum_drive_controller/share/mecanum_drive_controller//mecanum_drive_plugin.xml
[49.864s] -- Symlinking: /ros2_ws/install/mecanum_drive_controller/include/mecanum_drive_controller/mecanum_drive_controller/mecanum_drive_controller.hpp
[49.877s] -- Symlinking: /ros2_ws/install/mecanum_drive_controller/include/mecanum_drive_controller/mecanum_drive_controller/odometry.hpp
[49.889s] -- Symlinking: /ros2_ws/install/mecanum_drive_controller/include/mecanum_drive_controller/mecanum_drive_controller/speed_limiter.hpp
[49.900s] -- Symlinking: /ros2_ws/install/mecanum_drive_controller/include/mecanum_drive_controller/mecanum_drive_controller/visibility_control.h
[49.913s] -- Symlinking: /ros2_ws/install/mecanum_drive_controller/share/mecanum_drive_controller/environment/library_path.sh
[49.924s] -- Symlinking: /ros2_ws/install/mecanum_drive_controller/share/mecanum_drive_controller/environment/library_path.dsv
[49.937s] -- Symlinking: /ros2_ws/install/mecanum_drive_controller/share/ament_index/resource_index/package_run_dependencies/mecanum_drive_controller
[49.949s] -- Symlinking: /ros2_ws/install/mecanum_drive_controller/share/ament_index/resource_index/parent_prefix_path/mecanum_drive_controller
[49.961s] -- Symlinking: /ros2_ws/install/mecanum_drive_controller/share/mecanum_drive_controller/environment/ament_prefix_path.sh
[49.974s] -- Symlinking: /ros2_ws/install/mecanum_drive_controller/share/mecanum_drive_controller/environment/ament_prefix_path.dsv
[49.986s] -- Symlinking: /ros2_ws/install/mecanum_drive_controller/share/mecanum_drive_controller/environment/path.sh
[49.998s] -- Symlinking: /ros2_ws/install/mecanum_drive_controller/share/mecanum_drive_controller/environment/path.dsv
[50.010s] -- Symlinking: /ros2_ws/install/mecanum_drive_controller/share/mecanum_drive_controller/local_setup.bash
[50.022s] -- Symlinking: /ros2_ws/install/mecanum_drive_controller/share/mecanum_drive_controller/local_setup.sh
[50.035s] -- Symlinking: /ros2_ws/install/mecanum_drive_controller/share/mecanum_drive_controller/local_setup.zsh
[50.047s] -- Symlinking: /ros2_ws/install/mecanum_drive_controller/share/mecanum_drive_controller/local_setup.dsv
[50.059s] -- Symlinking: /ros2_ws/install/mecanum_drive_controller/share/mecanum_drive_controller/package.dsv
[50.071s] -- Symlinking: /ros2_ws/install/mecanum_drive_controller/share/ament_index/resource_index/packages/mecanum_drive_controller
[50.083s] -- Symlinking: /ros2_ws/install/mecanum_drive_controller/share/ament_index/resource_index/controller_interface__pluginlib__plugin/mecanum_drive_controller
[50.095s] -- Symlinking: /ros2_ws/install/mecanum_drive_controller/share/mecanum_drive_controller/cmake/ament_cmake_export_dependencies-extras.cmake
[50.107s] -- Symlinking: /ros2_ws/install/mecanum_drive_controller/share/mecanum_drive_controller/cmake/ament_cmake_export_targets-extras.cmake
[50.118s] -- Symlinking: /ros2_ws/install/mecanum_drive_controller/share/mecanum_drive_controller/cmake/mecanum_drive_controllerConfig.cmake
[50.130s] -- Symlinking: /ros2_ws/install/mecanum_drive_controller/share/mecanum_drive_controller/cmake/mecanum_drive_controllerConfig-version.cmake
[50.142s] -- Symlinking: /ros2_ws/install/mecanum_drive_controller/share/mecanum_drive_controller/package.xml
[50.153s] -- Installing: /ros2_ws/install/mecanum_drive_controller/lib/libmecanum_drive_controller.so
[50.159s] -- Set runtime path of "/ros2_ws/install/mecanum_drive_controller/lib/libmecanum_drive_controller.so" to ""
[50.159s] -- Installing: /ros2_ws/install/mecanum_drive_controller/share/mecanum_drive_controller/cmake/export_mecanum_drive_controllerExport.cmake
[50.159s] -- Installing: /ros2_ws/install/mecanum_drive_controller/share/mecanum_drive_controller/cmake/export_mecanum_drive_controllerExport-release.cmake
[50.162s] Invoked command in '/ros2_ws/build/mecanum_drive_controller' returned '0': CMAKE_PREFIX_PATH=/opt/ros/humble /usr/bin/cmake --install /ros2_ws/build/mecanum_drive_controller
