-- The C compiler identification is GNU 11.4.0
-- The CXX compiler identification is GNU 11.4.0
-- Detecting C compiler ABI info
-- Detecting C compiler ABI info - done
-- Check for working C compiler: /usr/bin/cc - skipped
-- Detecting C compile features
-- Detecting C compile features - done
-- Detecting CXX compiler ABI info
-- Detecting CXX compiler ABI info - done
-- Check for working CXX compiler: /usr/bin/c++ - skipped
-- Detecting CXX compile features
-- Detecting CXX compile features - done
-- Found ament_cmake: 1.3.9 (/opt/ros/humble/share/ament_cmake/cmake)
-- Found Python3: /usr/bin/python3 (found version "3.10.12") found components: Interpreter 
-- Override CMake install command with custom implementation using symlinks instead of copying resources
-- Found ament_index_cpp: 1.4.0 (/opt/ros/humble/share/ament_index_cpp/cmake)
-- Found diagnostic_updater: 4.0.0 (/opt/ros/humble/share/diagnostic_updater/cmake)
-- Found rosidl_generator_c: 3.1.5 (/opt/ros/humble/share/rosidl_generator_c/cmake)
-- Found rosidl_adapter: 3.1.5 (/opt/ros/humble/share/rosidl_adapter/cmake)
-- Found rosidl_generator_cpp: 3.1.5 (/opt/ros/humble/share/rosidl_generator_cpp/cmake)
-- Using all available rosidl_typesupport_c: rosidl_typesupport_fastrtps_c;rosidl_typesupport_introspection_c
-- Using all available rosidl_typesupport_cpp: rosidl_typesupport_fastrtps_cpp;rosidl_typesupport_introspection_cpp
-- Found rmw_implementation_cmake: 6.1.2 (/opt/ros/humble/share/rmw_implementation_cmake/cmake)
-- Found rmw_fastrtps_cpp: 6.2.6 (/opt/ros/humble/share/rmw_fastrtps_cpp/cmake)
-- Found OpenSSL: /usr/lib/x86_64-linux-gnu/libcrypto.so (found version "3.0.2")  
-- Found FastRTPS: /opt/ros/humble/include  
-- Using RMW implementation 'rmw_fastrtps_cpp' as default
-- Looking for pthread.h
-- Looking for pthread.h - found
-- Performing Test CMAKE_HAVE_LIBC_PTHREAD
-- Performing Test CMAKE_HAVE_LIBC_PTHREAD - Success
-- Found Threads: TRUE  
-- Found generate_parameter_library: 0.4.0 (/opt/ros/humble/share/generate_parameter_library/cmake)
-- Found parameter_traits: 0.4.0 (/opt/ros/humble/share/parameter_traits/cmake)
-- Found rclcpp_lifecycle: 16.0.9 (/opt/ros/humble/share/rclcpp_lifecycle/cmake)
-- Found image_transport: 3.1.10 (/opt/ros/humble/share/image_transport/cmake)
-- Found husarion_ugv_msgs: 2.1.2 (/ros2_ws/install/husarion_ugv_msgs/share/husarion_ugv_msgs/cmake)
-- Found husarion_ugv_utils: 2.1.2 (/ros2_ws/install/husarion_ugv_utils/share/husarion_ugv_utils/cmake)
-- Found rclcpp_components: 16.0.9 (/opt/ros/humble/share/rclcpp_components/cmake)
-- Found std_srvs: 4.2.4 (/opt/ros/humble/share/std_srvs/cmake)
-- Configuring done
-- Generating done
-- Build files have been written to: /ros2_ws/build/husarion_ugv_lights
[ 10%] Building CXX object CMakeFiles/animation_plugins.dir/src/animation/image_animation.cpp.o
[ 10%] Running `/opt/ros/humble/bin/generate_parameter_library_cpp /ros2_ws/build/husarion_ugv_lights/include/husarion_ugv_lights/lights_driver_parameters.hpp /ros2_ws/src/husarion_ugv/husarion_ugv_lights/src/lights_driver_parameters.yaml `
[ 15%] Creating deprecated header file /ros2_ws/build/husarion_ugv_lights/include/lights_driver_parameters.hpp
[ 15%] Built target lights_driver_parameters
[ 20%] Building CXX object CMakeFiles/animation_plugins.dir/src/animation/charging_animation.cpp.o
[ 25%] Building CXX object CMakeFiles/lights_driver_node.dir/rclcpp_components/node_main_lights_driver_node.cpp.o
[ 30%] Running `/opt/ros/humble/bin/generate_parameter_library_cpp /ros2_ws/build/husarion_ugv_lights/include/husarion_ugv_lights/lights_controller_parameters.hpp /ros2_ws/src/husarion_ugv/husarion_ugv_lights/src/lights_controller_parameters.yaml `
[ 35%] Creating deprecated header file /ros2_ws/build/husarion_ugv_lights/include/lights_controller_parameters.hpp
[ 35%] Built target lights_controller_parameters
[ 40%] Building CXX object CMakeFiles/lights_controller_node.dir/rclcpp_components/node_main_lights_controller_node.cpp.o
[ 45%] Linking CXX executable lights_driver_node
[ 45%] Built target lights_driver_node
[ 50%] Linking CXX executable lights_controller_node
[ 50%] Built target lights_controller_node
[ 55%] Linking CXX shared library libanimation_plugins.so
[ 55%] Built target animation_plugins
[ 60%] Building CXX object CMakeFiles/lights_controller_node_component.dir/src/lights_controller_node.cpp.o
[ 65%] Building CXX object CMakeFiles/lights_controller_node_component.dir/src/led_components/led_panel.cpp.o
[ 70%] Building CXX object CMakeFiles/lights_controller_node_component.dir/src/led_components/led_segment.cpp.o
[ 75%] Building CXX object CMakeFiles/lights_controller_node_component.dir/src/led_components/segment_converter.cpp.o
[ 80%] Building CXX object CMakeFiles/lights_controller_node_component.dir/src/led_components/led_animations_queue.cpp.o
[ 85%] Linking CXX shared library liblights_controller_node_component.so
[ 85%] Built target lights_controller_node_component
[ 90%] Building CXX object CMakeFiles/lights_driver_node_component.dir/src/lights_driver_node.cpp.o
[ 95%] Building CXX object CMakeFiles/lights_driver_node_component.dir/src/apa102.cpp.o
[100%] Linking CXX shared library liblights_driver_node_component.so
[100%] Built target lights_driver_node_component
-- Install configuration: "Release"
-- Execute custom install script
-- Symlinking: /ros2_ws/install/husarion_ugv_lights/include/husarion_ugv_lights/lights_controller_parameters.hpp
-- Symlinking: /ros2_ws/install/husarion_ugv_lights/include/husarion_ugv_lights/lights_driver_parameters.hpp
-- Up-to-date symlink: /ros2_ws/install/husarion_ugv_lights/include/husarion_ugv_lights/lights_controller_parameters.hpp
-- Up-to-date symlink: /ros2_ws/install/husarion_ugv_lights/include/husarion_ugv_lights/lights_driver_parameters.hpp
-- Symlinking: /ros2_ws/install/husarion_ugv_lights/lib/husarion_ugv_lights/lights_driver_node
-- Symlinking: /ros2_ws/install/husarion_ugv_lights/lib/husarion_ugv_lights/lights_controller_node
-- Symlinking: /ros2_ws/install/husarion_ugv_lights/share/husarion_ugv_lights/animations/lynx/battery_critical.png
-- Symlinking: /ros2_ws/install/husarion_ugv_lights/share/husarion_ugv_lights/animations/lynx/battery_low.png
-- Symlinking: /ros2_ws/install/husarion_ugv_lights/share/husarion_ugv_lights/animations/lynx/strip01_purple.png
-- Symlinking: /ros2_ws/install/husarion_ugv_lights/share/husarion_ugv_lights/animations/lynx/strip01_red.png
-- Symlinking: /ros2_ws/install/husarion_ugv_lights/share/husarion_ugv_lights/animations/lynx/triangle01_blue.png
-- Symlinking: /ros2_ws/install/husarion_ugv_lights/share/husarion_ugv_lights/animations/lynx/triangle01_cyan.png
-- Symlinking: /ros2_ws/install/husarion_ugv_lights/share/husarion_ugv_lights/animations/lynx/triangle01_green.png
-- Symlinking: /ros2_ws/install/husarion_ugv_lights/share/husarion_ugv_lights/animations/lynx/triangle01_orange.png
-- Symlinking: /ros2_ws/install/husarion_ugv_lights/share/husarion_ugv_lights/animations/lynx/triangle01_purple.png
-- Symlinking: /ros2_ws/install/husarion_ugv_lights/share/husarion_ugv_lights/animations/lynx/triangle01_red.png
-- Symlinking: /ros2_ws/install/husarion_ugv_lights/share/husarion_ugv_lights/animations/lynx/triangle01_yellow.png
-- Symlinking: /ros2_ws/install/husarion_ugv_lights/share/husarion_ugv_lights/animations/panther/battery_critical.png
-- Symlinking: /ros2_ws/install/husarion_ugv_lights/share/husarion_ugv_lights/animations/panther/battery_low.png
-- Symlinking: /ros2_ws/install/husarion_ugv_lights/share/husarion_ugv_lights/animations/panther/strip01_purple.png
-- Symlinking: /ros2_ws/install/husarion_ugv_lights/share/husarion_ugv_lights/animations/panther/strip01_red.png
-- Symlinking: /ros2_ws/install/husarion_ugv_lights/share/husarion_ugv_lights/animations/panther/triangle01_blue.png
-- Symlinking: /ros2_ws/install/husarion_ugv_lights/share/husarion_ugv_lights/animations/panther/triangle01_cyan.png
-- Symlinking: /ros2_ws/install/husarion_ugv_lights/share/husarion_ugv_lights/animations/panther/triangle01_green.png
-- Symlinking: /ros2_ws/install/husarion_ugv_lights/share/husarion_ugv_lights/animations/panther/triangle01_orange.png
-- Symlinking: /ros2_ws/install/husarion_ugv_lights/share/husarion_ugv_lights/animations/panther/triangle01_purple.png
-- Symlinking: /ros2_ws/install/husarion_ugv_lights/share/husarion_ugv_lights/animations/panther/triangle01_red.png
-- Symlinking: /ros2_ws/install/husarion_ugv_lights/share/husarion_ugv_lights/animations/panther/triangle01_yellow.png
-- Symlinking: /ros2_ws/install/husarion_ugv_lights/share/husarion_ugv_lights/config/lynx_animations.yaml
-- Symlinking: /ros2_ws/install/husarion_ugv_lights/share/husarion_ugv_lights/config/lynx_driver.yaml
-- Symlinking: /ros2_ws/install/husarion_ugv_lights/share/husarion_ugv_lights/config/panther_animations.yaml
-- Symlinking: /ros2_ws/install/husarion_ugv_lights/share/husarion_ugv_lights/config/panther_driver.yaml
-- Symlinking: /ros2_ws/install/husarion_ugv_lights/share/husarion_ugv_lights/config/user_animations.yaml
-- Symlinking: /ros2_ws/install/husarion_ugv_lights/share/husarion_ugv_lights/launch/lights.launch.py
-- Symlinking: /ros2_ws/install/husarion_ugv_lights/share/husarion_ugv_lights/test/files/animation.png
-- Symlinking: /ros2_ws/install/husarion_ugv_lights/share/husarion_ugv_lights/test/integration/husarion_ugv_lights.test.py
-- Symlinking: /ros2_ws/install/husarion_ugv_lights/share/husarion_ugv_lights/test/unit/animation/test_animation.cpp
-- Symlinking: /ros2_ws/install/husarion_ugv_lights/share/husarion_ugv_lights/test/unit/animation/test_charging_animation.cpp
-- Symlinking: /ros2_ws/install/husarion_ugv_lights/share/husarion_ugv_lights/test/unit/animation/test_image_animation.cpp
-- Symlinking: /ros2_ws/install/husarion_ugv_lights/share/husarion_ugv_lights/test/unit/led_components/test_led_animation.cpp
-- Symlinking: /ros2_ws/install/husarion_ugv_lights/share/husarion_ugv_lights/test/unit/led_components/test_led_animations_queue.cpp
-- Symlinking: /ros2_ws/install/husarion_ugv_lights/share/husarion_ugv_lights/test/unit/led_components/test_led_panel.cpp
-- Symlinking: /ros2_ws/install/husarion_ugv_lights/share/husarion_ugv_lights/test/unit/led_components/test_led_segment.cpp
-- Symlinking: /ros2_ws/install/husarion_ugv_lights/share/husarion_ugv_lights/test/unit/led_components/test_segment_converter.cpp
-- Symlinking: /ros2_ws/install/husarion_ugv_lights/share/husarion_ugv_lights/test/unit/test_apa102.cpp
-- Symlinking: /ros2_ws/install/husarion_ugv_lights/share/husarion_ugv_lights/test/unit/test_lights_controller_node.cpp
-- Symlinking: /ros2_ws/install/husarion_ugv_lights/share/husarion_ugv_lights/test/unit/test_lights_driver_node.cpp
-- Symlinking: /ros2_ws/install/husarion_ugv_lights/include/husarion_ugv_lights/husarion_ugv_lights/animation/animation.hpp
-- Symlinking: /ros2_ws/install/husarion_ugv_lights/include/husarion_ugv_lights/husarion_ugv_lights/animation/charging_animation.hpp
-- Symlinking: /ros2_ws/install/husarion_ugv_lights/include/husarion_ugv_lights/husarion_ugv_lights/animation/image_animation.hpp
-- Symlinking: /ros2_ws/install/husarion_ugv_lights/include/husarion_ugv_lights/husarion_ugv_lights/apa102.hpp
-- Symlinking: /ros2_ws/install/husarion_ugv_lights/include/husarion_ugv_lights/husarion_ugv_lights/led_components/led_animations_queue.hpp
-- Symlinking: /ros2_ws/install/husarion_ugv_lights/include/husarion_ugv_lights/husarion_ugv_lights/led_components/led_panel.hpp
-- Symlinking: /ros2_ws/install/husarion_ugv_lights/include/husarion_ugv_lights/husarion_ugv_lights/led_components/led_segment.hpp
-- Symlinking: /ros2_ws/install/husarion_ugv_lights/include/husarion_ugv_lights/husarion_ugv_lights/led_components/segment_converter.hpp
-- Symlinking: /ros2_ws/install/husarion_ugv_lights/include/husarion_ugv_lights/husarion_ugv_lights/lights_controller_node.hpp
-- Symlinking: /ros2_ws/install/husarion_ugv_lights/include/husarion_ugv_lights/husarion_ugv_lights/lights_driver_node.hpp
-- Symlinking: /ros2_ws/install/husarion_ugv_lights/share/husarion_ugv_lights/environment/library_path.sh
-- Symlinking: /ros2_ws/install/husarion_ugv_lights/share/husarion_ugv_lights/environment/library_path.dsv
-- Symlinking: /ros2_ws/install/husarion_ugv_lights/share/husarion_ugv_lights//plugins.xml
-- Symlinking: /ros2_ws/install/husarion_ugv_lights/share/ament_index/resource_index/package_run_dependencies/husarion_ugv_lights
-- Symlinking: /ros2_ws/install/husarion_ugv_lights/share/ament_index/resource_index/parent_prefix_path/husarion_ugv_lights
-- Symlinking: /ros2_ws/install/husarion_ugv_lights/share/husarion_ugv_lights/environment/ament_prefix_path.sh
-- Symlinking: /ros2_ws/install/husarion_ugv_lights/share/husarion_ugv_lights/environment/ament_prefix_path.dsv
-- Symlinking: /ros2_ws/install/husarion_ugv_lights/share/husarion_ugv_lights/environment/path.sh
-- Symlinking: /ros2_ws/install/husarion_ugv_lights/share/husarion_ugv_lights/environment/path.dsv
-- Symlinking: /ros2_ws/install/husarion_ugv_lights/share/husarion_ugv_lights/local_setup.bash
-- Symlinking: /ros2_ws/install/husarion_ugv_lights/share/husarion_ugv_lights/local_setup.sh
-- Symlinking: /ros2_ws/install/husarion_ugv_lights/share/husarion_ugv_lights/local_setup.zsh
-- Symlinking: /ros2_ws/install/husarion_ugv_lights/share/husarion_ugv_lights/local_setup.dsv
-- Symlinking: /ros2_ws/install/husarion_ugv_lights/share/husarion_ugv_lights/package.dsv
-- Symlinking: /ros2_ws/install/husarion_ugv_lights/share/ament_index/resource_index/packages/husarion_ugv_lights
-- Symlinking: /ros2_ws/install/husarion_ugv_lights/share/ament_index/resource_index/husarion_ugv_lights__pluginlib__plugin/husarion_ugv_lights
-- Symlinking: /ros2_ws/install/husarion_ugv_lights/share/ament_index/resource_index/rclcpp_components/husarion_ugv_lights
-- Symlinking: /ros2_ws/install/husarion_ugv_lights/share/husarion_ugv_lights/cmake/ament_cmake_export_dependencies-extras.cmake
-- Symlinking: /ros2_ws/install/husarion_ugv_lights/share/husarion_ugv_lights/cmake/ament_cmake_export_include_directories-extras.cmake
-- Symlinking: /ros2_ws/install/husarion_ugv_lights/share/husarion_ugv_lights/cmake/ament_cmake_export_targets-extras.cmake
-- Symlinking: /ros2_ws/install/husarion_ugv_lights/share/husarion_ugv_lights/cmake/husarion_ugv_lightsConfig.cmake
-- Symlinking: /ros2_ws/install/husarion_ugv_lights/share/husarion_ugv_lights/cmake/husarion_ugv_lightsConfig-version.cmake
-- Symlinking: /ros2_ws/install/husarion_ugv_lights/share/husarion_ugv_lights/package.xml
-- Installing: /ros2_ws/install/husarion_ugv_lights/lib/libanimation_plugins.so
-- Set runtime path of "/ros2_ws/install/husarion_ugv_lights/lib/libanimation_plugins.so" to ""
-- Installing: /ros2_ws/install/husarion_ugv_lights/lib/liblights_driver_node_component.so
-- Set runtime path of "/ros2_ws/install/husarion_ugv_lights/lib/liblights_driver_node_component.so" to ""
-- Installing: /ros2_ws/install/husarion_ugv_lights/lib/liblights_controller_node_component.so
-- Set runtime path of "/ros2_ws/install/husarion_ugv_lights/lib/liblights_controller_node_component.so" to ""
-- Installing: /ros2_ws/install/husarion_ugv_lights/share/husarion_ugv_lights/cmake/export_husarion_ugv_lightsExport.cmake
-- Installing: /ros2_ws/install/husarion_ugv_lights/share/husarion_ugv_lights/cmake/export_husarion_ugv_lightsExport-release.cmake
