[0.010s] Invoking command in '/ros2_ws/build/husarion_ugv_description': AMENT_PREFIX_PATH=/ros2_ws/install/ros_components_description:${AMENT_PREFIX_PATH} CMAKE_PREFIX_PATH=/ros2_ws/install/ros_components_description:/opt/ros/humble GAZEBO_MODEL_PATH=/ros2_ws/install/ros_components_description/share GZ_SIM_RESOURCE_PATH=/ros2_ws/install/ros_components_description/share IGN_GAZEBO_RESOURCE_PATH=/ros2_ws/install/ros_components_description/share /usr/bin/cmake /ros2_ws/src/husarion_ugv/husarion_ugv_description -DCMAKE_BUILD_TYPE=Release -DBUILD_TESTING=OFF -DAMENT_CMAKE_SYMLINK_INSTALL=1 -DCMAKE_INSTALL_PREFIX=/ros2_ws/install/husarion_ugv_description
[0.085s] -- The C compiler identification is GNU 11.4.0
[0.165s] -- The CXX compiler identification is GNU 11.4.0
[0.176s] -- Detecting C compiler ABI info
[0.286s] -- Detecting C compiler ABI info - done
[0.303s] -- Check for working C compiler: /usr/bin/cc - skipped
[0.303s] -- Detecting C compile features
[0.304s] -- Detecting C compile features - done
[0.320s] -- Detecting CXX compiler ABI info
[0.654s] -- Detecting CXX compiler ABI info - done
[0.666s] -- Check for working CXX compiler: /usr/bin/c++ - skipped
[0.683s] -- Detecting CXX compile features
[0.683s] -- Detecting CXX compile features - done
[0.688s] -- Found ament_cmake: 1.3.9 (/opt/ros/humble/share/ament_cmake/cmake)
[1.101s] -- Found Python3: /usr/bin/python3 (found version "3.10.12") found components: Interpreter 
[1.228s] -- Override CMake install command with custom implementation using symlinks instead of copying resources
[1.358s] -- Configuring done
[1.363s] -- Generating done
[1.366s] -- Build files have been written to: /ros2_ws/build/husarion_ugv_description
[1.372s] Invoked command in '/ros2_ws/build/husarion_ugv_description' returned '0': AMENT_PREFIX_PATH=/ros2_ws/install/ros_components_description:${AMENT_PREFIX_PATH} CMAKE_PREFIX_PATH=/ros2_ws/install/ros_components_description:/opt/ros/humble GAZEBO_MODEL_PATH=/ros2_ws/install/ros_components_description/share GZ_SIM_RESOURCE_PATH=/ros2_ws/install/ros_components_description/share IGN_GAZEBO_RESOURCE_PATH=/ros2_ws/install/ros_components_description/share /usr/bin/cmake /ros2_ws/src/husarion_ugv/husarion_ugv_description -DCMAKE_BUILD_TYPE=Release -DBUILD_TESTING=OFF -DAMENT_CMAKE_SYMLINK_INSTALL=1 -DCMAKE_INSTALL_PREFIX=/ros2_ws/install/husarion_ugv_description
[1.373s] Invoking command in '/ros2_ws/build/husarion_ugv_description': AMENT_PREFIX_PATH=/ros2_ws/install/ros_components_description:${AMENT_PREFIX_PATH} CMAKE_PREFIX_PATH=/ros2_ws/install/ros_components_description:/opt/ros/humble GAZEBO_MODEL_PATH=/ros2_ws/install/ros_components_description/share GZ_SIM_RESOURCE_PATH=/ros2_ws/install/ros_components_description/share IGN_GAZEBO_RESOURCE_PATH=/ros2_ws/install/ros_components_description/share /usr/bin/cmake --build /ros2_ws/build/husarion_ugv_description -- -j4 -l4
[1.427s] Invoked command in '/ros2_ws/build/husarion_ugv_description' returned '0': AMENT_PREFIX_PATH=/ros2_ws/install/ros_components_description:${AMENT_PREFIX_PATH} CMAKE_PREFIX_PATH=/ros2_ws/install/ros_components_description:/opt/ros/humble GAZEBO_MODEL_PATH=/ros2_ws/install/ros_components_description/share GZ_SIM_RESOURCE_PATH=/ros2_ws/install/ros_components_description/share IGN_GAZEBO_RESOURCE_PATH=/ros2_ws/install/ros_components_description/share /usr/bin/cmake --build /ros2_ws/build/husarion_ugv_description -- -j4 -l4
[1.427s] Invoking command in '/ros2_ws/build/husarion_ugv_description': AMENT_PREFIX_PATH=/ros2_ws/install/ros_components_description:${AMENT_PREFIX_PATH} CMAKE_PREFIX_PATH=/ros2_ws/install/ros_components_description:/opt/ros/humble GAZEBO_MODEL_PATH=/ros2_ws/install/ros_components_description/share GZ_SIM_RESOURCE_PATH=/ros2_ws/install/ros_components_description/share IGN_GAZEBO_RESOURCE_PATH=/ros2_ws/install/ros_components_description/share /usr/bin/cmake --install /ros2_ws/build/husarion_ugv_description
[1.440s] -- Install configuration: "Release"
[1.440s] -- Execute custom install script
[1.440s] -- Symlinking: /ros2_ws/install/husarion_ugv_description/share/husarion_ugv_description/config/WH01.yaml
[1.453s] -- Symlinking: /ros2_ws/install/husarion_ugv_description/share/husarion_ugv_description/config/WH02.yaml
[1.465s] -- Symlinking: /ros2_ws/install/husarion_ugv_description/share/husarion_ugv_description/config/WH04.yaml
[1.477s] -- Symlinking: /ros2_ws/install/husarion_ugv_description/share/husarion_ugv_description/config/WH05.yaml
[1.488s] -- Symlinking: /ros2_ws/install/husarion_ugv_description/share/husarion_ugv_description/config/components.yaml
[1.500s] -- Symlinking: /ros2_ws/install/husarion_ugv_description/share/husarion_ugv_description/launch/load_urdf.launch.py
[1.512s] -- Symlinking: /ros2_ws/install/husarion_ugv_description/share/husarion_ugv_description/launch/overwrite_robot_description.launch.py
[1.524s] -- Symlinking: /ros2_ws/install/husarion_ugv_description/share/husarion_ugv_description/launch/rviz.launch.py
[1.536s] -- Symlinking: /ros2_ws/install/husarion_ugv_description/share/husarion_ugv_description/launch/visualize_fake_robot.launch.py
[1.549s] -- Symlinking: /ros2_ws/install/husarion_ugv_description/share/husarion_ugv_description/meshes/WH01/fl_wheel.dae
[1.561s] -- Symlinking: /ros2_ws/install/husarion_ugv_description/share/husarion_ugv_description/meshes/WH01/fr_wheel.dae
[1.573s] -- Symlinking: /ros2_ws/install/husarion_ugv_description/share/husarion_ugv_description/meshes/WH01/rl_wheel.dae
[1.584s] -- Symlinking: /ros2_ws/install/husarion_ugv_description/share/husarion_ugv_description/meshes/WH01/rr_wheel.dae
[1.596s] -- Symlinking: /ros2_ws/install/husarion_ugv_description/share/husarion_ugv_description/meshes/WH02/fl_wheel.dae
[1.608s] -- Symlinking: /ros2_ws/install/husarion_ugv_description/share/husarion_ugv_description/meshes/WH02/fr_wheel.dae
[1.620s] -- Symlinking: /ros2_ws/install/husarion_ugv_description/share/husarion_ugv_description/meshes/WH02/rl_wheel.dae
[1.631s] -- Symlinking: /ros2_ws/install/husarion_ugv_description/share/husarion_ugv_description/meshes/WH02/rr_wheel.dae
[1.642s] -- Symlinking: /ros2_ws/install/husarion_ugv_description/share/husarion_ugv_description/meshes/WH04/fl_wheel.dae
[1.654s] -- Symlinking: /ros2_ws/install/husarion_ugv_description/share/husarion_ugv_description/meshes/WH04/fr_wheel.dae
[1.666s] -- Symlinking: /ros2_ws/install/husarion_ugv_description/share/husarion_ugv_description/meshes/WH04/rl_wheel.dae
[1.678s] -- Symlinking: /ros2_ws/install/husarion_ugv_description/share/husarion_ugv_description/meshes/WH04/rr_wheel.dae
[1.690s] -- Symlinking: /ros2_ws/install/husarion_ugv_description/share/husarion_ugv_description/meshes/WH05/fl_wheel.dae
[1.702s] -- Symlinking: /ros2_ws/install/husarion_ugv_description/share/husarion_ugv_description/meshes/WH05/fr_wheel.dae
[1.713s] -- Symlinking: /ros2_ws/install/husarion_ugv_description/share/husarion_ugv_description/meshes/WH05/rl_wheel.dae
[1.725s] -- Symlinking: /ros2_ws/install/husarion_ugv_description/share/husarion_ugv_description/meshes/WH05/rr_wheel.dae
[1.737s] -- Symlinking: /ros2_ws/install/husarion_ugv_description/share/husarion_ugv_description/meshes/lynx/base.dae
[1.749s] -- Symlinking: /ros2_ws/install/husarion_ugv_description/share/husarion_ugv_description/meshes/lynx/battery.dae
[1.761s] -- Symlinking: /ros2_ws/install/husarion_ugv_description/share/husarion_ugv_description/meshes/lynx/user_compartment.dae
[1.773s] -- Symlinking: /ros2_ws/install/husarion_ugv_description/share/husarion_ugv_description/meshes/panther/base.dae
[1.784s] -- Symlinking: /ros2_ws/install/husarion_ugv_description/share/husarion_ugv_description/meshes/panther/base_collision.stl
[1.796s] -- Symlinking: /ros2_ws/install/husarion_ugv_description/share/husarion_ugv_description/rviz/husarion_ugv.rviz
[1.808s] -- Symlinking: /ros2_ws/install/husarion_ugv_description/share/husarion_ugv_description/rviz/robot_model.rviz
[1.820s] -- Symlinking: /ros2_ws/install/husarion_ugv_description/share/husarion_ugv_description/urdf/common/gazebo.urdf.xacro
[1.832s] -- Symlinking: /ros2_ws/install/husarion_ugv_description/share/husarion_ugv_description/urdf/common/wheel.urdf.xacro
[1.844s] -- Symlinking: /ros2_ws/install/husarion_ugv_description/share/husarion_ugv_description/urdf/lynx.urdf.xacro
[1.856s] -- Symlinking: /ros2_ws/install/husarion_ugv_description/share/husarion_ugv_description/urdf/lynx/base.urdf.xacro
[1.867s] -- Symlinking: /ros2_ws/install/husarion_ugv_description/share/husarion_ugv_description/urdf/lynx/lynx_macro.urdf.xacro
[1.879s] -- Symlinking: /ros2_ws/install/husarion_ugv_description/share/husarion_ugv_description/urdf/panther.urdf.xacro
[1.892s] -- Symlinking: /ros2_ws/install/husarion_ugv_description/share/husarion_ugv_description/urdf/panther/base.urdf.xacro
[1.905s] -- Symlinking: /ros2_ws/install/husarion_ugv_description/share/husarion_ugv_description/urdf/panther/panther_macro.urdf.xacro
[1.919s] -- Symlinking: /ros2_ws/install/husarion_ugv_description/share/husarion_ugv_description/environment/setup_envs.sh
[1.933s] -- Symlinking: /ros2_ws/install/husarion_ugv_description/share/ament_index/resource_index/package_run_dependencies/husarion_ugv_description
[1.946s] -- Symlinking: /ros2_ws/install/husarion_ugv_description/share/ament_index/resource_index/parent_prefix_path/husarion_ugv_description
[1.959s] -- Symlinking: /ros2_ws/install/husarion_ugv_description/share/husarion_ugv_description/environment/ament_prefix_path.sh
[1.973s] -- Symlinking: /ros2_ws/install/husarion_ugv_description/share/husarion_ugv_description/environment/ament_prefix_path.dsv
[1.986s] -- Symlinking: /ros2_ws/install/husarion_ugv_description/share/husarion_ugv_description/environment/path.sh
[2.001s] -- Symlinking: /ros2_ws/install/husarion_ugv_description/share/husarion_ugv_description/environment/path.dsv
[2.014s] -- Symlinking: /ros2_ws/install/husarion_ugv_description/share/husarion_ugv_description/local_setup.bash
[2.027s] -- Symlinking: /ros2_ws/install/husarion_ugv_description/share/husarion_ugv_description/local_setup.sh
[2.041s] -- Symlinking: /ros2_ws/install/husarion_ugv_description/share/husarion_ugv_description/local_setup.zsh
[2.054s] -- Symlinking: /ros2_ws/install/husarion_ugv_description/share/husarion_ugv_description/local_setup.dsv
[2.067s] -- Symlinking: /ros2_ws/install/husarion_ugv_description/share/husarion_ugv_description/package.dsv
[2.083s] -- Symlinking: /ros2_ws/install/husarion_ugv_description/share/ament_index/resource_index/packages/husarion_ugv_description
[2.097s] -- Symlinking: /ros2_ws/install/husarion_ugv_description/share/husarion_ugv_description/cmake/husarion_ugv_descriptionConfig.cmake
[2.110s] -- Symlinking: /ros2_ws/install/husarion_ugv_description/share/husarion_ugv_description/cmake/husarion_ugv_descriptionConfig-version.cmake
[2.124s] -- Symlinking: /ros2_ws/install/husarion_ugv_description/share/husarion_ugv_description/package.xml
[2.142s] Invoked command in '/ros2_ws/build/husarion_ugv_description' returned '0': AMENT_PREFIX_PATH=/ros2_ws/install/ros_components_description:${AMENT_PREFIX_PATH} CMAKE_PREFIX_PATH=/ros2_ws/install/ros_components_description:/opt/ros/humble GAZEBO_MODEL_PATH=/ros2_ws/install/ros_components_description/share GZ_SIM_RESOURCE_PATH=/ros2_ws/install/ros_components_description/share IGN_GAZEBO_RESOURCE_PATH=/ros2_ws/install/ros_components_description/share /usr/bin/cmake --install /ros2_ws/build/husarion_ugv_description
