[0.029s] Invoking command in '/ros2_ws/build/behaviortree_ros2': AMENT_PREFIX_PATH=/ros2_ws/install/btcpp_ros2_interfaces:${AMENT_PREFIX_PATH} CMAKE_PREFIX_PATH=/ros2_ws/install/btcpp_ros2_interfaces:/opt/ros/humble LD_LIBRARY_PATH=/ros2_ws/install/btcpp_ros2_interfaces/lib:${LD_LIBRARY_PATH} PYTHONPATH=/ros2_ws/install/btcpp_ros2_interfaces/local/lib/python3.10/dist-packages:${PYTHONPATH} /usr/bin/cmake /ros2_ws/src/behaviortree_ros2/behaviortree_ros2 -DCMAKE_BUILD_TYPE=Release -DBUILD_TESTING=OFF -DAMENT_CMAKE_SYMLINK_INSTALL=1 -DCMAKE_INSTALL_PREFIX=/ros2_ws/install/behaviortree_ros2
[0.230s] -- The C compiler identification is GNU 11.4.0
[0.411s] -- The CXX compiler identification is GNU 11.4.0
[0.439s] -- Detecting C compiler ABI info
[0.708s] -- Detecting C compiler ABI info - done
[0.721s] -- Check for working C compiler: /usr/bin/cc - skipped
[0.722s] -- Detecting C compile features
[0.723s] -- Detecting C compile features - done
[0.740s] -- Detecting CXX compiler ABI info
[1.096s] -- Detecting CXX compiler ABI info - done
[1.103s] -- Check for working CXX compiler: /usr/bin/c++ - skipped
[1.109s] -- Detecting CXX compile features
[1.110s] -- Detecting CXX compile features - done
[1.125s] -- Found ament_cmake: 1.3.9 (/opt/ros/humble/share/ament_cmake/cmake)
[1.532s] -- Found Python3: /usr/bin/python3 (found version "3.10.12") found components: Interpreter 
[1.724s] -- Override CMake install command with custom implementation using symlinks instead of copying resources
[1.819s] -- Found rclcpp: 16.0.9 (/opt/ros/humble/share/rclcpp/cmake)
[1.996s] -- Found rosidl_generator_c: 3.1.5 (/opt/ros/humble/share/rosidl_generator_c/cmake)
[2.022s] -- Found rosidl_adapter: 3.1.5 (/opt/ros/humble/share/rosidl_adapter/cmake)
[2.054s] -- Found rosidl_generator_cpp: 3.1.5 (/opt/ros/humble/share/rosidl_generator_cpp/cmake)
[2.093s] -- Using all available rosidl_typesupport_c: rosidl_typesupport_fastrtps_c;rosidl_typesupport_introspection_c
[2.168s] -- Using all available rosidl_typesupport_cpp: rosidl_typesupport_fastrtps_cpp;rosidl_typesupport_introspection_cpp
[2.338s] -- Found rmw_implementation_cmake: 6.1.2 (/opt/ros/humble/share/rmw_implementation_cmake/cmake)
[2.343s] -- Found rmw_fastrtps_cpp: 6.2.6 (/opt/ros/humble/share/rmw_fastrtps_cpp/cmake)
[2.721s] -- Found OpenSSL: /usr/lib/x86_64-linux-gnu/libcrypto.so (found version "3.0.2")  
[2.806s] -- Found FastRTPS: /opt/ros/humble/include  
[2.990s] -- Using RMW implementation 'rmw_fastrtps_cpp' as default
[3.016s] -- Looking for pthread.h
[3.392s] -- Looking for pthread.h - found
[3.392s] -- Performing Test CMAKE_HAVE_LIBC_PTHREAD
[3.780s] -- Performing Test CMAKE_HAVE_LIBC_PTHREAD - Success
[3.780s] -- Found Threads: TRUE  
[4.228s] -- Found rclcpp_action: 16.0.9 (/opt/ros/humble/share/rclcpp_action/cmake)
[4.625s] -- Found behaviortree_cpp: 4.6.2 (/opt/ros/humble/share/behaviortree_cpp/cmake)
[4.629s] -- Found btcpp_ros2_interfaces: 0.2.0 (/ros2_ws/install/btcpp_ros2_interfaces/share/btcpp_ros2_interfaces/cmake)
[4.807s] -- Found generate_parameter_library: 0.4.0 (/opt/ros/humble/share/generate_parameter_library/cmake)
[4.822s] -- Found parameter_traits: 0.4.0 (/opt/ros/humble/share/parameter_traits/cmake)
[4.867s] -- Found rclcpp_lifecycle: 16.0.9 (/opt/ros/humble/share/rclcpp_lifecycle/cmake)
[5.053s] -- Configuring done
[5.097s] -- Generating done
[5.112s] -- Build files have been written to: /ros2_ws/build/behaviortree_ros2
[5.147s] Invoked command in '/ros2_ws/build/behaviortree_ros2' returned '0': AMENT_PREFIX_PATH=/ros2_ws/install/btcpp_ros2_interfaces:${AMENT_PREFIX_PATH} CMAKE_PREFIX_PATH=/ros2_ws/install/btcpp_ros2_interfaces:/opt/ros/humble LD_LIBRARY_PATH=/ros2_ws/install/btcpp_ros2_interfaces/lib:${LD_LIBRARY_PATH} PYTHONPATH=/ros2_ws/install/btcpp_ros2_interfaces/local/lib/python3.10/dist-packages:${PYTHONPATH} /usr/bin/cmake /ros2_ws/src/behaviortree_ros2/behaviortree_ros2 -DCMAKE_BUILD_TYPE=Release -DBUILD_TESTING=OFF -DAMENT_CMAKE_SYMLINK_INSTALL=1 -DCMAKE_INSTALL_PREFIX=/ros2_ws/install/behaviortree_ros2
[5.148s] Invoking command in '/ros2_ws/build/behaviortree_ros2': AMENT_PREFIX_PATH=/ros2_ws/install/btcpp_ros2_interfaces:${AMENT_PREFIX_PATH} CMAKE_PREFIX_PATH=/ros2_ws/install/btcpp_ros2_interfaces:/opt/ros/humble LD_LIBRARY_PATH=/ros2_ws/install/btcpp_ros2_interfaces/lib:${LD_LIBRARY_PATH} PYTHONPATH=/ros2_ws/install/btcpp_ros2_interfaces/local/lib/python3.10/dist-packages:${PYTHONPATH} /usr/bin/cmake --build /ros2_ws/build/behaviortree_ros2 -- -j4 -l4
[5.266s] [ 16%] Running `/opt/ros/humble/bin/generate_parameter_library_cpp /ros2_ws/build/behaviortree_ros2/include/behaviortree_ros2/bt_executor_parameters.hpp /ros2_ws/src/behaviortree_ros2/behaviortree_ros2/src/bt_executor_parameters.yaml `
[5.682s] [ 33%] Creating deprecated header file /ros2_ws/build/behaviortree_ros2/include/bt_executor_parameters.hpp
[5.804s] [ 33%] Built target bt_executor_parameters
[5.834s] [ 50%] Building CXX object CMakeFiles/behaviortree_ros2.dir/src/bt_ros2.cpp.o
[5.857s] [ 66%] Building CXX object CMakeFiles/behaviortree_ros2.dir/src/bt_utils.cpp.o
[6.814s] In file included from /ros2_ws/src/behaviortree_ros2/behaviortree_ros2/include/behaviortree_ros2/bt_utils.hpp:19,
[6.814s]                  from /ros2_ws/src/behaviortree_ros2/behaviortree_ros2/src/bt_utils.cpp:14:
[6.814s] /ros2_ws/build/behaviortree_ros2/include/bt_executor_parameters.hpp:1:142: note: ‘#pragma message: #include "bt_executor_parameters.hpp" is deprecated. Use #include <behaviortree_ros2/bt_executor_parameters.hpp> instead.’
[6.814s]     1 | #pragma message("#include \"bt_executor_parameters.hpp\" is deprecated. Use #include <behaviortree_ros2/bt_executor_parameters.hpp> instead.")
[6.814s]       |                                                                                                                                              ^
[15.965s] [ 83%] Building CXX object CMakeFiles/behaviortree_ros2.dir/src/tree_execution_server.cpp.o
[20.064s] In file included from /ros2_ws/src/behaviortree_ros2/behaviortree_ros2/include/behaviortree_ros2/bt_utils.hpp:19,
[20.064s]                  from /ros2_ws/src/behaviortree_ros2/behaviortree_ros2/src/tree_execution_server.cpp:17:
[20.065s] /ros2_ws/build/behaviortree_ros2/include/bt_executor_parameters.hpp:1:142: note: ‘#pragma message: #include "bt_executor_parameters.hpp" is deprecated. Use #include <behaviortree_ros2/bt_executor_parameters.hpp> instead.’
[20.065s]     1 | #pragma message("#include \"bt_executor_parameters.hpp\" is deprecated. Use #include <behaviortree_ros2/bt_executor_parameters.hpp> instead.")
[20.065s]       |                                                                                                                                              ^
[27.929s] [100%] Linking CXX static library libbehaviortree_ros2.a
[28.047s] [100%] Built target behaviortree_ros2
[28.063s] Invoked command in '/ros2_ws/build/behaviortree_ros2' returned '0': AMENT_PREFIX_PATH=/ros2_ws/install/btcpp_ros2_interfaces:${AMENT_PREFIX_PATH} CMAKE_PREFIX_PATH=/ros2_ws/install/btcpp_ros2_interfaces:/opt/ros/humble LD_LIBRARY_PATH=/ros2_ws/install/btcpp_ros2_interfaces/lib:${LD_LIBRARY_PATH} PYTHONPATH=/ros2_ws/install/btcpp_ros2_interfaces/local/lib/python3.10/dist-packages:${PYTHONPATH} /usr/bin/cmake --build /ros2_ws/build/behaviortree_ros2 -- -j4 -l4
[28.064s] Invoking command in '/ros2_ws/build/behaviortree_ros2': AMENT_PREFIX_PATH=/ros2_ws/install/btcpp_ros2_interfaces:${AMENT_PREFIX_PATH} CMAKE_PREFIX_PATH=/ros2_ws/install/btcpp_ros2_interfaces:/opt/ros/humble LD_LIBRARY_PATH=/ros2_ws/install/btcpp_ros2_interfaces/lib:${LD_LIBRARY_PATH} PYTHONPATH=/ros2_ws/install/btcpp_ros2_interfaces/local/lib/python3.10/dist-packages:${PYTHONPATH} /usr/bin/cmake --install /ros2_ws/build/behaviortree_ros2
[28.077s] -- Install configuration: "Release"
[28.077s] -- Execute custom install script
[28.077s] -- Symlinking: /ros2_ws/install/behaviortree_ros2/include/behaviortree_ros2/bt_executor_parameters.hpp
[28.092s] -- Symlinking: /ros2_ws/install/behaviortree_ros2/include//behaviortree_ros2/bt_action_node.hpp
[28.105s] -- Symlinking: /ros2_ws/install/behaviortree_ros2/include//behaviortree_ros2/bt_service_node.hpp
[28.119s] -- Symlinking: /ros2_ws/install/behaviortree_ros2/include//behaviortree_ros2/bt_topic_pub_node.hpp
[28.132s] -- Symlinking: /ros2_ws/install/behaviortree_ros2/include//behaviortree_ros2/bt_topic_sub_node.hpp
[28.145s] -- Symlinking: /ros2_ws/install/behaviortree_ros2/include//behaviortree_ros2/bt_utils.hpp
[28.158s] -- Symlinking: /ros2_ws/install/behaviortree_ros2/include//behaviortree_ros2/plugins.hpp
[28.171s] -- Symlinking: /ros2_ws/install/behaviortree_ros2/include//behaviortree_ros2/ros_node_params.hpp
[28.185s] -- Symlinking: /ros2_ws/install/behaviortree_ros2/include//behaviortree_ros2/tree_execution_server.hpp
[28.198s] -- Symlinking: /ros2_ws/install/behaviortree_ros2/share/behaviortree_ros2/environment/library_path.sh
[28.212s] -- Symlinking: /ros2_ws/install/behaviortree_ros2/share/behaviortree_ros2/environment/library_path.dsv
[28.225s] -- Symlinking: /ros2_ws/install/behaviortree_ros2/share/ament_index/resource_index/package_run_dependencies/behaviortree_ros2
[28.238s] -- Symlinking: /ros2_ws/install/behaviortree_ros2/share/ament_index/resource_index/parent_prefix_path/behaviortree_ros2
[28.252s] -- Symlinking: /ros2_ws/install/behaviortree_ros2/share/behaviortree_ros2/environment/ament_prefix_path.sh
[28.265s] -- Symlinking: /ros2_ws/install/behaviortree_ros2/share/behaviortree_ros2/environment/ament_prefix_path.dsv
[28.278s] -- Symlinking: /ros2_ws/install/behaviortree_ros2/share/behaviortree_ros2/environment/path.sh
[28.291s] -- Symlinking: /ros2_ws/install/behaviortree_ros2/share/behaviortree_ros2/environment/path.dsv
[28.304s] -- Symlinking: /ros2_ws/install/behaviortree_ros2/share/behaviortree_ros2/local_setup.bash
[28.317s] -- Symlinking: /ros2_ws/install/behaviortree_ros2/share/behaviortree_ros2/local_setup.sh
[28.331s] -- Symlinking: /ros2_ws/install/behaviortree_ros2/share/behaviortree_ros2/local_setup.zsh
[28.344s] -- Symlinking: /ros2_ws/install/behaviortree_ros2/share/behaviortree_ros2/local_setup.dsv
[28.356s] -- Symlinking: /ros2_ws/install/behaviortree_ros2/share/behaviortree_ros2/package.dsv
[28.370s] -- Symlinking: /ros2_ws/install/behaviortree_ros2/share/ament_index/resource_index/packages/behaviortree_ros2
[28.383s] -- Symlinking: /ros2_ws/install/behaviortree_ros2/share/behaviortree_ros2/cmake/ament_cmake_export_dependencies-extras.cmake
[28.398s] -- Symlinking: /ros2_ws/install/behaviortree_ros2/share/behaviortree_ros2/cmake/ament_cmake_export_targets-extras.cmake
[28.412s] -- Symlinking: /ros2_ws/install/behaviortree_ros2/share/behaviortree_ros2/cmake/ament_cmake_export_include_directories-extras.cmake
[28.426s] -- Symlinking: /ros2_ws/install/behaviortree_ros2/share/behaviortree_ros2/cmake/ament_cmake_export_libraries-extras.cmake
[28.439s] -- Symlinking: /ros2_ws/install/behaviortree_ros2/share/behaviortree_ros2/cmake/behaviortree_ros2Config.cmake
[28.452s] -- Symlinking: /ros2_ws/install/behaviortree_ros2/share/behaviortree_ros2/cmake/behaviortree_ros2Config-version.cmake
[28.466s] -- Symlinking: /ros2_ws/install/behaviortree_ros2/share/behaviortree_ros2/package.xml
[28.492s] -- Installing: /ros2_ws/install/behaviortree_ros2/lib/libbehaviortree_ros2.a
[28.492s] -- Installing: /ros2_ws/install/behaviortree_ros2/share/behaviortree_ros2/cmake/behaviortree_ros2TargetsExport.cmake
[28.492s] -- Installing: /ros2_ws/install/behaviortree_ros2/share/behaviortree_ros2/cmake/behaviortree_ros2TargetsExport-release.cmake
[28.493s] Invoked command in '/ros2_ws/build/behaviortree_ros2' returned '0': AMENT_PREFIX_PATH=/ros2_ws/install/btcpp_ros2_interfaces:${AMENT_PREFIX_PATH} CMAKE_PREFIX_PATH=/ros2_ws/install/btcpp_ros2_interfaces:/opt/ros/humble LD_LIBRARY_PATH=/ros2_ws/install/btcpp_ros2_interfaces/lib:${LD_LIBRARY_PATH} PYTHONPATH=/ros2_ws/install/btcpp_ros2_interfaces/local/lib/python3.10/dist-packages:${PYTHONPATH} /usr/bin/cmake --install /ros2_ws/build/behaviortree_ros2
